-- Found ament_cmake: 1.3.3 (/opt/ros/humble/share/ament_cmake/cmake)
-- Override CMake install command with custom implementation using symlinks instead of copying resources
-- Found rclpy: 3.3.5 (/opt/ros/humble/share/rclpy/cmake)
-- Found gazebo_ros: 3.7.0 (/opt/ros/humble/share/gazebo_ros/cmake)
-- Found rosidl_generator_c: 3.1.4 (/opt/ros/humble/share/rosidl_generator_c/cmake)
-- Found rosidl_adapter: 3.1.4 (/opt/ros/humble/share/rosidl_adapter/cmake)
-- Found rosidl_generator_cpp: 3.1.4 (/opt/ros/humble/share/rosidl_generator_cpp/cmake)
-- Using all available rosidl_typesupport_c: rosidl_typesupport_fastrtps_c;rosidl_typesupport_introspection_c
-- Using all available rosidl_typesupport_cpp: rosidl_typesupport_fastrtps_cpp;rosidl_typesupport_introspection_cpp
-- Found rmw_implementation_cmake: 6.1.1 (/opt/ros/humble/share/rmw_implementation_cmake/cmake)
-- Found rmw_fastrtps_cpp: 6.2.2 (/opt/ros/humble/share/rmw_fastrtps_cpp/cmake)
-- Using RMW implementation 'rmw_fastrtps_cpp' as default
-- Found DART: /usr/include (Required is at least version "6.6") found components: dart 
-- Found Protobuf: /usr/lib/x86_64-linux-gnu/libprotobuf.so (found version "3.12.4") 
-- Looking for ignition-math6 -- found version 6.13.0
-- Searching for dependencies of ignition-math6
-- Looking for OGRE...
-- Found Ogre Ghadamon (1.9.0)
-- Found OGRE: optimized;/usr/lib/x86_64-linux-gnu/libOgreMain.so;debug;/usr/lib/x86_64-linux-gnu/libOgreMain.so
-- Looking for OGRE_Paging...
-- Found OGRE_Paging: optimized;/usr/lib/x86_64-linux-gnu/libOgrePaging.so;debug;/usr/lib/x86_64-linux-gnu/libOgrePaging.so
-- Looking for OGRE_Terrain...
-- Found OGRE_Terrain: optimized;/usr/lib/x86_64-linux-gnu/libOgreTerrain.so;debug;/usr/lib/x86_64-linux-gnu/libOgreTerrain.so
-- Looking for OGRE_Property...
-- Found OGRE_Property: optimized;/usr/lib/x86_64-linux-gnu/libOgreProperty.so;debug;/usr/lib/x86_64-linux-gnu/libOgreProperty.so
-- Looking for OGRE_RTShaderSystem...
-- Found OGRE_RTShaderSystem: optimized;/usr/lib/x86_64-linux-gnu/libOgreRTShaderSystem.so;debug;/usr/lib/x86_64-linux-gnu/libOgreRTShaderSystem.so
-- Looking for OGRE_Volume...
-- Found OGRE_Volume: optimized;/usr/lib/x86_64-linux-gnu/libOgreVolume.so;debug;/usr/lib/x86_64-linux-gnu/libOgreVolume.so
-- Looking for OGRE_Overlay...
-- Found OGRE_Overlay: optimized;/usr/lib/x86_64-linux-gnu/libOgreOverlay.so;debug;/usr/lib/x86_64-linux-gnu/libOgreOverlay.so
-- Looking for ignition-math6 -- found version 6.13.0
-- Looking for ignition-transport8 -- found version 8.2.1
-- Searching for dependencies of ignition-transport8
-- Found Protobuf: /usr/lib/x86_64-linux-gnu/libprotobuf.so (found suitable version "3.12.4", minimum required is "3") 
-- Config-file not installed for ZeroMQ -- checking for pkg-config
-- Checking for module 'libzmq >= 4'
--   Found libzmq , version 4.3.4
-- Checking for module 'uuid'
--   Found uuid, version 2.37.2
-- Looking for ignition-msgs5 -- found version 5.8.1
-- Searching for dependencies of ignition-msgs5
-- Looking for ignition-math6 -- found version 6.13.0
-- Checking for module 'tinyxml2'
--   Found tinyxml2, version 9.0.0
-- Looking for ignition-msgs5 -- found version 5.8.1
-- Looking for ignition-common3 -- found version 3.14.0
-- Searching for dependencies of ignition-common3
-- Looking for dlfcn.h - found
-- Looking for libdl - found
-- Searching for <ignition-common3> component [graphics]
-- Looking for ignition-common3-graphics -- found version 3.14.0
-- Searching for dependencies of ignition-common3-graphics
-- Looking for ignition-math6 -- found version 6.13.0
-- Looking for ignition-fuel_tools4 -- found version 4.4.0
-- Searching for dependencies of ignition-fuel_tools4
-- Checking for module 'jsoncpp'
--   Found jsoncpp, version 1.9.5
-- Checking for module 'libzip'
--   Found libzip, version 1.7.3
-- Looking for ignition-common3 -- found version 3.14.0
-- Looking for ignition-math6 -- found version 6.13.0
-- Looking for ignition-msgs5 -- found version 5.8.1
-- Gazebo version: 11.10
-- Found autobot_description: 0.0.0 (/home/jaden/autobot/install/autobot_description/share/autobot_description/cmake)
-- Found sensor_msgs: 4.2.2 (/opt/ros/humble/share/sensor_msgs/cmake)
-- Found tf2: 0.25.1 (/opt/ros/humble/share/tf2/cmake)
-- Found tf2_ros: 0.25.1 (/opt/ros/humble/share/tf2_ros/cmake)
-- Found ament_lint_auto: 0.12.4 (/opt/ros/humble/share/ament_lint_auto/cmake)
-- Added test 'cppcheck' to perform static code analysis on C / C++ code
-- Configured cppcheck include dirs: 
-- Configured cppcheck exclude dirs and/or files: 
-- Added test 'flake8' to check Python code syntax and style conventions
-- Added test 'lint_cmake' to check CMake code style
-- Added test 'pep257' to check Python code against some of the docstring style conventions in PEP 257
-- Added test 'uncrustify' to check C / C++ code style
-- Configured uncrustify additional arguments: 
-- Added test 'xmllint' to check XML markup files
-- Configuring done
-- Generating done
-- Build files have been written to: /home/jaden/autobot/autobot/build/autobot_gazebo
[ 50%] [32mBuilding CXX object CMakeFiles/encoder_information.dir/src/encoder.cpp.o[0m
[100%] [32m[1mLinking CXX executable encoder_information[0m
[100%] Built target encoder_information
-- Install configuration: ""
-- Execute custom install script
-- Symlinking: /home/jaden/autobot/autobot/install/autobot_gazebo/share/autobot_gazebo//launch/__pycache__/start_world.launch.cpython-310.pyc
-- Symlinking: /home/jaden/autobot/autobot/install/autobot_gazebo/share/autobot_gazebo//launch/spawn_autobot_ros2.launch.xml
-- Symlinking: /home/jaden/autobot/autobot/install/autobot_gazebo/share/autobot_gazebo//launch/spawn_robot_description.launch.py
-- Symlinking: /home/jaden/autobot/autobot/install/autobot_gazebo/share/autobot_gazebo//launch/start_world.launch.py
-- Symlinking: /home/jaden/autobot/autobot/install/autobot_gazebo/share/autobot_gazebo//worlds/autobot_empty.world
-- Symlinking: /home/jaden/autobot/autobot/install/autobot_gazebo/share/autobot_gazebo//meshes/base_link.STL
-- Symlinking: /home/jaden/autobot/autobot/install/autobot_gazebo/share/autobot_gazebo//meshes/base_link.dae
-- Symlinking: /home/jaden/autobot/autobot/install/autobot_gazebo/share/autobot_gazebo//meshes/caster_link.dae
-- Symlinking: /home/jaden/autobot/autobot/install/autobot_gazebo/share/autobot_gazebo//meshes/left_back_link.STL
-- Symlinking: /home/jaden/autobot/autobot/install/autobot_gazebo/share/autobot_gazebo//meshes/left_front_link.STL
-- Symlinking: /home/jaden/autobot/autobot/install/autobot_gazebo/share/autobot_gazebo//meshes/left_link.dae
-- Symlinking: /home/jaden/autobot/autobot/install/autobot_gazebo/share/autobot_gazebo//meshes/lidar_link.STL
-- Symlinking: /home/jaden/autobot/autobot/install/autobot_gazebo/share/autobot_gazebo//meshes/lidar_link.dae
-- Symlinking: /home/jaden/autobot/autobot/install/autobot_gazebo/share/autobot_gazebo//meshes/right_back_link.STL
-- Symlinking: /home/jaden/autobot/autobot/install/autobot_gazebo/share/autobot_gazebo//meshes/right_front_link.STL
-- Symlinking: /home/jaden/autobot/autobot/install/autobot_gazebo/share/autobot_gazebo//meshes/right_link.dae
-- Symlinking: /home/jaden/autobot/autobot/install/autobot_gazebo/lib/autobot_gazebo/encoder_information
-- Symlinking: /home/jaden/autobot/autobot/install/autobot_gazebo/share/ament_index/resource_index/package_run_dependencies/autobot_gazebo
-- Symlinking: /home/jaden/autobot/autobot/install/autobot_gazebo/share/ament_index/resource_index/parent_prefix_path/autobot_gazebo
-- Symlinking: /home/jaden/autobot/autobot/install/autobot_gazebo/share/autobot_gazebo/environment/ament_prefix_path.sh
-- Symlinking: /home/jaden/autobot/autobot/install/autobot_gazebo/share/autobot_gazebo/environment/ament_prefix_path.dsv
-- Symlinking: /home/jaden/autobot/autobot/install/autobot_gazebo/share/autobot_gazebo/environment/path.sh
-- Symlinking: /home/jaden/autobot/autobot/install/autobot_gazebo/share/autobot_gazebo/environment/path.dsv
-- Symlinking: /home/jaden/autobot/autobot/install/autobot_gazebo/share/autobot_gazebo/local_setup.bash
-- Symlinking: /home/jaden/autobot/autobot/install/autobot_gazebo/share/autobot_gazebo/local_setup.sh
-- Symlinking: /home/jaden/autobot/autobot/install/autobot_gazebo/share/autobot_gazebo/local_setup.zsh
-- Symlinking: /home/jaden/autobot/autobot/install/autobot_gazebo/share/autobot_gazebo/local_setup.dsv
-- Symlinking: /home/jaden/autobot/autobot/install/autobot_gazebo/share/autobot_gazebo/package.dsv
-- Symlinking: /home/jaden/autobot/autobot/install/autobot_gazebo/share/ament_index/resource_index/packages/autobot_gazebo
-- Symlinking: /home/jaden/autobot/autobot/install/autobot_gazebo/share/autobot_gazebo/cmake/autobot_gazeboConfig.cmake
-- Symlinking: /home/jaden/autobot/autobot/install/autobot_gazebo/share/autobot_gazebo/cmake/autobot_gazeboConfig-version.cmake
-- Symlinking: /home/jaden/autobot/autobot/install/autobot_gazebo/share/autobot_gazebo/package.xml
