[0.011s] Invoking command in '/home/jaden/autobot/autobot/build/autobot_gazebo': AMENT_PREFIX_PATH=/home/jaden/autobot/autobot/install/autobot_description:${AMENT_PREFIX_PATH} CMAKE_PREFIX_PATH=/home/jaden/autobot/autobot/install/autobot_description:/home/jaden/autobot/install/autobot_gazebo:/home/jaden/autobot/install/autobot_description:/home/jaden/ROS2_TWO_WHEELED_ROBOT/install/dolly:/home/jaden/ROS2_TWO_WHEELED_ROBOT/install/dolly_gazebo:/home/jaden/ROS2_TWO_WHEELED_ROBOT/install/dolly_follow:/home/jaden/ROS2_TWO_WHEELED_ROBOT/install/dolly_drive:/opt/ros/humble /usr/bin/cmake --build /home/jaden/autobot/autobot/build/autobot_gazebo -- -j12 -l12
[0.049s] -- Found ament_cmake: 1.3.3 (/opt/ros/humble/share/ament_cmake/cmake)
[0.181s] -- Override CMake install command with custom implementation using symlinks instead of copying resources
[0.191s] -- Found rclpy: 3.3.5 (/opt/ros/humble/share/rclpy/cmake)
[0.191s] -- Found gazebo_ros: 3.7.0 (/opt/ros/humble/share/gazebo_ros/cmake)
[0.230s] -- Found rosidl_generator_c: 3.1.4 (/opt/ros/humble/share/rosidl_generator_c/cmake)
[0.233s] -- Found rosidl_adapter: 3.1.4 (/opt/ros/humble/share/rosidl_adapter/cmake)
[0.240s] -- Found rosidl_generator_cpp: 3.1.4 (/opt/ros/humble/share/rosidl_generator_cpp/cmake)
[0.253s] -- Using all available rosidl_typesupport_c: rosidl_typesupport_fastrtps_c;rosidl_typesupport_introspection_c
[0.271s] -- Using all available rosidl_typesupport_cpp: rosidl_typesupport_fastrtps_cpp;rosidl_typesupport_introspection_cpp
[0.342s] -- Found rmw_implementation_cmake: 6.1.1 (/opt/ros/humble/share/rmw_implementation_cmake/cmake)
[0.343s] -- Found rmw_fastrtps_cpp: 6.2.2 (/opt/ros/humble/share/rmw_fastrtps_cpp/cmake)
[0.478s] -- Using RMW implementation 'rmw_fastrtps_cpp' as default
[0.694s] -- Found DART: /usr/include (Required is at least version "6.6") found components: dart 
[0.722s] -- Found Protobuf: /usr/lib/x86_64-linux-gnu/libprotobuf.so (found version "3.12.4") 
[0.724s] -- Looking for ignition-math6 -- found version 6.13.0
[0.729s] -- Searching for dependencies of ignition-math6
[0.731s] -- Looking for OGRE...
[0.738s] -- Found Ogre Ghadamon (1.9.0)
[0.738s] -- Found OGRE: optimized;/usr/lib/x86_64-linux-gnu/libOgreMain.so;debug;/usr/lib/x86_64-linux-gnu/libOgreMain.so
[0.751s] -- Looking for OGRE_Paging...
[0.751s] -- Found OGRE_Paging: optimized;/usr/lib/x86_64-linux-gnu/libOgrePaging.so;debug;/usr/lib/x86_64-linux-gnu/libOgrePaging.so
[0.751s] -- Looking for OGRE_Terrain...
[0.751s] -- Found OGRE_Terrain: optimized;/usr/lib/x86_64-linux-gnu/libOgreTerrain.so;debug;/usr/lib/x86_64-linux-gnu/libOgreTerrain.so
[0.751s] -- Looking for OGRE_Property...
[0.751s] -- Found OGRE_Property: optimized;/usr/lib/x86_64-linux-gnu/libOgreProperty.so;debug;/usr/lib/x86_64-linux-gnu/libOgreProperty.so
[0.751s] -- Looking for OGRE_RTShaderSystem...
[0.752s] -- Found OGRE_RTShaderSystem: optimized;/usr/lib/x86_64-linux-gnu/libOgreRTShaderSystem.so;debug;/usr/lib/x86_64-linux-gnu/libOgreRTShaderSystem.so
[0.752s] -- Looking for OGRE_Volume...
[0.752s] -- Found OGRE_Volume: optimized;/usr/lib/x86_64-linux-gnu/libOgreVolume.so;debug;/usr/lib/x86_64-linux-gnu/libOgreVolume.so
[0.752s] -- Looking for OGRE_Overlay...
[0.752s] -- Found OGRE_Overlay: optimized;/usr/lib/x86_64-linux-gnu/libOgreOverlay.so;debug;/usr/lib/x86_64-linux-gnu/libOgreOverlay.so
[0.874s] -- Looking for ignition-math6 -- found version 6.13.0
[0.875s] -- Looking for ignition-transport8 -- found version 8.2.1
[0.875s] -- Searching for dependencies of ignition-transport8
[0.892s] -- Found Protobuf: /usr/lib/x86_64-linux-gnu/libprotobuf.so (found suitable version "3.12.4", minimum required is "3") 
[0.903s] -- Config-file not installed for ZeroMQ -- checking for pkg-config
[0.909s] -- Checking for module 'libzmq >= 4'
[0.921s] --   Found libzmq , version 4.3.4
[0.955s] -- Checking for module 'uuid'
[0.965s] --   Found uuid, version 2.37.2
[0.990s] -- Looking for ignition-msgs5 -- found version 5.8.1
[0.990s] -- Searching for dependencies of ignition-msgs5
[1.009s] -- Looking for ignition-math6 -- found version 6.13.0
[1.015s] -- Checking for module 'tinyxml2'
[1.027s] --   Found tinyxml2, version 9.0.0
[1.052s] -- Looking for ignition-msgs5 -- found version 5.8.1
[1.052s] -- Looking for ignition-common3 -- found version 3.14.0
[1.053s] -- Searching for dependencies of ignition-common3
[1.053s] -- Looking for dlfcn.h - found
[1.053s] -- Looking for libdl - found
[1.063s] -- Searching for <ignition-common3> component [graphics]
[1.064s] -- Looking for ignition-common3-graphics -- found version 3.14.0
[1.064s] -- Searching for dependencies of ignition-common3-graphics
[1.064s] -- Looking for ignition-math6 -- found version 6.13.0
[1.065s] -- Looking for ignition-fuel_tools4 -- found version 4.4.0
[1.066s] -- Searching for dependencies of ignition-fuel_tools4
[1.103s] -- Checking for module 'jsoncpp'
[1.115s] --   Found jsoncpp, version 1.9.5
[1.146s] -- Checking for module 'libzip'
[1.158s] --   Found libzip, version 1.7.3
[1.183s] -- Looking for ignition-common3 -- found version 3.14.0
[1.183s] -- Looking for ignition-math6 -- found version 6.13.0
[1.184s] -- Looking for ignition-msgs5 -- found version 5.8.1
[1.185s] -- Gazebo version: 11.10
[1.199s] -- Found autobot_description: 0.0.0 (/home/jaden/autobot/install/autobot_description/share/autobot_description/cmake)
[1.200s] -- Found sensor_msgs: 4.2.2 (/opt/ros/humble/share/sensor_msgs/cmake)
[1.375s] -- Found tf2: 0.25.1 (/opt/ros/humble/share/tf2/cmake)
[1.385s] -- Found tf2_ros: 0.25.1 (/opt/ros/humble/share/tf2_ros/cmake)
[1.784s] -- Found ament_lint_auto: 0.12.4 (/opt/ros/humble/share/ament_lint_auto/cmake)
[1.859s] -- Added test 'cppcheck' to perform static code analysis on C / C++ code
[1.859s] -- Configured cppcheck include dirs: 
[1.859s] -- Configured cppcheck exclude dirs and/or files: 
[1.860s] -- Added test 'flake8' to check Python code syntax and style conventions
[1.860s] -- Added test 'lint_cmake' to check CMake code style
[1.861s] -- Added test 'pep257' to check Python code against some of the docstring style conventions in PEP 257
[1.862s] -- Added test 'uncrustify' to check C / C++ code style
[1.862s] -- Configured uncrustify additional arguments: 
[1.863s] -- Added test 'xmllint' to check XML markup files
[1.865s] -- Configuring done
[1.880s] -- Generating done
[1.883s] -- Build files have been written to: /home/jaden/autobot/autobot/build/autobot_gazebo
[1.931s] [ 50%] [32mBuilding CXX object CMakeFiles/encoder_information.dir/src/encoder.cpp.o[0m
[9.777s] [100%] [32m[1mLinking CXX executable encoder_information[0m
[10.232s] [100%] Built target encoder_information
[10.254s] Invoked command in '/home/jaden/autobot/autobot/build/autobot_gazebo' returned '0': AMENT_PREFIX_PATH=/home/jaden/autobot/autobot/install/autobot_description:${AMENT_PREFIX_PATH} CMAKE_PREFIX_PATH=/home/jaden/autobot/autobot/install/autobot_description:/home/jaden/autobot/install/autobot_gazebo:/home/jaden/autobot/install/autobot_description:/home/jaden/ROS2_TWO_WHEELED_ROBOT/install/dolly:/home/jaden/ROS2_TWO_WHEELED_ROBOT/install/dolly_gazebo:/home/jaden/ROS2_TWO_WHEELED_ROBOT/install/dolly_follow:/home/jaden/ROS2_TWO_WHEELED_ROBOT/install/dolly_drive:/opt/ros/humble /usr/bin/cmake --build /home/jaden/autobot/autobot/build/autobot_gazebo -- -j12 -l12
[10.277s] Invoking command in '/home/jaden/autobot/autobot/build/autobot_gazebo': AMENT_PREFIX_PATH=/home/jaden/autobot/autobot/install/autobot_description:${AMENT_PREFIX_PATH} CMAKE_PREFIX_PATH=/home/jaden/autobot/autobot/install/autobot_description:/home/jaden/autobot/install/autobot_gazebo:/home/jaden/autobot/install/autobot_description:/home/jaden/ROS2_TWO_WHEELED_ROBOT/install/dolly:/home/jaden/ROS2_TWO_WHEELED_ROBOT/install/dolly_gazebo:/home/jaden/ROS2_TWO_WHEELED_ROBOT/install/dolly_follow:/home/jaden/ROS2_TWO_WHEELED_ROBOT/install/dolly_drive:/opt/ros/humble /usr/bin/cmake --install /home/jaden/autobot/autobot/build/autobot_gazebo
[10.283s] -- Install configuration: ""
[10.284s] -- Execute custom install script
[10.284s] -- Symlinking: /home/jaden/autobot/autobot/install/autobot_gazebo/share/autobot_gazebo//launch/__pycache__/start_world.launch.cpython-310.pyc
[10.291s] -- Symlinking: /home/jaden/autobot/autobot/install/autobot_gazebo/share/autobot_gazebo//launch/spawn_autobot_ros2.launch.xml
[10.298s] -- Symlinking: /home/jaden/autobot/autobot/install/autobot_gazebo/share/autobot_gazebo//launch/spawn_robot_description.launch.py
[10.305s] -- Symlinking: /home/jaden/autobot/autobot/install/autobot_gazebo/share/autobot_gazebo//launch/start_world.launch.py
[10.312s] -- Symlinking: /home/jaden/autobot/autobot/install/autobot_gazebo/share/autobot_gazebo//worlds/autobot_empty.world
[10.319s] -- Symlinking: /home/jaden/autobot/autobot/install/autobot_gazebo/share/autobot_gazebo//meshes/base_link.STL
[10.326s] -- Symlinking: /home/jaden/autobot/autobot/install/autobot_gazebo/share/autobot_gazebo//meshes/base_link.dae
[10.333s] -- Symlinking: /home/jaden/autobot/autobot/install/autobot_gazebo/share/autobot_gazebo//meshes/caster_link.dae
[10.344s] -- Symlinking: /home/jaden/autobot/autobot/install/autobot_gazebo/share/autobot_gazebo//meshes/left_back_link.STL
[10.353s] -- Symlinking: /home/jaden/autobot/autobot/install/autobot_gazebo/share/autobot_gazebo//meshes/left_front_link.STL
[10.361s] -- Symlinking: /home/jaden/autobot/autobot/install/autobot_gazebo/share/autobot_gazebo//meshes/left_link.dae
[10.368s] -- Symlinking: /home/jaden/autobot/autobot/install/autobot_gazebo/share/autobot_gazebo//meshes/lidar_link.STL
[10.376s] -- Symlinking: /home/jaden/autobot/autobot/install/autobot_gazebo/share/autobot_gazebo//meshes/lidar_link.dae
[10.382s] -- Symlinking: /home/jaden/autobot/autobot/install/autobot_gazebo/share/autobot_gazebo//meshes/right_back_link.STL
[10.390s] -- Symlinking: /home/jaden/autobot/autobot/install/autobot_gazebo/share/autobot_gazebo//meshes/right_front_link.STL
[10.397s] -- Symlinking: /home/jaden/autobot/autobot/install/autobot_gazebo/share/autobot_gazebo//meshes/right_link.dae
[10.403s] -- Symlinking: /home/jaden/autobot/autobot/install/autobot_gazebo/lib/autobot_gazebo/encoder_information
[10.410s] -- Symlinking: /home/jaden/autobot/autobot/install/autobot_gazebo/share/ament_index/resource_index/package_run_dependencies/autobot_gazebo
[10.416s] -- Symlinking: /home/jaden/autobot/autobot/install/autobot_gazebo/share/ament_index/resource_index/parent_prefix_path/autobot_gazebo
[10.423s] -- Symlinking: /home/jaden/autobot/autobot/install/autobot_gazebo/share/autobot_gazebo/environment/ament_prefix_path.sh
[10.429s] -- Symlinking: /home/jaden/autobot/autobot/install/autobot_gazebo/share/autobot_gazebo/environment/ament_prefix_path.dsv
[10.442s] -- Symlinking: /home/jaden/autobot/autobot/install/autobot_gazebo/share/autobot_gazebo/environment/path.sh
[10.451s] -- Symlinking: /home/jaden/autobot/autobot/install/autobot_gazebo/share/autobot_gazebo/environment/path.dsv
[10.458s] -- Symlinking: /home/jaden/autobot/autobot/install/autobot_gazebo/share/autobot_gazebo/local_setup.bash
[10.465s] -- Symlinking: /home/jaden/autobot/autobot/install/autobot_gazebo/share/autobot_gazebo/local_setup.sh
[10.473s] -- Symlinking: /home/jaden/autobot/autobot/install/autobot_gazebo/share/autobot_gazebo/local_setup.zsh
[10.480s] -- Symlinking: /home/jaden/autobot/autobot/install/autobot_gazebo/share/autobot_gazebo/local_setup.dsv
[10.487s] -- Symlinking: /home/jaden/autobot/autobot/install/autobot_gazebo/share/autobot_gazebo/package.dsv
[10.494s] -- Symlinking: /home/jaden/autobot/autobot/install/autobot_gazebo/share/ament_index/resource_index/packages/autobot_gazebo
[10.501s] -- Symlinking: /home/jaden/autobot/autobot/install/autobot_gazebo/share/autobot_gazebo/cmake/autobot_gazeboConfig.cmake
[10.508s] -- Symlinking: /home/jaden/autobot/autobot/install/autobot_gazebo/share/autobot_gazebo/cmake/autobot_gazeboConfig-version.cmake
[10.515s] -- Symlinking: /home/jaden/autobot/autobot/install/autobot_gazebo/share/autobot_gazebo/package.xml
[10.526s] Invoked command in '/home/jaden/autobot/autobot/build/autobot_gazebo' returned '0': AMENT_PREFIX_PATH=/home/jaden/autobot/autobot/install/autobot_description:${AMENT_PREFIX_PATH} CMAKE_PREFIX_PATH=/home/jaden/autobot/autobot/install/autobot_description:/home/jaden/autobot/install/autobot_gazebo:/home/jaden/autobot/install/autobot_description:/home/jaden/ROS2_TWO_WHEELED_ROBOT/install/dolly:/home/jaden/ROS2_TWO_WHEELED_ROBOT/install/dolly_gazebo:/home/jaden/ROS2_TWO_WHEELED_ROBOT/install/dolly_follow:/home/jaden/ROS2_TWO_WHEELED_ROBOT/install/dolly_drive:/opt/ros/humble /usr/bin/cmake --install /home/jaden/autobot/autobot/build/autobot_gazebo
