[0.021s] Invoking command in '/home/jaden/autobot/autobot/build/autobot_gazebo': CMAKE_PREFIX_PATH=${CMAKE_PREFIX_PATH}:/opt/ros/humble /usr/bin/cmake --build /home/jaden/autobot/autobot/build/autobot_gazebo -- -j12 -l12
[0.085s] -- Found ament_cmake: 1.3.3 (/opt/ros/humble/share/ament_cmake/cmake)
[0.238s] -- Found rclpy: 3.3.5 (/opt/ros/humble/share/rclpy/cmake)
[0.238s] -- Found gazebo_ros: 3.7.0 (/opt/ros/humble/share/gazebo_ros/cmake)
[0.286s] -- Found rosidl_generator_c: 3.1.4 (/opt/ros/humble/share/rosidl_generator_c/cmake)
[0.290s] -- Found rosidl_adapter: 3.1.4 (/opt/ros/humble/share/rosidl_adapter/cmake)
[0.300s] -- Found rosidl_generator_cpp: 3.1.4 (/opt/ros/humble/share/rosidl_generator_cpp/cmake)
[0.328s] -- Using all available rosidl_typesupport_c: rosidl_typesupport_fastrtps_c;rosidl_typesupport_introspection_c
[0.349s] -- Using all available rosidl_typesupport_cpp: rosidl_typesupport_fastrtps_cpp;rosidl_typesupport_introspection_cpp
[0.427s] -- Found rmw_implementation_cmake: 6.1.1 (/opt/ros/humble/share/rmw_implementation_cmake/cmake)
[0.429s] -- Found rmw_fastrtps_cpp: 6.2.2 (/opt/ros/humble/share/rmw_fastrtps_cpp/cmake)
[0.571s] -- Using RMW implementation 'rmw_fastrtps_cpp' as default
[0.813s] -- Found DART: /usr/include (Required is at least version "6.6") found components: dart 
[0.856s] -- Found Protobuf: /usr/lib/x86_64-linux-gnu/libprotobuf.so (found version "3.12.4") 
[0.859s] -- Looking for ignition-math6 -- found version 6.13.0
[0.866s] -- Searching for dependencies of ignition-math6
[0.868s] -- Looking for OGRE...
[0.874s] -- Found Ogre Ghadamon (1.9.0)
[0.874s] -- Found OGRE: optimized;/usr/lib/x86_64-linux-gnu/libOgreMain.so;debug;/usr/lib/x86_64-linux-gnu/libOgreMain.so
[0.883s] -- Looking for OGRE_Paging...
[0.883s] -- Found OGRE_Paging: optimized;/usr/lib/x86_64-linux-gnu/libOgrePaging.so;debug;/usr/lib/x86_64-linux-gnu/libOgrePaging.so
[0.883s] -- Looking for OGRE_Terrain...
[0.884s] -- Found OGRE_Terrain: optimized;/usr/lib/x86_64-linux-gnu/libOgreTerrain.so;debug;/usr/lib/x86_64-linux-gnu/libOgreTerrain.so
[0.884s] -- Looking for OGRE_Property...
[0.884s] -- Found OGRE_Property: optimized;/usr/lib/x86_64-linux-gnu/libOgreProperty.so;debug;/usr/lib/x86_64-linux-gnu/libOgreProperty.so
[0.884s] -- Looking for OGRE_RTShaderSystem...
[0.884s] -- Found OGRE_RTShaderSystem: optimized;/usr/lib/x86_64-linux-gnu/libOgreRTShaderSystem.so;debug;/usr/lib/x86_64-linux-gnu/libOgreRTShaderSystem.so
[0.884s] -- Looking for OGRE_Volume...
[0.885s] -- Found OGRE_Volume: optimized;/usr/lib/x86_64-linux-gnu/libOgreVolume.so;debug;/usr/lib/x86_64-linux-gnu/libOgreVolume.so
[0.885s] -- Looking for OGRE_Overlay...
[0.885s] -- Found OGRE_Overlay: optimized;/usr/lib/x86_64-linux-gnu/libOgreOverlay.so;debug;/usr/lib/x86_64-linux-gnu/libOgreOverlay.so
[0.988s] -- Looking for ignition-math6 -- found version 6.13.0
[0.989s] -- Looking for ignition-transport8 -- found version 8.2.1
[0.989s] -- Searching for dependencies of ignition-transport8
[1.010s] -- Found Protobuf: /usr/lib/x86_64-linux-gnu/libprotobuf.so (found suitable version "3.12.4", minimum required is "3") 
[1.024s] -- Config-file not installed for ZeroMQ -- checking for pkg-config
[1.029s] -- Checking for module 'libzmq >= 4'
[1.045s] --   Found libzmq , version 4.3.4
[1.077s] -- Checking for module 'uuid'
[1.086s] --   Found uuid, version 2.37.2
[1.111s] -- Looking for ignition-msgs5 -- found version 5.8.1
[1.112s] -- Searching for dependencies of ignition-msgs5
[1.131s] -- Looking for ignition-math6 -- found version 6.13.0
[1.136s] -- Checking for module 'tinyxml2'
[1.146s] --   Found tinyxml2, version 9.0.0
[1.170s] -- Looking for ignition-msgs5 -- found version 5.8.1
[1.170s] -- Looking for ignition-common3 -- found version 3.14.0
[1.171s] -- Searching for dependencies of ignition-common3
[1.171s] -- Looking for dlfcn.h - found
[1.171s] -- Looking for libdl - found
[1.182s] -- Searching for <ignition-common3> component [graphics]
[1.183s] -- Looking for ignition-common3-graphics -- found version 3.14.0
[1.183s] -- Searching for dependencies of ignition-common3-graphics
[1.184s] -- Looking for ignition-math6 -- found version 6.13.0
[1.185s] -- Looking for ignition-fuel_tools4 -- found version 4.4.0
[1.186s] -- Searching for dependencies of ignition-fuel_tools4
[1.226s] -- Checking for module 'jsoncpp'
[1.236s] --   Found jsoncpp, version 1.9.5
[1.265s] -- Checking for module 'libzip'
[1.275s] --   Found libzip, version 1.7.3
[1.298s] -- Looking for ignition-common3 -- found version 3.14.0
[1.298s] -- Looking for ignition-math6 -- found version 6.13.0
[1.299s] -- Looking for ignition-msgs5 -- found version 5.8.1
[1.301s] -- Gazebo version: 11.10
[1.314s] -- Found autobot_description: 0.0.0 (/home/jaden/autobot/install/autobot_description/share/autobot_description/cmake)
[1.316s] -- Found sensor_msgs: 4.2.2 (/opt/ros/humble/share/sensor_msgs/cmake)
[1.474s] -- Found ament_lint_auto: 0.12.4 (/opt/ros/humble/share/ament_lint_auto/cmake)
[1.574s] -- Added test 'cppcheck' to perform static code analysis on C / C++ code
[1.574s] -- Configured cppcheck include dirs: 
[1.574s] -- Configured cppcheck exclude dirs and/or files: 
[1.574s] -- Added test 'flake8' to check Python code syntax and style conventions
[1.575s] -- Added test 'lint_cmake' to check CMake code style
[1.575s] -- Added test 'pep257' to check Python code against some of the docstring style conventions in PEP 257
[1.577s] -- Added test 'uncrustify' to check C / C++ code style
[1.577s] -- Configured uncrustify additional arguments: 
[1.577s] -- Added test 'xmllint' to check XML markup files
[1.579s] -- Configuring done
[1.594s] -- Generating done
[1.597s] -- Build files have been written to: /home/jaden/autobot/autobot/build/autobot_gazebo
[1.638s] [ 50%] [32mBuilding CXX object CMakeFiles/encoder_information.dir/src/encoder.cpp.o[0m
[1.854s] [01m[K/home/jaden/autobot/autobot/autobot_gazebo/src/encoder.cpp:11:10:[m[K [01;31m[Kfatal error: [m[Ktf2_ros/transform_broadcaster.h: No such file or directory
[1.855s]    11 | #include [01;31m[K"tf2_ros/transform_broadcaster.h"[m[K
[1.855s]       |          [01;31m[K^~~~~~~~~~~~~~~~~~~~~~~~~~~~~~~~~[m[K
[1.855s] compilation terminated.
[1.856s] gmake[2]: *** [CMakeFiles/encoder_information.dir/build.make:76: CMakeFiles/encoder_information.dir/src/encoder.cpp.o] Error 1
[1.857s] gmake[1]: *** [CMakeFiles/Makefile2:137: CMakeFiles/encoder_information.dir/all] Error 2
[1.857s] gmake: *** [Makefile:146: all] Error 2
[1.861s] Invoked command in '/home/jaden/autobot/autobot/build/autobot_gazebo' returned '2': CMAKE_PREFIX_PATH=${CMAKE_PREFIX_PATH}:/opt/ros/humble /usr/bin/cmake --build /home/jaden/autobot/autobot/build/autobot_gazebo -- -j12 -l12
