[0.015s] Invoking command in '/home/jaden/autobot/autobot/build/autobot_gazebo': CMAKE_PREFIX_PATH=${CMAKE_PREFIX_PATH}:/opt/ros/humble /usr/bin/cmake /home/jaden/autobot/autobot/autobot_gazebo -DAMENT_CMAKE_SYMLINK_INSTALL=1 -DCMAKE_INSTALL_PREFIX=/home/jaden/autobot/autobot/install/autobot_gazebo
[0.029s] -- Found ament_cmake: 1.3.3 (/opt/ros/humble/share/ament_cmake/cmake)
[0.163s] -- Override CMake install command with custom implementation using symlinks instead of copying resources
[0.170s] -- Found rclpy: 3.3.5 (/opt/ros/humble/share/rclpy/cmake)
[0.170s] -- Found gazebo_ros: 3.7.0 (/opt/ros/humble/share/gazebo_ros/cmake)
[0.207s] -- Found rosidl_generator_c: 3.1.4 (/opt/ros/humble/share/rosidl_generator_c/cmake)
[0.211s] -- Found rosidl_adapter: 3.1.4 (/opt/ros/humble/share/rosidl_adapter/cmake)
[0.218s] -- Found rosidl_generator_cpp: 3.1.4 (/opt/ros/humble/share/rosidl_generator_cpp/cmake)
[0.232s] -- Using all available rosidl_typesupport_c: rosidl_typesupport_fastrtps_c;rosidl_typesupport_introspection_c
[0.250s] -- Using all available rosidl_typesupport_cpp: rosidl_typesupport_fastrtps_cpp;rosidl_typesupport_introspection_cpp
[0.320s] -- Found rmw_implementation_cmake: 6.1.1 (/opt/ros/humble/share/rmw_implementation_cmake/cmake)
[0.322s] -- Found rmw_fastrtps_cpp: 6.2.2 (/opt/ros/humble/share/rmw_fastrtps_cpp/cmake)
[0.454s] -- Using RMW implementation 'rmw_fastrtps_cpp' as default
[0.681s] -- Found DART: /usr/include (Required is at least version "6.6") found components: dart 
[0.711s] -- Found Protobuf: /usr/lib/x86_64-linux-gnu/libprotobuf.so (found version "3.12.4") 
[0.712s] -- Looking for ignition-math6 -- found version 6.13.0
[0.717s] -- Searching for dependencies of ignition-math6
[0.718s] -- Looking for OGRE...
[0.723s] -- Found Ogre Ghadamon (1.9.0)
[0.723s] -- Found OGRE: optimized;/usr/lib/x86_64-linux-gnu/libOgreMain.so;debug;/usr/lib/x86_64-linux-gnu/libOgreMain.so
[0.735s] -- Looking for OGRE_Paging...
[0.735s] -- Found OGRE_Paging: optimized;/usr/lib/x86_64-linux-gnu/libOgrePaging.so;debug;/usr/lib/x86_64-linux-gnu/libOgrePaging.so
[0.736s] -- Looking for OGRE_Terrain...
[0.736s] -- Found OGRE_Terrain: optimized;/usr/lib/x86_64-linux-gnu/libOgreTerrain.so;debug;/usr/lib/x86_64-linux-gnu/libOgreTerrain.so
[0.736s] -- Looking for OGRE_Property...
[0.736s] -- Found OGRE_Property: optimized;/usr/lib/x86_64-linux-gnu/libOgreProperty.so;debug;/usr/lib/x86_64-linux-gnu/libOgreProperty.so
[0.736s] -- Looking for OGRE_RTShaderSystem...
[0.736s] -- Found OGRE_RTShaderSystem: optimized;/usr/lib/x86_64-linux-gnu/libOgreRTShaderSystem.so;debug;/usr/lib/x86_64-linux-gnu/libOgreRTShaderSystem.so
[0.736s] -- Looking for OGRE_Volume...
[0.736s] -- Found OGRE_Volume: optimized;/usr/lib/x86_64-linux-gnu/libOgreVolume.so;debug;/usr/lib/x86_64-linux-gnu/libOgreVolume.so
[0.736s] -- Looking for OGRE_Overlay...
[0.736s] -- Found OGRE_Overlay: optimized;/usr/lib/x86_64-linux-gnu/libOgreOverlay.so;debug;/usr/lib/x86_64-linux-gnu/libOgreOverlay.so
[0.841s] -- Looking for ignition-math6 -- found version 6.13.0
[0.841s] -- Looking for ignition-transport8 -- found version 8.2.1
[0.842s] -- Searching for dependencies of ignition-transport8
[0.860s] -- Found Protobuf: /usr/lib/x86_64-linux-gnu/libprotobuf.so (found suitable version "3.12.4", minimum required is "3") 
[0.870s] -- Config-file not installed for ZeroMQ -- checking for pkg-config
[0.876s] -- Checking for module 'libzmq >= 4'
[0.891s] --   Found libzmq , version 4.3.4
[0.939s] -- Checking for module 'uuid'
[0.956s] --   Found uuid, version 2.37.2
[0.988s] -- Looking for ignition-msgs5 -- found version 5.8.1
[0.988s] -- Searching for dependencies of ignition-msgs5
[1.007s] -- Looking for ignition-math6 -- found version 6.13.0
[1.013s] -- Checking for module 'tinyxml2'
[1.023s] --   Found tinyxml2, version 9.0.0
[1.047s] -- Looking for ignition-msgs5 -- found version 5.8.1
[1.047s] -- Looking for ignition-common3 -- found version 3.14.0
[1.048s] -- Searching for dependencies of ignition-common3
[1.048s] -- Looking for dlfcn.h - found
[1.048s] -- Looking for libdl - found
[1.058s] -- Searching for <ignition-common3> component [graphics]
[1.059s] -- Looking for ignition-common3-graphics -- found version 3.14.0
[1.059s] -- Searching for dependencies of ignition-common3-graphics
[1.059s] -- Looking for ignition-math6 -- found version 6.13.0
[1.060s] -- Looking for ignition-fuel_tools4 -- found version 4.4.0
[1.061s] -- Searching for dependencies of ignition-fuel_tools4
[1.095s] -- Checking for module 'jsoncpp'
[1.105s] --   Found jsoncpp, version 1.9.5
[1.134s] -- Checking for module 'libzip'
[1.145s] --   Found libzip, version 1.7.3
[1.168s] -- Looking for ignition-common3 -- found version 3.14.0
[1.168s] -- Looking for ignition-math6 -- found version 6.13.0
[1.169s] -- Looking for ignition-msgs5 -- found version 5.8.1
[1.170s] -- Gazebo version: 11.10
[1.180s] -- Found autobot_description: 0.0.0 (/home/jaden/autobot/install/autobot_description/share/autobot_description/cmake)
[1.181s] -- Found sensor_msgs: 4.2.2 (/opt/ros/humble/share/sensor_msgs/cmake)
[1.324s] -- Found tf2: 0.25.1 (/opt/ros/humble/share/tf2/cmake)
[1.332s] -- Found tf2_ros: 0.25.1 (/opt/ros/humble/share/tf2_ros/cmake)
[1.683s] -- Found ament_lint_auto: 0.12.4 (/opt/ros/humble/share/ament_lint_auto/cmake)
[1.766s] [31mCMake Error at /opt/ros/humble/share/ament_cmake_target_dependencies/cmake/ament_target_dependencies.cmake:42 (message):
[1.767s]   ament_target_dependencies() the first argument must be a valid target name
[1.767s] Call Stack (most recent call first):
[1.767s]   CMakeLists.txt:27 (ament_target_dependencies)
[1.767s] 
[1.768s] [0m
[1.768s] -- Configuring incomplete, errors occurred!
[1.768s] See also "/home/jaden/autobot/autobot/build/autobot_gazebo/CMakeFiles/CMakeOutput.log".
[1.775s] Invoked command in '/home/jaden/autobot/autobot/build/autobot_gazebo' returned '1': CMAKE_PREFIX_PATH=${CMAKE_PREFIX_PATH}:/opt/ros/humble /usr/bin/cmake /home/jaden/autobot/autobot/autobot_gazebo -DAMENT_CMAKE_SYMLINK_INSTALL=1 -DCMAKE_INSTALL_PREFIX=/home/jaden/autobot/autobot/install/autobot_gazebo
