[0.018s] Invoking command in '/home/jaden/autobot/autobot/build/autobot_description': CMAKE_PREFIX_PATH=${CMAKE_PREFIX_PATH}:/opt/ros/humble /usr/bin/cmake /home/jaden/autobot/autobot/autobot_description -DAMENT_CMAKE_SYMLINK_INSTALL=1 -DCMAKE_INSTALL_PREFIX=/home/jaden/autobot/autobot/install/autobot_description
[0.031s] -- Found ament_cmake: 1.3.3 (/opt/ros/humble/share/ament_cmake/cmake)
[0.177s] -- Override CMake install command with custom implementation using symlinks instead of copying resources
[0.184s] -- Found rclpy: 3.3.5 (/opt/ros/humble/share/rclpy/cmake)
[0.184s] -- Found gazebo_ros: 3.7.0 (/opt/ros/humble/share/gazebo_ros/cmake)
[0.221s] -- Found rosidl_generator_c: 3.1.4 (/opt/ros/humble/share/rosidl_generator_c/cmake)
[0.223s] -- Found rosidl_adapter: 3.1.4 (/opt/ros/humble/share/rosidl_adapter/cmake)
[0.229s] -- Found rosidl_generator_cpp: 3.1.4 (/opt/ros/humble/share/rosidl_generator_cpp/cmake)
[0.241s] -- Using all available rosidl_typesupport_c: rosidl_typesupport_fastrtps_c;rosidl_typesupport_introspection_c
[0.259s] -- Using all available rosidl_typesupport_cpp: rosidl_typesupport_fastrtps_cpp;rosidl_typesupport_introspection_cpp
[0.328s] -- Found rmw_implementation_cmake: 6.1.1 (/opt/ros/humble/share/rmw_implementation_cmake/cmake)
[0.329s] -- Found rmw_fastrtps_cpp: 6.2.2 (/opt/ros/humble/share/rmw_fastrtps_cpp/cmake)
[0.456s] -- Using RMW implementation 'rmw_fastrtps_cpp' as default
[0.674s] -- Found DART: /usr/include (Required is at least version "6.6") found components: dart 
[0.700s] -- Found Protobuf: /usr/lib/x86_64-linux-gnu/libprotobuf.so (found version "3.12.4") 
[0.701s] -- Looking for ignition-math6 -- found version 6.13.0
[0.705s] -- Searching for dependencies of ignition-math6
[0.707s] -- Looking for OGRE...
[0.713s] -- Found Ogre Ghadamon (1.9.0)
[0.713s] -- Found OGRE: optimized;/usr/lib/x86_64-linux-gnu/libOgreMain.so;debug;/usr/lib/x86_64-linux-gnu/libOgreMain.so
[0.725s] -- Looking for OGRE_Paging...
[0.725s] -- Found OGRE_Paging: optimized;/usr/lib/x86_64-linux-gnu/libOgrePaging.so;debug;/usr/lib/x86_64-linux-gnu/libOgrePaging.so
[0.725s] -- Looking for OGRE_Terrain...
[0.725s] -- Found OGRE_Terrain: optimized;/usr/lib/x86_64-linux-gnu/libOgreTerrain.so;debug;/usr/lib/x86_64-linux-gnu/libOgreTerrain.so
[0.726s] -- Looking for OGRE_Property...
[0.726s] -- Found OGRE_Property: optimized;/usr/lib/x86_64-linux-gnu/libOgreProperty.so;debug;/usr/lib/x86_64-linux-gnu/libOgreProperty.so
[0.726s] -- Looking for OGRE_RTShaderSystem...
[0.726s] -- Found OGRE_RTShaderSystem: optimized;/usr/lib/x86_64-linux-gnu/libOgreRTShaderSystem.so;debug;/usr/lib/x86_64-linux-gnu/libOgreRTShaderSystem.so
[0.726s] -- Looking for OGRE_Volume...
[0.726s] -- Found OGRE_Volume: optimized;/usr/lib/x86_64-linux-gnu/libOgreVolume.so;debug;/usr/lib/x86_64-linux-gnu/libOgreVolume.so
[0.727s] -- Looking for OGRE_Overlay...
[0.727s] -- Found OGRE_Overlay: optimized;/usr/lib/x86_64-linux-gnu/libOgreOverlay.so;debug;/usr/lib/x86_64-linux-gnu/libOgreOverlay.so
[0.838s] -- Looking for ignition-math6 -- found version 6.13.0
[0.838s] -- Looking for ignition-transport8 -- found version 8.2.1
[0.839s] -- Searching for dependencies of ignition-transport8
[0.859s] -- Found Protobuf: /usr/lib/x86_64-linux-gnu/libprotobuf.so (found suitable version "3.12.4", minimum required is "3") 
[0.871s] -- Config-file not installed for ZeroMQ -- checking for pkg-config
[0.876s] -- Checking for module 'libzmq >= 4'
[0.894s] --   Found libzmq , version 4.3.4
[0.932s] -- Checking for module 'uuid'
[0.944s] --   Found uuid, version 2.37.2
[0.968s] -- Looking for ignition-msgs5 -- found version 5.8.1
[0.969s] -- Searching for dependencies of ignition-msgs5
[0.986s] -- Looking for ignition-math6 -- found version 6.13.0
[0.990s] -- Checking for module 'tinyxml2'
[1.000s] --   Found tinyxml2, version 9.0.0
[1.025s] -- Looking for ignition-msgs5 -- found version 5.8.1
[1.025s] -- Looking for ignition-common3 -- found version 3.14.0
[1.025s] -- Searching for dependencies of ignition-common3
[1.026s] -- Looking for dlfcn.h - found
[1.026s] -- Looking for libdl - found
[1.036s] -- Searching for <ignition-common3> component [graphics]
[1.036s] -- Looking for ignition-common3-graphics -- found version 3.14.0
[1.036s] -- Searching for dependencies of ignition-common3-graphics
[1.037s] -- Looking for ignition-math6 -- found version 6.13.0
[1.038s] -- Looking for ignition-fuel_tools4 -- found version 4.4.0
[1.038s] -- Searching for dependencies of ignition-fuel_tools4
[1.071s] -- Checking for module 'jsoncpp'
[1.081s] --   Found jsoncpp, version 1.9.5
[1.109s] -- Checking for module 'libzip'
[1.121s] --   Found libzip, version 1.7.3
[1.146s] -- Looking for ignition-common3 -- found version 3.14.0
[1.146s] -- Looking for ignition-math6 -- found version 6.13.0
[1.146s] -- Looking for ignition-msgs5 -- found version 5.8.1
[1.147s] -- Gazebo version: 11.10
[1.157s] -- Found autobot_gazebo: 0.0.0 (/home/jaden/autobot/install/autobot_gazebo/share/autobot_gazebo/cmake)
[1.157s] -- Found xacro: 2.0.8 (/opt/ros/humble/share/xacro/cmake)
[1.157s] -- Found ament_lint_auto: 0.12.4 (/opt/ros/humble/share/ament_lint_auto/cmake)
[1.231s] -- Added test 'cppcheck' to perform static code analysis on C / C++ code
[1.231s] -- Configured cppcheck include dirs: 
[1.232s] -- Configured cppcheck exclude dirs and/or files: 
[1.233s] -- Added test 'flake8' to check Python code syntax and style conventions
[1.236s] -- Added test 'lint_cmake' to check CMake code style
[1.237s] -- Added test 'pep257' to check Python code against some of the docstring style conventions in PEP 257
[1.247s] -- Added test 'uncrustify' to check C / C++ code style
[1.247s] -- Configured uncrustify additional arguments: 
[1.248s] -- Added test 'xmllint' to check XML markup files
[1.249s] -- Configuring done
[1.255s] -- Generating done
[1.257s] -- Build files have been written to: /home/jaden/autobot/autobot/build/autobot_description
[1.264s] Invoked command in '/home/jaden/autobot/autobot/build/autobot_description' returned '0': CMAKE_PREFIX_PATH=${CMAKE_PREFIX_PATH}:/opt/ros/humble /usr/bin/cmake /home/jaden/autobot/autobot/autobot_description -DAMENT_CMAKE_SYMLINK_INSTALL=1 -DCMAKE_INSTALL_PREFIX=/home/jaden/autobot/autobot/install/autobot_description
[1.266s] Invoking command in '/home/jaden/autobot/autobot/build/autobot_description': CMAKE_PREFIX_PATH=${CMAKE_PREFIX_PATH}:/opt/ros/humble /usr/bin/cmake --build /home/jaden/autobot/autobot/build/autobot_description -- -j12 -l12
[1.301s] Invoked command in '/home/jaden/autobot/autobot/build/autobot_description' returned '0': CMAKE_PREFIX_PATH=${CMAKE_PREFIX_PATH}:/opt/ros/humble /usr/bin/cmake --build /home/jaden/autobot/autobot/build/autobot_description -- -j12 -l12
[1.342s] Invoking command in '/home/jaden/autobot/autobot/build/autobot_description': CMAKE_PREFIX_PATH=${CMAKE_PREFIX_PATH}:/opt/ros/humble /usr/bin/cmake --install /home/jaden/autobot/autobot/build/autobot_description
[1.347s] -- Install configuration: ""
[1.347s] -- Execute custom install script
[1.348s] -- Up-to-date symlink: /home/jaden/autobot/autobot/install/autobot_description/share/autobot_description//urdf/autobot.urdf
[1.348s] -- Up-to-date symlink: /home/jaden/autobot/autobot/install/autobot_description/share/autobot_description//urdf/plugins.gazebo
[1.348s] -- Up-to-date symlink: /home/jaden/autobot/autobot/install/autobot_description/share/autobot_description//launch/publish_urdf.launch.py
[1.348s] -- Up-to-date symlink: /home/jaden/autobot/autobot/install/autobot_description/share/autobot_description//rviz/autobot.rviz
[1.348s] -- Up-to-date symlink: /home/jaden/autobot/autobot/install/autobot_description/lib/autobot_description/rviz/autobot.rviz
[1.349s] -- Up-to-date symlink: /home/jaden/autobot/autobot/install/autobot_description/lib/autobot_description/urdf/autobot.urdf
[1.349s] -- Up-to-date symlink: /home/jaden/autobot/autobot/install/autobot_description/lib/autobot_description/urdf/plugins.gazebo
[1.349s] -- Up-to-date symlink: /home/jaden/autobot/autobot/install/autobot_description/share/ament_index/resource_index/package_run_dependencies/autobot_description
[1.349s] -- Up-to-date symlink: /home/jaden/autobot/autobot/install/autobot_description/share/ament_index/resource_index/parent_prefix_path/autobot_description
[1.349s] -- Up-to-date symlink: /home/jaden/autobot/autobot/install/autobot_description/share/autobot_description/environment/ament_prefix_path.sh
[1.349s] -- Up-to-date symlink: /home/jaden/autobot/autobot/install/autobot_description/share/autobot_description/environment/ament_prefix_path.dsv
[1.349s] -- Up-to-date symlink: /home/jaden/autobot/autobot/install/autobot_description/share/autobot_description/environment/path.sh
[1.350s] -- Up-to-date symlink: /home/jaden/autobot/autobot/install/autobot_description/share/autobot_description/environment/path.dsv
[1.350s] -- Up-to-date symlink: /home/jaden/autobot/autobot/install/autobot_description/share/autobot_description/local_setup.bash
[1.350s] -- Up-to-date symlink: /home/jaden/autobot/autobot/install/autobot_description/share/autobot_description/local_setup.sh
[1.350s] -- Up-to-date symlink: /home/jaden/autobot/autobot/install/autobot_description/share/autobot_description/local_setup.zsh
[1.350s] -- Up-to-date symlink: /home/jaden/autobot/autobot/install/autobot_description/share/autobot_description/local_setup.dsv
[1.350s] -- Symlinking: /home/jaden/autobot/autobot/install/autobot_description/share/autobot_description/package.dsv
[1.357s] -- Up-to-date symlink: /home/jaden/autobot/autobot/install/autobot_description/share/ament_index/resource_index/packages/autobot_description
[1.357s] -- Up-to-date symlink: /home/jaden/autobot/autobot/install/autobot_description/share/autobot_description/cmake/autobot_descriptionConfig.cmake
[1.358s] -- Up-to-date symlink: /home/jaden/autobot/autobot/install/autobot_description/share/autobot_description/cmake/autobot_descriptionConfig-version.cmake
[1.358s] -- Up-to-date symlink: /home/jaden/autobot/autobot/install/autobot_description/share/autobot_description/package.xml
[1.359s] Invoked command in '/home/jaden/autobot/autobot/build/autobot_description' returned '0': CMAKE_PREFIX_PATH=${CMAKE_PREFIX_PATH}:/opt/ros/humble /usr/bin/cmake --install /home/jaden/autobot/autobot/build/autobot_description
