[0.302s] DEBUG:colcon:Command line arguments: ['/usr/bin/colcon', 'build']
[0.302s] DEBUG:colcon:Parsed command line arguments: Namespace(log_base=None, log_level=None, verb_name='build', build_base='build', install_base='install', merge_install=False, symlink_install=False, test_result_base=None, continue_on_error=False, executor='parallel', parallel_workers=12, event_handlers=None, ignore_user_meta=False, metas=['./colcon.meta'], base_paths=['.'], packages_ignore=None, packages_ignore_regex=None, paths=None, packages_up_to=None, packages_up_to_regex=None, packages_above=None, packages_above_and_dependencies=None, packages_above_depth=None, packages_select_by_dep=None, packages_skip_by_dep=None, packages_skip_up_to=None, packages_select_build_failed=False, packages_skip_build_finished=False, packages_select_test_failures=False, packages_skip_test_passed=False, packages_select=None, packages_skip=None, packages_select_regex=None, packages_skip_regex=None, packages_start=None, packages_end=None, allow_overriding=[], cmake_args=None, cmake_target=None, cmake_target_skip_unavailable=False, cmake_clean_cache=False, cmake_clean_first=False, cmake_force_configure=False, ament_cmake_args=None, catkin_cmake_args=None, catkin_skip_building_tests=False, verb_parser=<colcon_defaults.argument_parser.defaults.DefaultArgumentsDecorator object at 0x7f8f917e61d0>, verb_extension=<colcon_core.verb.build.BuildVerb object at 0x7f8f921216c0>, main=<bound method BuildVerb.main of <colcon_core.verb.build.BuildVerb object at 0x7f8f921216c0>>)
[0.322s] Level 1:colcon.colcon_core.package_discovery:discover_packages(colcon_meta) check parameters
[0.322s] Level 1:colcon.colcon_core.package_discovery:discover_packages(recursive) check parameters
[0.322s] Level 1:colcon.colcon_core.package_discovery:discover_packages(ignore) check parameters
[0.322s] Level 1:colcon.colcon_core.package_discovery:discover_packages(path) check parameters
[0.322s] Level 1:colcon.colcon_core.package_discovery:discover_packages(colcon_meta) discover
[0.322s] Level 1:colcon.colcon_core.package_discovery:discover_packages(recursive) discover
[0.322s] INFO:colcon.colcon_core.package_discovery:Crawling recursively for packages in '/home/jaden/autobot/autobot'
[0.322s] Level 1:colcon.colcon_core.package_identification:_identify(.) by extensions ['ignore', 'ignore_ament_install']
[0.322s] Level 1:colcon.colcon_core.package_identification:_identify(.) by extension 'ignore'
[0.322s] Level 1:colcon.colcon_core.package_identification:_identify(.) by extension 'ignore_ament_install'
[0.322s] Level 1:colcon.colcon_core.package_identification:_identify(.) by extensions ['colcon_pkg']
[0.322s] Level 1:colcon.colcon_core.package_identification:_identify(.) by extension 'colcon_pkg'
[0.322s] Level 1:colcon.colcon_core.package_identification:_identify(.) by extensions ['colcon_meta']
[0.322s] Level 1:colcon.colcon_core.package_identification:_identify(.) by extension 'colcon_meta'
[0.322s] Level 1:colcon.colcon_core.package_identification:_identify(.) by extensions ['ros']
[0.322s] Level 1:colcon.colcon_core.package_identification:_identify(.) by extension 'ros'
[0.341s] Level 1:colcon.colcon_core.package_identification:_identify(.) by extensions ['cmake', 'python']
[0.341s] Level 1:colcon.colcon_core.package_identification:_identify(.) by extension 'cmake'
[0.341s] Level 1:colcon.colcon_core.package_identification:_identify(.) by extension 'python'
[0.341s] Level 1:colcon.colcon_core.package_identification:_identify(.) by extensions ['python_setup_py']
[0.341s] Level 1:colcon.colcon_core.package_identification:_identify(.) by extension 'python_setup_py'
[0.342s] Level 1:colcon.colcon_core.package_identification:_identify(autobot_description) by extensions ['ignore', 'ignore_ament_install']
[0.342s] Level 1:colcon.colcon_core.package_identification:_identify(autobot_description) by extension 'ignore'
[0.342s] Level 1:colcon.colcon_core.package_identification:_identify(autobot_description) by extension 'ignore_ament_install'
[0.342s] Level 1:colcon.colcon_core.package_identification:_identify(autobot_description) by extensions ['colcon_pkg']
[0.342s] Level 1:colcon.colcon_core.package_identification:_identify(autobot_description) by extension 'colcon_pkg'
[0.342s] Level 1:colcon.colcon_core.package_identification:_identify(autobot_description) by extensions ['colcon_meta']
[0.342s] Level 1:colcon.colcon_core.package_identification:_identify(autobot_description) by extension 'colcon_meta'
[0.342s] Level 1:colcon.colcon_core.package_identification:_identify(autobot_description) by extensions ['ros']
[0.342s] Level 1:colcon.colcon_core.package_identification:_identify(autobot_description) by extension 'ros'
[0.344s] DEBUG:colcon.colcon_core.package_identification:Package 'autobot_description' with type 'ros.ament_cmake' and name 'autobot_description'
[0.345s] Level 1:colcon.colcon_core.package_identification:_identify(autobot_gazebo) by extensions ['ignore', 'ignore_ament_install']
[0.345s] Level 1:colcon.colcon_core.package_identification:_identify(autobot_gazebo) by extension 'ignore'
[0.345s] Level 1:colcon.colcon_core.package_identification:_identify(autobot_gazebo) by extension 'ignore_ament_install'
[0.345s] Level 1:colcon.colcon_core.package_identification:_identify(autobot_gazebo) by extensions ['colcon_pkg']
[0.345s] Level 1:colcon.colcon_core.package_identification:_identify(autobot_gazebo) by extension 'colcon_pkg'
[0.345s] Level 1:colcon.colcon_core.package_identification:_identify(autobot_gazebo) by extensions ['colcon_meta']
[0.345s] Level 1:colcon.colcon_core.package_identification:_identify(autobot_gazebo) by extension 'colcon_meta'
[0.345s] Level 1:colcon.colcon_core.package_identification:_identify(autobot_gazebo) by extensions ['ros']
[0.345s] Level 1:colcon.colcon_core.package_identification:_identify(autobot_gazebo) by extension 'ros'
[0.346s] DEBUG:colcon.colcon_core.package_identification:Package 'autobot_gazebo' with type 'ros.ament_cmake' and name 'autobot_gazebo'
[0.346s] Level 1:colcon.colcon_core.package_identification:_identify(build) by extensions ['ignore', 'ignore_ament_install']
[0.346s] Level 1:colcon.colcon_core.package_identification:_identify(build) by extension 'ignore'
[0.346s] Level 1:colcon.colcon_core.package_identification:_identify(build) ignored
[0.346s] Level 1:colcon.colcon_core.package_identification:_identify(install) by extensions ['ignore', 'ignore_ament_install']
[0.346s] Level 1:colcon.colcon_core.package_identification:_identify(install) by extension 'ignore'
[0.346s] Level 1:colcon.colcon_core.package_identification:_identify(install) ignored
[0.346s] Level 1:colcon.colcon_core.package_identification:_identify(log) by extensions ['ignore', 'ignore_ament_install']
[0.346s] Level 1:colcon.colcon_core.package_identification:_identify(log) by extension 'ignore'
[0.346s] Level 1:colcon.colcon_core.package_identification:_identify(log) ignored
[0.346s] Level 1:colcon.colcon_core.package_discovery:discover_packages(recursive) using defaults
[0.346s] Level 1:colcon.colcon_core.package_discovery:discover_packages(ignore) discover
[0.346s] Level 1:colcon.colcon_core.package_discovery:discover_packages(ignore) using defaults
[0.346s] Level 1:colcon.colcon_core.package_discovery:discover_packages(path) discover
[0.346s] Level 1:colcon.colcon_core.package_discovery:discover_packages(path) using defaults
[0.370s] Level 1:colcon.colcon_core.package_discovery:discover_packages(prefix_path) check parameters
[0.370s] Level 1:colcon.colcon_core.package_discovery:discover_packages(prefix_path) discover
[0.372s] DEBUG:colcon.colcon_installed_package_information.package_discovery:Found 2 installed packages in /home/jaden/autobot/install
[0.373s] DEBUG:colcon.colcon_installed_package_information.package_discovery:Found 4 installed packages in /home/jaden/ROS2_TWO_WHEELED_ROBOT/install
[0.375s] DEBUG:colcon.colcon_installed_package_information.package_discovery:Found 277 installed packages in /opt/ros/humble
[0.376s] Level 1:colcon.colcon_core.package_discovery:discover_packages(prefix_path) using defaults
[0.439s] Level 5:colcon.colcon_core.verb:set package 'autobot_description' build argument 'cmake_args' from command line to 'None'
[0.439s] Level 5:colcon.colcon_core.verb:set package 'autobot_description' build argument 'cmake_target' from command line to 'None'
[0.439s] Level 5:colcon.colcon_core.verb:set package 'autobot_description' build argument 'cmake_target_skip_unavailable' from command line to 'False'
[0.439s] Level 5:colcon.colcon_core.verb:set package 'autobot_description' build argument 'cmake_clean_cache' from command line to 'False'
[0.439s] Level 5:colcon.colcon_core.verb:set package 'autobot_description' build argument 'cmake_clean_first' from command line to 'False'
[0.439s] Level 5:colcon.colcon_core.verb:set package 'autobot_description' build argument 'cmake_force_configure' from command line to 'False'
[0.439s] Level 5:colcon.colcon_core.verb:set package 'autobot_description' build argument 'ament_cmake_args' from command line to 'None'
[0.439s] Level 5:colcon.colcon_core.verb:set package 'autobot_description' build argument 'catkin_cmake_args' from command line to 'None'
[0.439s] Level 5:colcon.colcon_core.verb:set package 'autobot_description' build argument 'catkin_skip_building_tests' from command line to 'False'
[0.439s] DEBUG:colcon.colcon_core.verb:Building package 'autobot_description' with the following arguments: {'ament_cmake_args': None, 'build_base': '/home/jaden/autobot/autobot/build/autobot_description', 'catkin_cmake_args': None, 'catkin_skip_building_tests': False, 'cmake_args': None, 'cmake_clean_cache': False, 'cmake_clean_first': False, 'cmake_force_configure': False, 'cmake_target': None, 'cmake_target_skip_unavailable': False, 'install_base': '/home/jaden/autobot/autobot/install/autobot_description', 'merge_install': False, 'path': '/home/jaden/autobot/autobot/autobot_description', 'symlink_install': False, 'test_result_base': None}
[0.441s] Level 5:colcon.colcon_core.verb:set package 'autobot_gazebo' build argument 'cmake_args' from command line to 'None'
[0.441s] Level 5:colcon.colcon_core.verb:set package 'autobot_gazebo' build argument 'cmake_target' from command line to 'None'
[0.441s] Level 5:colcon.colcon_core.verb:set package 'autobot_gazebo' build argument 'cmake_target_skip_unavailable' from command line to 'False'
[0.441s] Level 5:colcon.colcon_core.verb:set package 'autobot_gazebo' build argument 'cmake_clean_cache' from command line to 'False'
[0.441s] Level 5:colcon.colcon_core.verb:set package 'autobot_gazebo' build argument 'cmake_clean_first' from command line to 'False'
[0.441s] Level 5:colcon.colcon_core.verb:set package 'autobot_gazebo' build argument 'cmake_force_configure' from command line to 'False'
[0.441s] Level 5:colcon.colcon_core.verb:set package 'autobot_gazebo' build argument 'ament_cmake_args' from command line to 'None'
[0.441s] Level 5:colcon.colcon_core.verb:set package 'autobot_gazebo' build argument 'catkin_cmake_args' from command line to 'None'
[0.441s] Level 5:colcon.colcon_core.verb:set package 'autobot_gazebo' build argument 'catkin_skip_building_tests' from command line to 'False'
[0.441s] DEBUG:colcon.colcon_core.verb:Building package 'autobot_gazebo' with the following arguments: {'ament_cmake_args': None, 'build_base': '/home/jaden/autobot/autobot/build/autobot_gazebo', 'catkin_cmake_args': None, 'catkin_skip_building_tests': False, 'cmake_args': None, 'cmake_clean_cache': False, 'cmake_clean_first': False, 'cmake_force_configure': False, 'cmake_target': None, 'cmake_target_skip_unavailable': False, 'install_base': '/home/jaden/autobot/autobot/install/autobot_gazebo', 'merge_install': False, 'path': '/home/jaden/autobot/autobot/autobot_gazebo', 'symlink_install': False, 'test_result_base': None}
[0.442s] INFO:colcon.colcon_core.executor:Executing jobs using 'parallel' executor
[0.447s] DEBUG:colcon.colcon_parallel_executor.executor.parallel:run_until_complete
[0.447s] INFO:colcon.colcon_ros.task.ament_cmake.build:Building ROS package in '/home/jaden/autobot/autobot/autobot_description' with build type 'ament_cmake'
[0.447s] INFO:colcon.colcon_cmake.task.cmake.build:Building CMake package in '/home/jaden/autobot/autobot/autobot_description'
[0.453s] INFO:colcon.colcon_core.plugin_system:Skipping extension 'colcon_core.shell.bat': Not used on non-Windows systems
[0.453s] INFO:colcon.colcon_core.shell:Skip shell extension 'powershell' for command environment: Not usable outside of PowerShell
[0.453s] DEBUG:colcon.colcon_core.shell:Skip shell extension 'dsv' for command environment
[0.467s] DEBUG:colcon.colcon_core.event_handler.log_command:Invoking command in '/home/jaden/autobot/autobot/build/autobot_description': CMAKE_PREFIX_PATH=${CMAKE_PREFIX_PATH}:/opt/ros/humble /usr/bin/cmake /home/jaden/autobot/autobot/autobot_description -DCMAKE_INSTALL_PREFIX=/home/jaden/autobot/autobot/install/autobot_description
[3.028s] DEBUG:colcon.colcon_core.event_handler.log_command:Invoked command in '/home/jaden/autobot/autobot/build/autobot_description' returned '0': CMAKE_PREFIX_PATH=${CMAKE_PREFIX_PATH}:/opt/ros/humble /usr/bin/cmake /home/jaden/autobot/autobot/autobot_description -DCMAKE_INSTALL_PREFIX=/home/jaden/autobot/autobot/install/autobot_description
[3.029s] DEBUG:colcon.colcon_core.event_handler.log_command:Invoking command in '/home/jaden/autobot/autobot/build/autobot_description': CMAKE_PREFIX_PATH=${CMAKE_PREFIX_PATH}:/opt/ros/humble /usr/bin/cmake --build /home/jaden/autobot/autobot/build/autobot_description -- -j12 -l12
[3.069s] DEBUG:colcon.colcon_core.event_handler.log_command:Invoked command in '/home/jaden/autobot/autobot/build/autobot_description' returned '0': CMAKE_PREFIX_PATH=${CMAKE_PREFIX_PATH}:/opt/ros/humble /usr/bin/cmake --build /home/jaden/autobot/autobot/build/autobot_description -- -j12 -l12
[3.097s] DEBUG:colcon.colcon_core.event_handler.log_command:Invoking command in '/home/jaden/autobot/autobot/build/autobot_description': CMAKE_PREFIX_PATH=${CMAKE_PREFIX_PATH}:/opt/ros/humble /usr/bin/cmake --install /home/jaden/autobot/autobot/build/autobot_description
[3.108s] Level 1:colcon.colcon_core.environment:create_environment_scripts_only(autobot_description)
[3.108s] DEBUG:colcon.colcon_core.event_handler.log_command:Invoked command in '/home/jaden/autobot/autobot/build/autobot_description' returned '0': CMAKE_PREFIX_PATH=${CMAKE_PREFIX_PATH}:/opt/ros/humble /usr/bin/cmake --install /home/jaden/autobot/autobot/build/autobot_description
[3.112s] Level 1:colcon.colcon_core.environment:checking '/home/jaden/autobot/autobot/install/autobot_description' for CMake module files
[3.113s] Level 1:colcon.colcon_core.environment:checking '/home/jaden/autobot/autobot/install/autobot_description' for CMake config files
[3.113s] Level 1:colcon.colcon_core.shell:create_environment_hook('autobot_description', 'cmake_prefix_path')
[3.114s] INFO:colcon.colcon_core.shell:Creating environment hook '/home/jaden/autobot/autobot/install/autobot_description/share/autobot_description/hook/cmake_prefix_path.ps1'
[3.115s] INFO:colcon.colcon_core.shell:Creating environment descriptor '/home/jaden/autobot/autobot/install/autobot_description/share/autobot_description/hook/cmake_prefix_path.dsv'
[3.115s] INFO:colcon.colcon_core.shell:Creating environment hook '/home/jaden/autobot/autobot/install/autobot_description/share/autobot_description/hook/cmake_prefix_path.sh'
[3.116s] Level 1:colcon.colcon_core.environment:checking '/home/jaden/autobot/autobot/install/autobot_description/lib'
[3.116s] Level 1:colcon.colcon_core.environment:checking '/home/jaden/autobot/autobot/install/autobot_description/bin'
[3.116s] Level 1:colcon.colcon_core.environment:checking '/home/jaden/autobot/autobot/install/autobot_description/lib/pkgconfig/autobot_description.pc'
[3.116s] Level 1:colcon.colcon_core.environment:checking '/home/jaden/autobot/autobot/install/autobot_description/lib/python3.10/site-packages'
[3.116s] Level 1:colcon.colcon_core.environment:checking '/home/jaden/autobot/autobot/install/autobot_description/bin'
[3.118s] INFO:colcon.colcon_core.shell:Creating package script '/home/jaden/autobot/autobot/install/autobot_description/share/autobot_description/package.ps1'
[3.118s] INFO:colcon.colcon_core.shell:Creating package descriptor '/home/jaden/autobot/autobot/install/autobot_description/share/autobot_description/package.dsv'
[3.119s] INFO:colcon.colcon_core.shell:Creating package script '/home/jaden/autobot/autobot/install/autobot_description/share/autobot_description/package.sh'
[3.119s] INFO:colcon.colcon_core.shell:Creating package script '/home/jaden/autobot/autobot/install/autobot_description/share/autobot_description/package.bash'
[3.120s] INFO:colcon.colcon_core.shell:Creating package script '/home/jaden/autobot/autobot/install/autobot_description/share/autobot_description/package.zsh'
[3.121s] Level 1:colcon.colcon_core.environment:create_file_with_runtime_dependencies(/home/jaden/autobot/autobot/install/autobot_description/share/colcon-core/packages/autobot_description)
[3.139s] Level 1:colcon.colcon_core.environment:create_environment_scripts_only(autobot_description)
[3.141s] Level 1:colcon.colcon_core.environment:checking '/home/jaden/autobot/autobot/install/autobot_description' for CMake module files
[3.142s] Level 1:colcon.colcon_core.environment:checking '/home/jaden/autobot/autobot/install/autobot_description' for CMake config files
[3.142s] Level 1:colcon.colcon_core.shell:create_environment_hook('autobot_description', 'cmake_prefix_path')
[3.143s] INFO:colcon.colcon_core.shell:Creating environment hook '/home/jaden/autobot/autobot/install/autobot_description/share/autobot_description/hook/cmake_prefix_path.ps1'
[3.144s] INFO:colcon.colcon_core.shell:Creating environment descriptor '/home/jaden/autobot/autobot/install/autobot_description/share/autobot_description/hook/cmake_prefix_path.dsv'
[3.144s] INFO:colcon.colcon_core.shell:Creating environment hook '/home/jaden/autobot/autobot/install/autobot_description/share/autobot_description/hook/cmake_prefix_path.sh'
[3.144s] Level 1:colcon.colcon_core.environment:checking '/home/jaden/autobot/autobot/install/autobot_description/lib'
[3.144s] Level 1:colcon.colcon_core.environment:checking '/home/jaden/autobot/autobot/install/autobot_description/bin'
[3.144s] Level 1:colcon.colcon_core.environment:checking '/home/jaden/autobot/autobot/install/autobot_description/lib/pkgconfig/autobot_description.pc'
[3.145s] Level 1:colcon.colcon_core.environment:checking '/home/jaden/autobot/autobot/install/autobot_description/lib/python3.10/site-packages'
[3.145s] Level 1:colcon.colcon_core.environment:checking '/home/jaden/autobot/autobot/install/autobot_description/bin'
[3.146s] INFO:colcon.colcon_core.shell:Creating package script '/home/jaden/autobot/autobot/install/autobot_description/share/autobot_description/package.ps1'
[3.146s] INFO:colcon.colcon_core.shell:Creating package descriptor '/home/jaden/autobot/autobot/install/autobot_description/share/autobot_description/package.dsv'
[3.147s] INFO:colcon.colcon_core.shell:Creating package script '/home/jaden/autobot/autobot/install/autobot_description/share/autobot_description/package.sh'
[3.147s] INFO:colcon.colcon_core.shell:Creating package script '/home/jaden/autobot/autobot/install/autobot_description/share/autobot_description/package.bash'
[3.148s] INFO:colcon.colcon_core.shell:Creating package script '/home/jaden/autobot/autobot/install/autobot_description/share/autobot_description/package.zsh'
[3.148s] Level 1:colcon.colcon_core.environment:create_file_with_runtime_dependencies(/home/jaden/autobot/autobot/install/autobot_description/share/colcon-core/packages/autobot_description)
[3.148s] INFO:colcon.colcon_ros.task.ament_cmake.build:Building ROS package in '/home/jaden/autobot/autobot/autobot_gazebo' with build type 'ament_cmake'
[3.148s] INFO:colcon.colcon_cmake.task.cmake.build:Building CMake package in '/home/jaden/autobot/autobot/autobot_gazebo'
[3.150s] INFO:colcon.colcon_core.shell:Skip shell extension 'powershell' for command environment: Not usable outside of PowerShell
[3.150s] DEBUG:colcon.colcon_core.shell:Skip shell extension 'dsv' for command environment
[3.161s] DEBUG:colcon.colcon_core.event_handler.log_command:Invoking command in '/home/jaden/autobot/autobot/build/autobot_gazebo': AMENT_PREFIX_PATH=/home/jaden/autobot/autobot/install/autobot_description:${AMENT_PREFIX_PATH} CMAKE_PREFIX_PATH=/home/jaden/autobot/autobot/install/autobot_description:/home/jaden/autobot/install/autobot_gazebo:/home/jaden/autobot/install/autobot_description:/home/jaden/ROS2_TWO_WHEELED_ROBOT/install/dolly:/home/jaden/ROS2_TWO_WHEELED_ROBOT/install/dolly_gazebo:/home/jaden/ROS2_TWO_WHEELED_ROBOT/install/dolly_follow:/home/jaden/ROS2_TWO_WHEELED_ROBOT/install/dolly_drive:/opt/ros/humble /usr/bin/cmake --build /home/jaden/autobot/autobot/build/autobot_gazebo -- -j12 -l12
[13.405s] DEBUG:colcon.colcon_core.event_handler.log_command:Invoked command in '/home/jaden/autobot/autobot/build/autobot_gazebo' returned '0': AMENT_PREFIX_PATH=/home/jaden/autobot/autobot/install/autobot_description:${AMENT_PREFIX_PATH} CMAKE_PREFIX_PATH=/home/jaden/autobot/autobot/install/autobot_description:/home/jaden/autobot/install/autobot_gazebo:/home/jaden/autobot/install/autobot_description:/home/jaden/ROS2_TWO_WHEELED_ROBOT/install/dolly:/home/jaden/ROS2_TWO_WHEELED_ROBOT/install/dolly_gazebo:/home/jaden/ROS2_TWO_WHEELED_ROBOT/install/dolly_follow:/home/jaden/ROS2_TWO_WHEELED_ROBOT/install/dolly_drive:/opt/ros/humble /usr/bin/cmake --build /home/jaden/autobot/autobot/build/autobot_gazebo -- -j12 -l12
[13.428s] DEBUG:colcon.colcon_core.event_handler.log_command:Invoking command in '/home/jaden/autobot/autobot/build/autobot_gazebo': AMENT_PREFIX_PATH=/home/jaden/autobot/autobot/install/autobot_description:${AMENT_PREFIX_PATH} CMAKE_PREFIX_PATH=/home/jaden/autobot/autobot/install/autobot_description:/home/jaden/autobot/install/autobot_gazebo:/home/jaden/autobot/install/autobot_description:/home/jaden/ROS2_TWO_WHEELED_ROBOT/install/dolly:/home/jaden/ROS2_TWO_WHEELED_ROBOT/install/dolly_gazebo:/home/jaden/ROS2_TWO_WHEELED_ROBOT/install/dolly_follow:/home/jaden/ROS2_TWO_WHEELED_ROBOT/install/dolly_drive:/opt/ros/humble /usr/bin/cmake --install /home/jaden/autobot/autobot/build/autobot_gazebo
[13.674s] Level 1:colcon.colcon_core.environment:create_environment_scripts_only(autobot_gazebo)
[13.676s] Level 1:colcon.colcon_core.environment:checking '/home/jaden/autobot/autobot/install/autobot_gazebo' for CMake module files
[13.677s] DEBUG:colcon.colcon_core.event_handler.log_command:Invoked command in '/home/jaden/autobot/autobot/build/autobot_gazebo' returned '0': AMENT_PREFIX_PATH=/home/jaden/autobot/autobot/install/autobot_description:${AMENT_PREFIX_PATH} CMAKE_PREFIX_PATH=/home/jaden/autobot/autobot/install/autobot_description:/home/jaden/autobot/install/autobot_gazebo:/home/jaden/autobot/install/autobot_description:/home/jaden/ROS2_TWO_WHEELED_ROBOT/install/dolly:/home/jaden/ROS2_TWO_WHEELED_ROBOT/install/dolly_gazebo:/home/jaden/ROS2_TWO_WHEELED_ROBOT/install/dolly_follow:/home/jaden/ROS2_TWO_WHEELED_ROBOT/install/dolly_drive:/opt/ros/humble /usr/bin/cmake --install /home/jaden/autobot/autobot/build/autobot_gazebo
[13.678s] Level 1:colcon.colcon_core.environment:checking '/home/jaden/autobot/autobot/install/autobot_gazebo' for CMake config files
[13.679s] Level 1:colcon.colcon_core.shell:create_environment_hook('autobot_gazebo', 'cmake_prefix_path')
[13.681s] INFO:colcon.colcon_core.shell:Creating environment hook '/home/jaden/autobot/autobot/install/autobot_gazebo/share/autobot_gazebo/hook/cmake_prefix_path.ps1'
[13.682s] INFO:colcon.colcon_core.shell:Creating environment descriptor '/home/jaden/autobot/autobot/install/autobot_gazebo/share/autobot_gazebo/hook/cmake_prefix_path.dsv'
[13.683s] INFO:colcon.colcon_core.shell:Creating environment hook '/home/jaden/autobot/autobot/install/autobot_gazebo/share/autobot_gazebo/hook/cmake_prefix_path.sh'
[13.684s] Level 1:colcon.colcon_core.environment:checking '/home/jaden/autobot/autobot/install/autobot_gazebo/lib'
[13.684s] Level 1:colcon.colcon_core.environment:checking '/home/jaden/autobot/autobot/install/autobot_gazebo/bin'
[13.684s] Level 1:colcon.colcon_core.environment:checking '/home/jaden/autobot/autobot/install/autobot_gazebo/lib/pkgconfig/autobot_gazebo.pc'
[13.685s] Level 1:colcon.colcon_core.environment:checking '/home/jaden/autobot/autobot/install/autobot_gazebo/lib/python3.10/site-packages'
[13.686s] Level 1:colcon.colcon_core.environment:checking '/home/jaden/autobot/autobot/install/autobot_gazebo/bin'
[13.688s] INFO:colcon.colcon_core.shell:Creating package script '/home/jaden/autobot/autobot/install/autobot_gazebo/share/autobot_gazebo/package.ps1'
[13.689s] INFO:colcon.colcon_core.shell:Creating package descriptor '/home/jaden/autobot/autobot/install/autobot_gazebo/share/autobot_gazebo/package.dsv'
[13.689s] INFO:colcon.colcon_core.shell:Creating package script '/home/jaden/autobot/autobot/install/autobot_gazebo/share/autobot_gazebo/package.sh'
[13.690s] INFO:colcon.colcon_core.shell:Creating package script '/home/jaden/autobot/autobot/install/autobot_gazebo/share/autobot_gazebo/package.bash'
[13.690s] INFO:colcon.colcon_core.shell:Creating package script '/home/jaden/autobot/autobot/install/autobot_gazebo/share/autobot_gazebo/package.zsh'
[13.691s] Level 1:colcon.colcon_core.environment:create_file_with_runtime_dependencies(/home/jaden/autobot/autobot/install/autobot_gazebo/share/colcon-core/packages/autobot_gazebo)
[13.717s] Level 1:colcon.colcon_core.environment:create_environment_scripts_only(autobot_gazebo)
[13.719s] Level 1:colcon.colcon_core.environment:checking '/home/jaden/autobot/autobot/install/autobot_gazebo' for CMake module files
[13.720s] Level 1:colcon.colcon_core.environment:checking '/home/jaden/autobot/autobot/install/autobot_gazebo' for CMake config files
[13.720s] Level 1:colcon.colcon_core.shell:create_environment_hook('autobot_gazebo', 'cmake_prefix_path')
[13.722s] INFO:colcon.colcon_core.shell:Creating environment hook '/home/jaden/autobot/autobot/install/autobot_gazebo/share/autobot_gazebo/hook/cmake_prefix_path.ps1'
[13.722s] INFO:colcon.colcon_core.shell:Creating environment descriptor '/home/jaden/autobot/autobot/install/autobot_gazebo/share/autobot_gazebo/hook/cmake_prefix_path.dsv'
[13.722s] INFO:colcon.colcon_core.shell:Creating environment hook '/home/jaden/autobot/autobot/install/autobot_gazebo/share/autobot_gazebo/hook/cmake_prefix_path.sh'
[13.723s] Level 1:colcon.colcon_core.environment:checking '/home/jaden/autobot/autobot/install/autobot_gazebo/lib'
[13.723s] Level 1:colcon.colcon_core.environment:checking '/home/jaden/autobot/autobot/install/autobot_gazebo/bin'
[13.723s] Level 1:colcon.colcon_core.environment:checking '/home/jaden/autobot/autobot/install/autobot_gazebo/lib/pkgconfig/autobot_gazebo.pc'
[13.723s] Level 1:colcon.colcon_core.environment:checking '/home/jaden/autobot/autobot/install/autobot_gazebo/lib/python3.10/site-packages'
[13.723s] Level 1:colcon.colcon_core.environment:checking '/home/jaden/autobot/autobot/install/autobot_gazebo/bin'
[13.724s] INFO:colcon.colcon_core.shell:Creating package script '/home/jaden/autobot/autobot/install/autobot_gazebo/share/autobot_gazebo/package.ps1'
[13.725s] INFO:colcon.colcon_core.shell:Creating package descriptor '/home/jaden/autobot/autobot/install/autobot_gazebo/share/autobot_gazebo/package.dsv'
[13.725s] INFO:colcon.colcon_core.shell:Creating package script '/home/jaden/autobot/autobot/install/autobot_gazebo/share/autobot_gazebo/package.sh'
[13.726s] INFO:colcon.colcon_core.shell:Creating package script '/home/jaden/autobot/autobot/install/autobot_gazebo/share/autobot_gazebo/package.bash'
[13.726s] INFO:colcon.colcon_core.shell:Creating package script '/home/jaden/autobot/autobot/install/autobot_gazebo/share/autobot_gazebo/package.zsh'
[13.726s] Level 1:colcon.colcon_core.environment:create_file_with_runtime_dependencies(/home/jaden/autobot/autobot/install/autobot_gazebo/share/colcon-core/packages/autobot_gazebo)
[13.727s] DEBUG:colcon.colcon_parallel_executor.executor.parallel:closing loop
[13.727s] DEBUG:colcon.colcon_parallel_executor.executor.parallel:loop closed
[13.727s] DEBUG:colcon.colcon_parallel_executor.executor.parallel:run_until_complete finished with '0'
[13.727s] DEBUG:colcon.colcon_core.event_reactor:joining thread
[13.734s] INFO:colcon.colcon_core.plugin_system:Skipping extension 'colcon_notification.desktop_notification.terminal_notifier': Not used on non-Darwin systems
[13.734s] INFO:colcon.colcon_core.plugin_system:Skipping extension 'colcon_notification.desktop_notification.win32': Not used on non-Windows systems
[13.734s] INFO:colcon.colcon_notification.desktop_notification:Sending desktop notification using 'notify2'
[13.746s] DEBUG:colcon.colcon_core.event_reactor:joined thread
[13.750s] INFO:colcon.colcon_core.shell:Creating prefix script '/home/jaden/autobot/autobot/install/local_setup.ps1'
[13.753s] INFO:colcon.colcon_core.shell:Creating prefix util module '/home/jaden/autobot/autobot/install/_local_setup_util_ps1.py'
[13.758s] INFO:colcon.colcon_core.shell:Creating prefix chain script '/home/jaden/autobot/autobot/install/setup.ps1'
[13.763s] INFO:colcon.colcon_core.shell:Creating prefix script '/home/jaden/autobot/autobot/install/local_setup.sh'
[13.764s] INFO:colcon.colcon_core.shell:Creating prefix util module '/home/jaden/autobot/autobot/install/_local_setup_util_sh.py'
[13.765s] INFO:colcon.colcon_core.shell:Creating prefix chain script '/home/jaden/autobot/autobot/install/setup.sh'
[13.770s] INFO:colcon.colcon_core.shell:Creating prefix script '/home/jaden/autobot/autobot/install/local_setup.bash'
[13.771s] INFO:colcon.colcon_core.shell:Creating prefix chain script '/home/jaden/autobot/autobot/install/setup.bash'
[13.774s] INFO:colcon.colcon_core.shell:Creating prefix script '/home/jaden/autobot/autobot/install/local_setup.zsh'
[13.775s] INFO:colcon.colcon_core.shell:Creating prefix chain script '/home/jaden/autobot/autobot/install/setup.zsh'
