[0.018s] Invoking command in '/home/jaden/autobot/autobot/build/autobot_description': CMAKE_PREFIX_PATH=${CMAKE_PREFIX_PATH}:/opt/ros/humble /usr/bin/cmake /home/jaden/autobot/autobot/autobot_description -DCMAKE_INSTALL_PREFIX=/home/jaden/autobot/autobot/install/autobot_description
[0.030s] -- Found ament_cmake: 1.3.3 (/opt/ros/humble/share/ament_cmake/cmake)
[0.196s] -- Override CMake install command with custom implementation using symlinks instead of copying resources
[0.214s] -- Found rclpy: 3.3.5 (/opt/ros/humble/share/rclpy/cmake)
[0.215s] -- Found gazebo_ros: 3.7.0 (/opt/ros/humble/share/gazebo_ros/cmake)
[0.279s] -- Found rosidl_generator_c: 3.1.4 (/opt/ros/humble/share/rosidl_generator_c/cmake)
[0.283s] -- Found rosidl_adapter: 3.1.4 (/opt/ros/humble/share/rosidl_adapter/cmake)
[0.293s] -- Found rosidl_generator_cpp: 3.1.4 (/opt/ros/humble/share/rosidl_generator_cpp/cmake)
[0.309s] -- Using all available rosidl_typesupport_c: rosidl_typesupport_fastrtps_c;rosidl_typesupport_introspection_c
[0.328s] -- Using all available rosidl_typesupport_cpp: rosidl_typesupport_fastrtps_cpp;rosidl_typesupport_introspection_cpp
[0.391s] -- Found rmw_implementation_cmake: 6.1.1 (/opt/ros/humble/share/rmw_implementation_cmake/cmake)
[0.392s] -- Found rmw_fastrtps_cpp: 6.2.2 (/opt/ros/humble/share/rmw_fastrtps_cpp/cmake)
[0.521s] -- Using RMW implementation 'rmw_fastrtps_cpp' as default
[0.737s] -- Found DART: /usr/include (Required is at least version "6.6") found components: dart 
[0.764s] -- Found Protobuf: /usr/lib/x86_64-linux-gnu/libprotobuf.so (found version "3.12.4") 
[0.765s] -- Looking for ignition-math6 -- found version 6.13.0
[0.769s] -- Searching for dependencies of ignition-math6
[0.770s] -- Looking for OGRE...
[0.775s] -- Found Ogre Ghadamon (1.9.0)
[0.775s] -- Found OGRE: optimized;/usr/lib/x86_64-linux-gnu/libOgreMain.so;debug;/usr/lib/x86_64-linux-gnu/libOgreMain.so
[0.784s] -- Looking for OGRE_Paging...
[0.784s] -- Found OGRE_Paging: optimized;/usr/lib/x86_64-linux-gnu/libOgrePaging.so;debug;/usr/lib/x86_64-linux-gnu/libOgrePaging.so
[0.784s] -- Looking for OGRE_Terrain...
[0.785s] -- Found OGRE_Terrain: optimized;/usr/lib/x86_64-linux-gnu/libOgreTerrain.so;debug;/usr/lib/x86_64-linux-gnu/libOgreTerrain.so
[0.785s] -- Looking for OGRE_Property...
[0.785s] -- Found OGRE_Property: optimized;/usr/lib/x86_64-linux-gnu/libOgreProperty.so;debug;/usr/lib/x86_64-linux-gnu/libOgreProperty.so
[0.785s] -- Looking for OGRE_RTShaderSystem...
[0.785s] -- Found OGRE_RTShaderSystem: optimized;/usr/lib/x86_64-linux-gnu/libOgreRTShaderSystem.so;debug;/usr/lib/x86_64-linux-gnu/libOgreRTShaderSystem.so
[0.785s] -- Looking for OGRE_Volume...
[0.785s] -- Found OGRE_Volume: optimized;/usr/lib/x86_64-linux-gnu/libOgreVolume.so;debug;/usr/lib/x86_64-linux-gnu/libOgreVolume.so
[0.785s] -- Looking for OGRE_Overlay...
[0.785s] -- Found OGRE_Overlay: optimized;/usr/lib/x86_64-linux-gnu/libOgreOverlay.so;debug;/usr/lib/x86_64-linux-gnu/libOgreOverlay.so
[0.895s] -- Looking for ignition-math6 -- found version 6.13.0
[0.896s] -- Looking for ignition-transport8 -- found version 8.2.1
[0.896s] -- Searching for dependencies of ignition-transport8
[0.914s] -- Found Protobuf: /usr/lib/x86_64-linux-gnu/libprotobuf.so (found suitable version "3.12.4", minimum required is "3") 
[0.927s] -- Config-file not installed for ZeroMQ -- checking for pkg-config
[0.934s] -- Checking for module 'libzmq >= 4'
[0.945s] --   Found libzmq , version 4.3.4
[0.975s] -- Checking for module 'uuid'
[0.985s] --   Found uuid, version 2.37.2
[1.009s] -- Looking for ignition-msgs5 -- found version 5.8.1
[1.010s] -- Searching for dependencies of ignition-msgs5
[1.030s] -- Looking for ignition-math6 -- found version 6.13.0
[1.034s] -- Checking for module 'tinyxml2'
[1.044s] --   Found tinyxml2, version 9.0.0
[1.067s] -- Looking for ignition-msgs5 -- found version 5.8.1
[1.067s] -- Looking for ignition-common3 -- found version 3.14.0
[1.068s] -- Searching for dependencies of ignition-common3
[1.068s] -- Looking for dlfcn.h - found
[1.068s] -- Looking for libdl - found
[1.078s] -- Searching for <ignition-common3> component [graphics]
[1.078s] -- Looking for ignition-common3-graphics -- found version 3.14.0
[1.079s] -- Searching for dependencies of ignition-common3-graphics
[1.079s] -- Looking for ignition-math6 -- found version 6.13.0
[1.080s] -- Looking for ignition-fuel_tools4 -- found version 4.4.0
[1.081s] -- Searching for dependencies of ignition-fuel_tools4
[1.118s] -- Checking for module 'jsoncpp'
[1.128s] --   Found jsoncpp, version 1.9.5
[1.156s] -- Checking for module 'libzip'
[1.166s] --   Found libzip, version 1.7.3
[1.189s] -- Looking for ignition-common3 -- found version 3.14.0
[1.189s] -- Looking for ignition-math6 -- found version 6.13.0
[1.189s] -- Looking for ignition-msgs5 -- found version 5.8.1
[1.191s] -- Gazebo version: 11.10
[1.201s] -- Found autobot_gazebo: 0.0.0 (/home/jaden/autobot/install/autobot_gazebo/share/autobot_gazebo/cmake)
[1.204s] -- Found xacro: 2.0.8 (/opt/ros/humble/share/xacro/cmake)
[1.204s] -- Found ament_lint_auto: 0.12.4 (/opt/ros/humble/share/ament_lint_auto/cmake)
[1.282s] -- Added test 'cppcheck' to perform static code analysis on C / C++ code
[1.282s] -- Configured cppcheck include dirs: 
[1.282s] -- Configured cppcheck exclude dirs and/or files: 
[1.283s] -- Added test 'flake8' to check Python code syntax and style conventions
[1.286s] -- Added test 'lint_cmake' to check CMake code style
[1.287s] -- Added test 'pep257' to check Python code against some of the docstring style conventions in PEP 257
[1.296s] -- Added test 'uncrustify' to check C / C++ code style
[1.296s] -- Configured uncrustify additional arguments: 
[1.297s] -- Added test 'xmllint' to check XML markup files
[1.298s] -- Configuring done
[1.304s] -- Generating done
[1.307s] -- Build files have been written to: /home/jaden/autobot/autobot/build/autobot_description
[1.318s] Invoked command in '/home/jaden/autobot/autobot/build/autobot_description' returned '0': CMAKE_PREFIX_PATH=${CMAKE_PREFIX_PATH}:/opt/ros/humble /usr/bin/cmake /home/jaden/autobot/autobot/autobot_description -DCMAKE_INSTALL_PREFIX=/home/jaden/autobot/autobot/install/autobot_description
[1.321s] Invoking command in '/home/jaden/autobot/autobot/build/autobot_description': CMAKE_PREFIX_PATH=${CMAKE_PREFIX_PATH}:/opt/ros/humble /usr/bin/cmake --build /home/jaden/autobot/autobot/build/autobot_description -- -j12 -l12
[1.373s] Invoked command in '/home/jaden/autobot/autobot/build/autobot_description' returned '0': CMAKE_PREFIX_PATH=${CMAKE_PREFIX_PATH}:/opt/ros/humble /usr/bin/cmake --build /home/jaden/autobot/autobot/build/autobot_description -- -j12 -l12
[1.405s] Invoking command in '/home/jaden/autobot/autobot/build/autobot_description': CMAKE_PREFIX_PATH=${CMAKE_PREFIX_PATH}:/opt/ros/humble /usr/bin/cmake --install /home/jaden/autobot/autobot/build/autobot_description
[1.420s] -- Install configuration: ""
[1.421s] -- Execute custom install script
[1.422s] -- Up-to-date symlink: /home/jaden/autobot/autobot/install/autobot_description/share/autobot_description//urdf/autobot.urdf
[1.422s] -- Symlinking: /home/jaden/autobot/autobot/install/autobot_description/share/autobot_description//urdf/plugins.gazebo
[1.437s] -- Up-to-date symlink: /home/jaden/autobot/autobot/install/autobot_description/share/autobot_description//launch/publish_urdf.launch.py
[1.438s] -- Up-to-date symlink: /home/jaden/autobot/autobot/install/autobot_description/share/autobot_description//rviz/autobot.rviz
[1.438s] -- Up-to-date symlink: /home/jaden/autobot/autobot/install/autobot_description/lib/autobot_description/rviz/autobot.rviz
[1.439s] -- Up-to-date symlink: /home/jaden/autobot/autobot/install/autobot_description/lib/autobot_description/urdf/autobot.urdf
[1.439s] -- Symlinking: /home/jaden/autobot/autobot/install/autobot_description/lib/autobot_description/urdf/plugins.gazebo
[1.454s] -- Up-to-date symlink: /home/jaden/autobot/autobot/install/autobot_description/share/ament_index/resource_index/package_run_dependencies/autobot_description
[1.455s] -- Up-to-date symlink: /home/jaden/autobot/autobot/install/autobot_description/share/ament_index/resource_index/parent_prefix_path/autobot_description
[1.455s] -- Up-to-date symlink: /home/jaden/autobot/autobot/install/autobot_description/share/autobot_description/environment/ament_prefix_path.sh
[1.456s] -- Up-to-date symlink: /home/jaden/autobot/autobot/install/autobot_description/share/autobot_description/environment/ament_prefix_path.dsv
[1.456s] -- Up-to-date symlink: /home/jaden/autobot/autobot/install/autobot_description/share/autobot_description/environment/path.sh
[1.457s] -- Up-to-date symlink: /home/jaden/autobot/autobot/install/autobot_description/share/autobot_description/environment/path.dsv
[1.457s] -- Up-to-date symlink: /home/jaden/autobot/autobot/install/autobot_description/share/autobot_description/local_setup.bash
[1.458s] -- Up-to-date symlink: /home/jaden/autobot/autobot/install/autobot_description/share/autobot_description/local_setup.sh
[1.458s] -- Up-to-date symlink: /home/jaden/autobot/autobot/install/autobot_description/share/autobot_description/local_setup.zsh
[1.459s] -- Up-to-date symlink: /home/jaden/autobot/autobot/install/autobot_description/share/autobot_description/local_setup.dsv
[1.459s] -- Symlinking: /home/jaden/autobot/autobot/install/autobot_description/share/autobot_description/package.dsv
[1.477s] -- Up-to-date symlink: /home/jaden/autobot/autobot/install/autobot_description/share/ament_index/resource_index/packages/autobot_description
[1.477s] -- Up-to-date symlink: /home/jaden/autobot/autobot/install/autobot_description/share/autobot_description/cmake/autobot_descriptionConfig.cmake
[1.477s] -- Up-to-date symlink: /home/jaden/autobot/autobot/install/autobot_description/share/autobot_description/cmake/autobot_descriptionConfig-version.cmake
[1.478s] -- Up-to-date symlink: /home/jaden/autobot/autobot/install/autobot_description/share/autobot_description/package.xml
[1.482s] Invoked command in '/home/jaden/autobot/autobot/build/autobot_description' returned '0': CMAKE_PREFIX_PATH=${CMAKE_PREFIX_PATH}:/opt/ros/humble /usr/bin/cmake --install /home/jaden/autobot/autobot/build/autobot_description
