[0.015s] Invoking command in '/home/jaden/autobot/autobot/autobot_description/build/autobot_description': CMAKE_PREFIX_PATH=${CMAKE_PREFIX_PATH}:/opt/ros/humble /usr/bin/cmake /home/jaden/autobot/autobot/autobot_description -DCMAKE_INSTALL_PREFIX=/home/jaden/autobot/autobot/autobot_description/install/autobot_description
[0.167s] -- The C compiler identification is GNU 11.3.0
[0.257s] -- The CXX compiler identification is GNU 11.3.0
[0.267s] -- Detecting C compiler ABI info
[0.342s] -- Detecting C compiler ABI info - done
[0.351s] -- Check for working C compiler: /usr/bin/cc - skipped
[0.352s] -- Detecting C compile features
[0.353s] -- Detecting C compile features - done
[0.357s] -- Detecting CXX compiler ABI info
[0.432s] -- Detecting CXX compiler ABI info - done
[0.443s] -- Check for working CXX compiler: /usr/bin/c++ - skipped
[0.443s] -- Detecting CXX compile features
[0.444s] -- Detecting CXX compile features - done
[0.453s] -- Found ament_cmake: 1.3.3 (/opt/ros/humble/share/ament_cmake/cmake)
[0.626s] -- Found Python3: /usr/bin/python3.10 (found version "3.10.6") found components: Interpreter 
[0.728s] -- Found rclpy: 3.3.5 (/opt/ros/humble/share/rclpy/cmake)
[0.730s] -- Found gazebo_ros: 3.7.0 (/opt/ros/humble/share/gazebo_ros/cmake)
[0.803s] -- Found rosidl_generator_c: 3.1.4 (/opt/ros/humble/share/rosidl_generator_c/cmake)
[0.811s] -- Found rosidl_adapter: 3.1.4 (/opt/ros/humble/share/rosidl_adapter/cmake)
[0.826s] -- Found rosidl_generator_cpp: 3.1.4 (/opt/ros/humble/share/rosidl_generator_cpp/cmake)
[0.848s] -- Using all available rosidl_typesupport_c: rosidl_typesupport_fastrtps_c;rosidl_typesupport_introspection_c
[0.875s] -- Using all available rosidl_typesupport_cpp: rosidl_typesupport_fastrtps_cpp;rosidl_typesupport_introspection_cpp
[0.975s] -- Found rmw_implementation_cmake: 6.1.1 (/opt/ros/humble/share/rmw_implementation_cmake/cmake)
[0.979s] -- Found rmw_fastrtps_cpp: 6.2.2 (/opt/ros/humble/share/rmw_fastrtps_cpp/cmake)
[1.089s] -- Found OpenSSL: /usr/lib/x86_64-linux-gnu/libcrypto.so (found version "3.0.2")  
[1.122s] -- Found FastRTPS: /opt/ros/humble/include  
[1.172s] -- Using RMW implementation 'rmw_fastrtps_cpp' as default
[1.184s] -- Looking for pthread.h
[1.260s] -- Looking for pthread.h - found
[1.260s] -- Performing Test CMAKE_HAVE_LIBC_PTHREAD
[1.325s] -- Performing Test CMAKE_HAVE_LIBC_PTHREAD - Success
[1.327s] -- Found Threads: TRUE  
[1.557s] -- Found PkgConfig: /usr/bin/pkg-config (found version "0.29.2") 
[1.558s] -- Checking for module 'bullet>=2.82'
[1.566s] --   Found bullet, version 3.05
[1.665s] -- Found fcl: /usr/include (found suitable version "0.7.0", minimum required is "0.5.0") 
[1.705s] -- Found assimp: /usr/include (found version "5.2.0") 
[1.733s] -- Found DART: /usr/include (Required is at least version "6.6") found components: dart 
[1.765s] -- Found Boost: /usr/lib/x86_64-linux-gnu/cmake/Boost-1.74.0/BoostConfig.cmake (found suitable version "1.74.0", minimum required is "1.40.0") found components: thread system filesystem program_options regex iostreams date_time 
[1.788s] -- Found Protobuf: /usr/lib/x86_64-linux-gnu/libprotobuf.so (found version "3.12.4") 
[1.793s] -- Looking for ignition-math6 -- found version 6.13.0
[1.803s] -- Searching for dependencies of ignition-math6
[1.807s] -- Looking for OGRE...
[1.808s] -- OGRE_PREFIX_WATCH changed.
[1.814s] -- Checking for module 'OGRE'
[1.824s] --   Found OGRE, version 1.9.0
[1.850s] -- Found Ogre Ghadamon (1.9.0)
[1.858s] -- Found OGRE: optimized;/usr/lib/x86_64-linux-gnu/libOgreMain.so;debug;/usr/lib/x86_64-linux-gnu/libOgreMain.so
[1.869s] -- Looking for OGRE_Paging...
[1.875s] -- Found OGRE_Paging: optimized;/usr/lib/x86_64-linux-gnu/libOgrePaging.so;debug;/usr/lib/x86_64-linux-gnu/libOgrePaging.so
[1.875s] -- Looking for OGRE_Terrain...
[1.880s] -- Found OGRE_Terrain: optimized;/usr/lib/x86_64-linux-gnu/libOgreTerrain.so;debug;/usr/lib/x86_64-linux-gnu/libOgreTerrain.so
[1.880s] -- Looking for OGRE_Property...
[1.886s] -- Found OGRE_Property: optimized;/usr/lib/x86_64-linux-gnu/libOgreProperty.so;debug;/usr/lib/x86_64-linux-gnu/libOgreProperty.so
[1.886s] -- Looking for OGRE_RTShaderSystem...
[1.892s] -- Found OGRE_RTShaderSystem: optimized;/usr/lib/x86_64-linux-gnu/libOgreRTShaderSystem.so;debug;/usr/lib/x86_64-linux-gnu/libOgreRTShaderSystem.so
[1.892s] -- Looking for OGRE_Volume...
[1.897s] -- Found OGRE_Volume: optimized;/usr/lib/x86_64-linux-gnu/libOgreVolume.so;debug;/usr/lib/x86_64-linux-gnu/libOgreVolume.so
[1.897s] -- Looking for OGRE_Overlay...
[1.903s] -- Found OGRE_Overlay: optimized;/usr/lib/x86_64-linux-gnu/libOgreOverlay.so;debug;/usr/lib/x86_64-linux-gnu/libOgreOverlay.so
[2.029s] -- Looking for ignition-math6 -- found version 6.13.0
[2.032s] -- Looking for ignition-transport8 -- found version 8.2.1
[2.032s] -- Searching for dependencies of ignition-transport8
[2.053s] -- Found Protobuf: /usr/lib/x86_64-linux-gnu/libprotobuf.so (found suitable version "3.12.4", minimum required is "3") 
[2.063s] -- Config-file not installed for ZeroMQ -- checking for pkg-config
[2.069s] -- Checking for module 'libzmq >= 4'
[2.084s] --   Found libzmq , version 4.3.4
[2.116s] -- Found ZeroMQ: TRUE (Required is at least version "4") 
[2.122s] -- Checking for module 'uuid'
[2.131s] --   Found uuid, version 2.37.2
[2.154s] -- Found UUID: TRUE  
[2.156s] -- Looking for ignition-msgs5 -- found version 5.8.1
[2.157s] -- Searching for dependencies of ignition-msgs5
[2.176s] -- Looking for ignition-math6 -- found version 6.13.0
[2.181s] -- Checking for module 'tinyxml2'
[2.192s] --   Found tinyxml2, version 9.0.0
[2.222s] -- Looking for ignition-msgs5 -- found version 5.8.1
[2.224s] -- Looking for ignition-common3 -- found version 3.14.0
[2.225s] -- Searching for dependencies of ignition-common3
[2.225s] -- Looking for dlfcn.h - found
[2.226s] -- Looking for libdl - found
[2.228s] -- Found DL: TRUE  
[2.240s] -- Found tinyobjloader: /usr/lib/x86_64-linux-gnu/cmake/tinyobjloader/tinyobjloader-config.cmake (found version "2.0.0") 
[2.240s] -- Searching for <ignition-common3> component [graphics]
[2.243s] -- Looking for ignition-common3-graphics -- found version 3.14.0
[2.243s] -- Searching for dependencies of ignition-common3-graphics
[2.244s] -- Looking for ignition-math6 -- found version 6.13.0
[2.247s] -- Looking for ignition-fuel_tools4 -- found version 4.4.0
[2.247s] -- Searching for dependencies of ignition-fuel_tools4
[2.315s] -- Found CURL: /usr/lib/x86_64-linux-gnu/libcurl.so (found version "7.81.0")  
[2.325s] -- Checking for module 'jsoncpp'
[2.336s] --   Found jsoncpp, version 1.9.5
[2.361s] -- Found JSONCPP: TRUE  
[2.367s] -- Checking for module 'libzip'
[2.377s] --   Found libzip, version 1.7.3
[2.402s] -- Found ZIP: TRUE  
[2.402s] -- Looking for ignition-common3 -- found version 3.14.0
[2.403s] -- Looking for ignition-math6 -- found version 6.13.0
[2.403s] -- Looking for ignition-msgs5 -- found version 5.8.1
[2.408s] -- Gazebo version: 11.10
[2.409s] -- Checking for module 'tbb'
[2.423s] --   Found tbb, version 2021.5.0
[2.461s] -- Found autobot_gazebo: 0.0.0 (/home/jaden/autobot/install/autobot_gazebo/share/autobot_gazebo/cmake)
[2.463s] -- Found ament_lint_auto: 0.12.4 (/opt/ros/humble/share/ament_lint_auto/cmake)
[2.556s] -- Added test 'cppcheck' to perform static code analysis on C / C++ code
[2.556s] -- Configured cppcheck include dirs: 
[2.556s] -- Configured cppcheck exclude dirs and/or files: 
[2.558s] -- Added test 'flake8' to check Python code syntax and style conventions
[2.559s] -- Added test 'lint_cmake' to check CMake code style
[2.560s] -- Added test 'pep257' to check Python code against some of the docstring style conventions in PEP 257
[2.566s] -- Added test 'uncrustify' to check C / C++ code style
[2.566s] -- Configured uncrustify additional arguments: 
[2.567s] -- Added test 'xmllint' to check XML markup files
[2.569s] -- Configuring done
[2.575s] -- Generating done
[2.578s] -- Build files have been written to: /home/jaden/autobot/autobot/autobot_description/build/autobot_description
[2.588s] Invoked command in '/home/jaden/autobot/autobot/autobot_description/build/autobot_description' returned '0': CMAKE_PREFIX_PATH=${CMAKE_PREFIX_PATH}:/opt/ros/humble /usr/bin/cmake /home/jaden/autobot/autobot/autobot_description -DCMAKE_INSTALL_PREFIX=/home/jaden/autobot/autobot/autobot_description/install/autobot_description
[2.590s] Invoking command in '/home/jaden/autobot/autobot/autobot_description/build/autobot_description': CMAKE_PREFIX_PATH=${CMAKE_PREFIX_PATH}:/opt/ros/humble /usr/bin/cmake --build /home/jaden/autobot/autobot/autobot_description/build/autobot_description -- -j12 -l12
[2.631s] Invoked command in '/home/jaden/autobot/autobot/autobot_description/build/autobot_description' returned '0': CMAKE_PREFIX_PATH=${CMAKE_PREFIX_PATH}:/opt/ros/humble /usr/bin/cmake --build /home/jaden/autobot/autobot/autobot_description/build/autobot_description -- -j12 -l12
[2.662s] Invoking command in '/home/jaden/autobot/autobot/autobot_description/build/autobot_description': CMAKE_PREFIX_PATH=${CMAKE_PREFIX_PATH}:/opt/ros/humble /usr/bin/cmake --install /home/jaden/autobot/autobot/autobot_description/build/autobot_description
[2.667s] -- Install configuration: ""
[2.667s] -- Installing: /home/jaden/autobot/autobot/autobot_description/install/autobot_description/share/autobot_description//urdf
[2.667s] -- Installing: /home/jaden/autobot/autobot/autobot_description/install/autobot_description/share/autobot_description//urdf/autobot.urdf
[2.668s] -- Installing: /home/jaden/autobot/autobot/autobot_description/install/autobot_description/share/autobot_description//urdf/autobot.xacro
[2.668s] -- Installing: /home/jaden/autobot/autobot/autobot_description/install/autobot_description/share/autobot_description//urdf/robot.urdf
[2.668s] -- Installing: /home/jaden/autobot/autobot/autobot_description/install/autobot_description/share/autobot_description//launch
[2.669s] -- Installing: /home/jaden/autobot/autobot/autobot_description/install/autobot_description/share/autobot_description//launch/publish_urdf.launch.py
[2.669s] -- Installing: /home/jaden/autobot/autobot/autobot_description/install/autobot_description/share/ament_index/resource_index/package_run_dependencies/autobot_description
[2.669s] -- Installing: /home/jaden/autobot/autobot/autobot_description/install/autobot_description/share/ament_index/resource_index/parent_prefix_path/autobot_description
[2.669s] -- Installing: /home/jaden/autobot/autobot/autobot_description/install/autobot_description/share/autobot_description/environment/ament_prefix_path.sh
[2.669s] -- Installing: /home/jaden/autobot/autobot/autobot_description/install/autobot_description/share/autobot_description/environment/ament_prefix_path.dsv
[2.669s] -- Installing: /home/jaden/autobot/autobot/autobot_description/install/autobot_description/share/autobot_description/environment/path.sh
[2.669s] -- Installing: /home/jaden/autobot/autobot/autobot_description/install/autobot_description/share/autobot_description/environment/path.dsv
[2.670s] -- Installing: /home/jaden/autobot/autobot/autobot_description/install/autobot_description/share/autobot_description/local_setup.bash
[2.670s] -- Installing: /home/jaden/autobot/autobot/autobot_description/install/autobot_description/share/autobot_description/local_setup.sh
[2.670s] -- Installing: /home/jaden/autobot/autobot/autobot_description/install/autobot_description/share/autobot_description/local_setup.zsh
[2.670s] -- Installing: /home/jaden/autobot/autobot/autobot_description/install/autobot_description/share/autobot_description/local_setup.dsv
[2.670s] -- Installing: /home/jaden/autobot/autobot/autobot_description/install/autobot_description/share/autobot_description/package.dsv
[2.670s] -- Installing: /home/jaden/autobot/autobot/autobot_description/install/autobot_description/share/ament_index/resource_index/packages/autobot_description
[2.670s] -- Installing: /home/jaden/autobot/autobot/autobot_description/install/autobot_description/share/autobot_description/cmake/autobot_descriptionConfig.cmake
[2.671s] -- Installing: /home/jaden/autobot/autobot/autobot_description/install/autobot_description/share/autobot_description/cmake/autobot_descriptionConfig-version.cmake
[2.671s] -- Installing: /home/jaden/autobot/autobot/autobot_description/install/autobot_description/share/autobot_description/package.xml
[2.673s] Invoked command in '/home/jaden/autobot/autobot/autobot_description/build/autobot_description' returned '0': CMAKE_PREFIX_PATH=${CMAKE_PREFIX_PATH}:/opt/ros/humble /usr/bin/cmake --install /home/jaden/autobot/autobot/autobot_description/build/autobot_description
