[0.281s] DEBUG:colcon:Command line arguments: ['/usr/bin/colcon', 'build']
[0.281s] DEBUG:colcon:Parsed command line arguments: Namespace(log_base=None, log_level=None, verb_name='build', build_base='build', install_base='install', merge_install=False, symlink_install=False, test_result_base=None, continue_on_error=False, executor='parallel', parallel_workers=12, event_handlers=None, ignore_user_meta=False, metas=['./colcon.meta'], base_paths=['.'], packages_ignore=None, packages_ignore_regex=None, paths=None, packages_up_to=None, packages_up_to_regex=None, packages_above=None, packages_above_and_dependencies=None, packages_above_depth=None, packages_select_by_dep=None, packages_skip_by_dep=None, packages_skip_up_to=None, packages_select_build_failed=False, packages_skip_build_finished=False, packages_select_test_failures=False, packages_skip_test_passed=False, packages_select=None, packages_skip=None, packages_select_regex=None, packages_skip_regex=None, packages_start=None, packages_end=None, allow_overriding=[], cmake_args=None, cmake_target=None, cmake_target_skip_unavailable=False, cmake_clean_cache=False, cmake_clean_first=False, cmake_force_configure=False, ament_cmake_args=None, catkin_cmake_args=None, catkin_skip_building_tests=False, verb_parser=<colcon_defaults.argument_parser.defaults.DefaultArgumentsDecorator object at 0x7f543984e200>, verb_extension=<colcon_core.verb.build.BuildVerb object at 0x7f543a1bfc70>, main=<bound method BuildVerb.main of <colcon_core.verb.build.BuildVerb object at 0x7f543a1bfc70>>)
[0.299s] Level 1:colcon.colcon_core.package_discovery:discover_packages(colcon_meta) check parameters
[0.299s] Level 1:colcon.colcon_core.package_discovery:discover_packages(recursive) check parameters
[0.299s] Level 1:colcon.colcon_core.package_discovery:discover_packages(ignore) check parameters
[0.299s] Level 1:colcon.colcon_core.package_discovery:discover_packages(path) check parameters
[0.299s] Level 1:colcon.colcon_core.package_discovery:discover_packages(colcon_meta) discover
[0.299s] Level 1:colcon.colcon_core.package_discovery:discover_packages(recursive) discover
[0.299s] INFO:colcon.colcon_core.package_discovery:Crawling recursively for packages in '/home/jaden/autobot/autobot'
[0.299s] Level 1:colcon.colcon_core.package_identification:_identify(.) by extensions ['ignore', 'ignore_ament_install']
[0.300s] Level 1:colcon.colcon_core.package_identification:_identify(.) by extension 'ignore'
[0.300s] Level 1:colcon.colcon_core.package_identification:_identify(.) by extension 'ignore_ament_install'
[0.300s] Level 1:colcon.colcon_core.package_identification:_identify(.) by extensions ['colcon_pkg']
[0.300s] Level 1:colcon.colcon_core.package_identification:_identify(.) by extension 'colcon_pkg'
[0.300s] Level 1:colcon.colcon_core.package_identification:_identify(.) by extensions ['colcon_meta']
[0.300s] Level 1:colcon.colcon_core.package_identification:_identify(.) by extension 'colcon_meta'
[0.300s] Level 1:colcon.colcon_core.package_identification:_identify(.) by extensions ['ros']
[0.300s] Level 1:colcon.colcon_core.package_identification:_identify(.) by extension 'ros'
[0.318s] Level 1:colcon.colcon_core.package_identification:_identify(.) by extensions ['cmake', 'python']
[0.318s] Level 1:colcon.colcon_core.package_identification:_identify(.) by extension 'cmake'
[0.318s] Level 1:colcon.colcon_core.package_identification:_identify(.) by extension 'python'
[0.318s] Level 1:colcon.colcon_core.package_identification:_identify(.) by extensions ['python_setup_py']
[0.318s] Level 1:colcon.colcon_core.package_identification:_identify(.) by extension 'python_setup_py'
[0.318s] Level 1:colcon.colcon_core.package_identification:_identify(autobot_description) by extensions ['ignore', 'ignore_ament_install']
[0.319s] Level 1:colcon.colcon_core.package_identification:_identify(autobot_description) by extension 'ignore'
[0.319s] Level 1:colcon.colcon_core.package_identification:_identify(autobot_description) by extension 'ignore_ament_install'
[0.319s] Level 1:colcon.colcon_core.package_identification:_identify(autobot_description) by extensions ['colcon_pkg']
[0.319s] Level 1:colcon.colcon_core.package_identification:_identify(autobot_description) by extension 'colcon_pkg'
[0.319s] Level 1:colcon.colcon_core.package_identification:_identify(autobot_description) by extensions ['colcon_meta']
[0.319s] Level 1:colcon.colcon_core.package_identification:_identify(autobot_description) by extension 'colcon_meta'
[0.319s] Level 1:colcon.colcon_core.package_identification:_identify(autobot_description) by extensions ['ros']
[0.319s] Level 1:colcon.colcon_core.package_identification:_identify(autobot_description) by extension 'ros'
[0.321s] DEBUG:colcon.colcon_core.package_identification:Package 'autobot_description' with type 'ros.ament_cmake' and name 'autobot_description'
[0.321s] Level 1:colcon.colcon_core.package_identification:_identify(autobot_gazebo) by extensions ['ignore', 'ignore_ament_install']
[0.321s] Level 1:colcon.colcon_core.package_identification:_identify(autobot_gazebo) by extension 'ignore'
[0.321s] Level 1:colcon.colcon_core.package_identification:_identify(autobot_gazebo) by extension 'ignore_ament_install'
[0.321s] Level 1:colcon.colcon_core.package_identification:_identify(autobot_gazebo) by extensions ['colcon_pkg']
[0.321s] Level 1:colcon.colcon_core.package_identification:_identify(autobot_gazebo) by extension 'colcon_pkg'
[0.321s] Level 1:colcon.colcon_core.package_identification:_identify(autobot_gazebo) by extensions ['colcon_meta']
[0.322s] Level 1:colcon.colcon_core.package_identification:_identify(autobot_gazebo) by extension 'colcon_meta'
[0.322s] Level 1:colcon.colcon_core.package_identification:_identify(autobot_gazebo) by extensions ['ros']
[0.322s] Level 1:colcon.colcon_core.package_identification:_identify(autobot_gazebo) by extension 'ros'
[0.322s] DEBUG:colcon.colcon_core.package_identification:Package 'autobot_gazebo' with type 'ros.ament_cmake' and name 'autobot_gazebo'
[0.322s] Level 1:colcon.colcon_core.package_identification:_identify(build) by extensions ['ignore', 'ignore_ament_install']
[0.322s] Level 1:colcon.colcon_core.package_identification:_identify(build) by extension 'ignore'
[0.322s] Level 1:colcon.colcon_core.package_identification:_identify(build) ignored
[0.323s] Level 1:colcon.colcon_core.package_identification:_identify(install) by extensions ['ignore', 'ignore_ament_install']
[0.323s] Level 1:colcon.colcon_core.package_identification:_identify(install) by extension 'ignore'
[0.323s] Level 1:colcon.colcon_core.package_identification:_identify(install) ignored
[0.323s] Level 1:colcon.colcon_core.package_identification:_identify(log) by extensions ['ignore', 'ignore_ament_install']
[0.323s] Level 1:colcon.colcon_core.package_identification:_identify(log) by extension 'ignore'
[0.323s] Level 1:colcon.colcon_core.package_identification:_identify(log) ignored
[0.323s] Level 1:colcon.colcon_core.package_discovery:discover_packages(recursive) using defaults
[0.323s] Level 1:colcon.colcon_core.package_discovery:discover_packages(ignore) discover
[0.323s] Level 1:colcon.colcon_core.package_discovery:discover_packages(ignore) using defaults
[0.323s] Level 1:colcon.colcon_core.package_discovery:discover_packages(path) discover
[0.323s] Level 1:colcon.colcon_core.package_discovery:discover_packages(path) using defaults
[0.344s] Level 1:colcon.colcon_core.package_discovery:discover_packages(prefix_path) check parameters
[0.344s] Level 1:colcon.colcon_core.package_discovery:discover_packages(prefix_path) discover
[0.347s] DEBUG:colcon.colcon_installed_package_information.package_discovery:Found 2 installed packages in /home/jaden/autobot/autobot/install
[0.347s] DEBUG:colcon.colcon_installed_package_information.package_discovery:Found 2 installed packages in /home/jaden/autobot/install
[0.348s] DEBUG:colcon.colcon_installed_package_information.package_discovery:Found 4 installed packages in /home/jaden/ROS2_TWO_WHEELED_ROBOT/install
[0.350s] DEBUG:colcon.colcon_installed_package_information.package_discovery:Found 278 installed packages in /opt/ros/humble
[0.352s] Level 1:colcon.colcon_core.package_discovery:discover_packages(prefix_path) using defaults
[0.407s] Level 5:colcon.colcon_core.verb:set package 'autobot_description' build argument 'cmake_args' from command line to 'None'
[0.407s] Level 5:colcon.colcon_core.verb:set package 'autobot_description' build argument 'cmake_target' from command line to 'None'
[0.407s] Level 5:colcon.colcon_core.verb:set package 'autobot_description' build argument 'cmake_target_skip_unavailable' from command line to 'False'
[0.407s] Level 5:colcon.colcon_core.verb:set package 'autobot_description' build argument 'cmake_clean_cache' from command line to 'False'
[0.407s] Level 5:colcon.colcon_core.verb:set package 'autobot_description' build argument 'cmake_clean_first' from command line to 'False'
[0.408s] Level 5:colcon.colcon_core.verb:set package 'autobot_description' build argument 'cmake_force_configure' from command line to 'False'
[0.408s] Level 5:colcon.colcon_core.verb:set package 'autobot_description' build argument 'ament_cmake_args' from command line to 'None'
[0.408s] Level 5:colcon.colcon_core.verb:set package 'autobot_description' build argument 'catkin_cmake_args' from command line to 'None'
[0.408s] Level 5:colcon.colcon_core.verb:set package 'autobot_description' build argument 'catkin_skip_building_tests' from command line to 'False'
[0.408s] DEBUG:colcon.colcon_core.verb:Building package 'autobot_description' with the following arguments: {'ament_cmake_args': None, 'build_base': '/home/jaden/autobot/autobot/build/autobot_description', 'catkin_cmake_args': None, 'catkin_skip_building_tests': False, 'cmake_args': None, 'cmake_clean_cache': False, 'cmake_clean_first': False, 'cmake_force_configure': False, 'cmake_target': None, 'cmake_target_skip_unavailable': False, 'install_base': '/home/jaden/autobot/autobot/install/autobot_description', 'merge_install': False, 'path': '/home/jaden/autobot/autobot/autobot_description', 'symlink_install': False, 'test_result_base': None}
[0.409s] Level 5:colcon.colcon_core.verb:set package 'autobot_gazebo' build argument 'cmake_args' from command line to 'None'
[0.409s] Level 5:colcon.colcon_core.verb:set package 'autobot_gazebo' build argument 'cmake_target' from command line to 'None'
[0.409s] Level 5:colcon.colcon_core.verb:set package 'autobot_gazebo' build argument 'cmake_target_skip_unavailable' from command line to 'False'
[0.409s] Level 5:colcon.colcon_core.verb:set package 'autobot_gazebo' build argument 'cmake_clean_cache' from command line to 'False'
[0.409s] Level 5:colcon.colcon_core.verb:set package 'autobot_gazebo' build argument 'cmake_clean_first' from command line to 'False'
[0.409s] Level 5:colcon.colcon_core.verb:set package 'autobot_gazebo' build argument 'cmake_force_configure' from command line to 'False'
[0.409s] Level 5:colcon.colcon_core.verb:set package 'autobot_gazebo' build argument 'ament_cmake_args' from command line to 'None'
[0.409s] Level 5:colcon.colcon_core.verb:set package 'autobot_gazebo' build argument 'catkin_cmake_args' from command line to 'None'
[0.409s] Level 5:colcon.colcon_core.verb:set package 'autobot_gazebo' build argument 'catkin_skip_building_tests' from command line to 'False'
[0.409s] DEBUG:colcon.colcon_core.verb:Building package 'autobot_gazebo' with the following arguments: {'ament_cmake_args': None, 'build_base': '/home/jaden/autobot/autobot/build/autobot_gazebo', 'catkin_cmake_args': None, 'catkin_skip_building_tests': False, 'cmake_args': None, 'cmake_clean_cache': False, 'cmake_clean_first': False, 'cmake_force_configure': False, 'cmake_target': None, 'cmake_target_skip_unavailable': False, 'install_base': '/home/jaden/autobot/autobot/install/autobot_gazebo', 'merge_install': False, 'path': '/home/jaden/autobot/autobot/autobot_gazebo', 'symlink_install': False, 'test_result_base': None}
[0.409s] INFO:colcon.colcon_core.executor:Executing jobs using 'parallel' executor
[0.413s] DEBUG:colcon.colcon_parallel_executor.executor.parallel:run_until_complete
[0.413s] INFO:colcon.colcon_ros.task.ament_cmake.build:Building ROS package in '/home/jaden/autobot/autobot/autobot_description' with build type 'ament_cmake'
[0.414s] INFO:colcon.colcon_cmake.task.cmake.build:Building CMake package in '/home/jaden/autobot/autobot/autobot_description'
[0.418s] INFO:colcon.colcon_core.plugin_system:Skipping extension 'colcon_core.shell.bat': Not used on non-Windows systems
[0.418s] INFO:colcon.colcon_core.shell:Skip shell extension 'powershell' for command environment: Not usable outside of PowerShell
[0.418s] DEBUG:colcon.colcon_core.shell:Skip shell extension 'dsv' for command environment
[0.435s] DEBUG:colcon.colcon_core.event_handler.log_command:Invoking command in '/home/jaden/autobot/autobot/build/autobot_description': CMAKE_PREFIX_PATH=${CMAKE_PREFIX_PATH}:/opt/ros/humble /usr/bin/cmake --build /home/jaden/autobot/autobot/build/autobot_description -- -j12 -l12
[0.479s] DEBUG:colcon.colcon_core.event_handler.log_command:Invoked command in '/home/jaden/autobot/autobot/build/autobot_description' returned '0': CMAKE_PREFIX_PATH=${CMAKE_PREFIX_PATH}:/opt/ros/humble /usr/bin/cmake --build /home/jaden/autobot/autobot/build/autobot_description -- -j12 -l12
[0.504s] DEBUG:colcon.colcon_core.event_handler.log_command:Invoking command in '/home/jaden/autobot/autobot/build/autobot_description': CMAKE_PREFIX_PATH=${CMAKE_PREFIX_PATH}:/opt/ros/humble /usr/bin/cmake --install /home/jaden/autobot/autobot/build/autobot_description
[0.523s] Level 1:colcon.colcon_core.environment:create_environment_scripts_only(autobot_description)
[0.524s] DEBUG:colcon.colcon_core.event_handler.log_command:Invoked command in '/home/jaden/autobot/autobot/build/autobot_description' returned '0': CMAKE_PREFIX_PATH=${CMAKE_PREFIX_PATH}:/opt/ros/humble /usr/bin/cmake --install /home/jaden/autobot/autobot/build/autobot_description
[0.531s] Level 1:colcon.colcon_core.environment:checking '/home/jaden/autobot/autobot/install/autobot_description' for CMake module files
[0.532s] Level 1:colcon.colcon_core.environment:checking '/home/jaden/autobot/autobot/install/autobot_description' for CMake config files
[0.533s] Level 1:colcon.colcon_core.shell:create_environment_hook('autobot_description', 'cmake_prefix_path')
[0.535s] INFO:colcon.colcon_core.shell:Creating environment hook '/home/jaden/autobot/autobot/install/autobot_description/share/autobot_description/hook/cmake_prefix_path.ps1'
[0.536s] INFO:colcon.colcon_core.shell:Creating environment descriptor '/home/jaden/autobot/autobot/install/autobot_description/share/autobot_description/hook/cmake_prefix_path.dsv'
[0.536s] INFO:colcon.colcon_core.shell:Creating environment hook '/home/jaden/autobot/autobot/install/autobot_description/share/autobot_description/hook/cmake_prefix_path.sh'
[0.537s] Level 1:colcon.colcon_core.environment:checking '/home/jaden/autobot/autobot/install/autobot_description/lib'
[0.538s] Level 1:colcon.colcon_core.environment:checking '/home/jaden/autobot/autobot/install/autobot_description/bin'
[0.538s] Level 1:colcon.colcon_core.environment:checking '/home/jaden/autobot/autobot/install/autobot_description/lib/pkgconfig/autobot_description.pc'
[0.538s] Level 1:colcon.colcon_core.environment:checking '/home/jaden/autobot/autobot/install/autobot_description/lib/python3.10/site-packages'
[0.538s] Level 1:colcon.colcon_core.environment:checking '/home/jaden/autobot/autobot/install/autobot_description/bin'
[0.540s] INFO:colcon.colcon_core.shell:Creating package script '/home/jaden/autobot/autobot/install/autobot_description/share/autobot_description/package.ps1'
[0.541s] INFO:colcon.colcon_core.shell:Creating package descriptor '/home/jaden/autobot/autobot/install/autobot_description/share/autobot_description/package.dsv'
[0.542s] INFO:colcon.colcon_core.shell:Creating package script '/home/jaden/autobot/autobot/install/autobot_description/share/autobot_description/package.sh'
[0.543s] INFO:colcon.colcon_core.shell:Creating package script '/home/jaden/autobot/autobot/install/autobot_description/share/autobot_description/package.bash'
[0.544s] INFO:colcon.colcon_core.shell:Creating package script '/home/jaden/autobot/autobot/install/autobot_description/share/autobot_description/package.zsh'
[0.545s] Level 1:colcon.colcon_core.environment:create_file_with_runtime_dependencies(/home/jaden/autobot/autobot/install/autobot_description/share/colcon-core/packages/autobot_description)
[0.565s] Level 1:colcon.colcon_core.environment:create_environment_scripts_only(autobot_description)
[0.567s] Level 1:colcon.colcon_core.environment:checking '/home/jaden/autobot/autobot/install/autobot_description' for CMake module files
[0.568s] Level 1:colcon.colcon_core.environment:checking '/home/jaden/autobot/autobot/install/autobot_description' for CMake config files
[0.569s] Level 1:colcon.colcon_core.shell:create_environment_hook('autobot_description', 'cmake_prefix_path')
[0.571s] INFO:colcon.colcon_core.shell:Creating environment hook '/home/jaden/autobot/autobot/install/autobot_description/share/autobot_description/hook/cmake_prefix_path.ps1'
[0.571s] INFO:colcon.colcon_core.shell:Creating environment descriptor '/home/jaden/autobot/autobot/install/autobot_description/share/autobot_description/hook/cmake_prefix_path.dsv'
[0.571s] INFO:colcon.colcon_core.shell:Creating environment hook '/home/jaden/autobot/autobot/install/autobot_description/share/autobot_description/hook/cmake_prefix_path.sh'
[0.572s] Level 1:colcon.colcon_core.environment:checking '/home/jaden/autobot/autobot/install/autobot_description/lib'
[0.572s] Level 1:colcon.colcon_core.environment:checking '/home/jaden/autobot/autobot/install/autobot_description/bin'
[0.572s] Level 1:colcon.colcon_core.environment:checking '/home/jaden/autobot/autobot/install/autobot_description/lib/pkgconfig/autobot_description.pc'
[0.573s] Level 1:colcon.colcon_core.environment:checking '/home/jaden/autobot/autobot/install/autobot_description/lib/python3.10/site-packages'
[0.573s] Level 1:colcon.colcon_core.environment:checking '/home/jaden/autobot/autobot/install/autobot_description/bin'
[0.575s] INFO:colcon.colcon_core.shell:Creating package script '/home/jaden/autobot/autobot/install/autobot_description/share/autobot_description/package.ps1'
[0.575s] INFO:colcon.colcon_core.shell:Creating package descriptor '/home/jaden/autobot/autobot/install/autobot_description/share/autobot_description/package.dsv'
[0.576s] INFO:colcon.colcon_core.shell:Creating package script '/home/jaden/autobot/autobot/install/autobot_description/share/autobot_description/package.sh'
[0.576s] INFO:colcon.colcon_core.shell:Creating package script '/home/jaden/autobot/autobot/install/autobot_description/share/autobot_description/package.bash'
[0.577s] INFO:colcon.colcon_core.shell:Creating package script '/home/jaden/autobot/autobot/install/autobot_description/share/autobot_description/package.zsh'
[0.577s] Level 1:colcon.colcon_core.environment:create_file_with_runtime_dependencies(/home/jaden/autobot/autobot/install/autobot_description/share/colcon-core/packages/autobot_description)
[0.578s] INFO:colcon.colcon_ros.task.ament_cmake.build:Building ROS package in '/home/jaden/autobot/autobot/autobot_gazebo' with build type 'ament_cmake'
[0.578s] INFO:colcon.colcon_cmake.task.cmake.build:Building CMake package in '/home/jaden/autobot/autobot/autobot_gazebo'
[0.580s] INFO:colcon.colcon_core.shell:Skip shell extension 'powershell' for command environment: Not usable outside of PowerShell
[0.580s] DEBUG:colcon.colcon_core.shell:Skip shell extension 'dsv' for command environment
[0.596s] DEBUG:colcon.colcon_core.event_handler.log_command:Invoking command in '/home/jaden/autobot/autobot/build/autobot_gazebo': CMAKE_PREFIX_PATH=/home/jaden/autobot/autobot/install/autobot_description:/home/jaden/autobot/autobot/install/autobot_gazebo:/home/jaden/autobot/install/autobot_gazebo:/home/jaden/autobot/install/autobot_description:/home/jaden/ROS2_TWO_WHEELED_ROBOT/install/dolly:/home/jaden/ROS2_TWO_WHEELED_ROBOT/install/dolly_gazebo:/home/jaden/ROS2_TWO_WHEELED_ROBOT/install/dolly_follow:/home/jaden/ROS2_TWO_WHEELED_ROBOT/install/dolly_drive:/opt/ros/humble /usr/bin/cmake --build /home/jaden/autobot/autobot/build/autobot_gazebo -- -j12 -l12
[2.404s] DEBUG:colcon.colcon_core.event_handler.log_command:Invoked command in '/home/jaden/autobot/autobot/build/autobot_gazebo' returned '0': CMAKE_PREFIX_PATH=/home/jaden/autobot/autobot/install/autobot_description:/home/jaden/autobot/autobot/install/autobot_gazebo:/home/jaden/autobot/install/autobot_gazebo:/home/jaden/autobot/install/autobot_description:/home/jaden/ROS2_TWO_WHEELED_ROBOT/install/dolly:/home/jaden/ROS2_TWO_WHEELED_ROBOT/install/dolly_gazebo:/home/jaden/ROS2_TWO_WHEELED_ROBOT/install/dolly_follow:/home/jaden/ROS2_TWO_WHEELED_ROBOT/install/dolly_drive:/opt/ros/humble /usr/bin/cmake --build /home/jaden/autobot/autobot/build/autobot_gazebo -- -j12 -l12
[2.432s] DEBUG:colcon.colcon_core.event_handler.log_command:Invoking command in '/home/jaden/autobot/autobot/build/autobot_gazebo': CMAKE_PREFIX_PATH=/home/jaden/autobot/autobot/install/autobot_description:/home/jaden/autobot/autobot/install/autobot_gazebo:/home/jaden/autobot/install/autobot_gazebo:/home/jaden/autobot/install/autobot_description:/home/jaden/ROS2_TWO_WHEELED_ROBOT/install/dolly:/home/jaden/ROS2_TWO_WHEELED_ROBOT/install/dolly_gazebo:/home/jaden/ROS2_TWO_WHEELED_ROBOT/install/dolly_follow:/home/jaden/ROS2_TWO_WHEELED_ROBOT/install/dolly_drive:/opt/ros/humble /usr/bin/cmake --install /home/jaden/autobot/autobot/build/autobot_gazebo
[2.452s] Level 1:colcon.colcon_core.environment:create_environment_scripts_only(autobot_gazebo)
[2.455s] Level 1:colcon.colcon_core.environment:checking '/home/jaden/autobot/autobot/install/autobot_gazebo' for CMake module files
[2.455s] DEBUG:colcon.colcon_core.event_handler.log_command:Invoked command in '/home/jaden/autobot/autobot/build/autobot_gazebo' returned '0': CMAKE_PREFIX_PATH=/home/jaden/autobot/autobot/install/autobot_description:/home/jaden/autobot/autobot/install/autobot_gazebo:/home/jaden/autobot/install/autobot_gazebo:/home/jaden/autobot/install/autobot_description:/home/jaden/ROS2_TWO_WHEELED_ROBOT/install/dolly:/home/jaden/ROS2_TWO_WHEELED_ROBOT/install/dolly_gazebo:/home/jaden/ROS2_TWO_WHEELED_ROBOT/install/dolly_follow:/home/jaden/ROS2_TWO_WHEELED_ROBOT/install/dolly_drive:/opt/ros/humble /usr/bin/cmake --install /home/jaden/autobot/autobot/build/autobot_gazebo
[2.456s] Level 1:colcon.colcon_core.environment:checking '/home/jaden/autobot/autobot/install/autobot_gazebo' for CMake config files
[2.456s] Level 1:colcon.colcon_core.shell:create_environment_hook('autobot_gazebo', 'cmake_prefix_path')
[2.458s] INFO:colcon.colcon_core.shell:Creating environment hook '/home/jaden/autobot/autobot/install/autobot_gazebo/share/autobot_gazebo/hook/cmake_prefix_path.ps1'
[2.459s] INFO:colcon.colcon_core.shell:Creating environment descriptor '/home/jaden/autobot/autobot/install/autobot_gazebo/share/autobot_gazebo/hook/cmake_prefix_path.dsv'
[2.459s] INFO:colcon.colcon_core.shell:Creating environment hook '/home/jaden/autobot/autobot/install/autobot_gazebo/share/autobot_gazebo/hook/cmake_prefix_path.sh'
[2.460s] Level 1:colcon.colcon_core.environment:checking '/home/jaden/autobot/autobot/install/autobot_gazebo/lib'
[2.460s] Level 1:colcon.colcon_core.environment:checking '/home/jaden/autobot/autobot/install/autobot_gazebo/bin'
[2.460s] Level 1:colcon.colcon_core.environment:checking '/home/jaden/autobot/autobot/install/autobot_gazebo/lib/pkgconfig/autobot_gazebo.pc'
[2.460s] Level 1:colcon.colcon_core.environment:checking '/home/jaden/autobot/autobot/install/autobot_gazebo/lib/python3.10/site-packages'
[2.460s] Level 1:colcon.colcon_core.environment:checking '/home/jaden/autobot/autobot/install/autobot_gazebo/bin'
[2.462s] INFO:colcon.colcon_core.shell:Creating package script '/home/jaden/autobot/autobot/install/autobot_gazebo/share/autobot_gazebo/package.ps1'
[2.463s] INFO:colcon.colcon_core.shell:Creating package descriptor '/home/jaden/autobot/autobot/install/autobot_gazebo/share/autobot_gazebo/package.dsv'
[2.463s] INFO:colcon.colcon_core.shell:Creating package script '/home/jaden/autobot/autobot/install/autobot_gazebo/share/autobot_gazebo/package.sh'
[2.464s] INFO:colcon.colcon_core.shell:Creating package script '/home/jaden/autobot/autobot/install/autobot_gazebo/share/autobot_gazebo/package.bash'
[2.464s] INFO:colcon.colcon_core.shell:Creating package script '/home/jaden/autobot/autobot/install/autobot_gazebo/share/autobot_gazebo/package.zsh'
[2.465s] Level 1:colcon.colcon_core.environment:create_file_with_runtime_dependencies(/home/jaden/autobot/autobot/install/autobot_gazebo/share/colcon-core/packages/autobot_gazebo)
[2.496s] Level 1:colcon.colcon_core.environment:create_environment_scripts_only(autobot_gazebo)
[2.499s] Level 1:colcon.colcon_core.environment:checking '/home/jaden/autobot/autobot/install/autobot_gazebo' for CMake module files
[2.500s] Level 1:colcon.colcon_core.environment:checking '/home/jaden/autobot/autobot/install/autobot_gazebo' for CMake config files
[2.500s] Level 1:colcon.colcon_core.shell:create_environment_hook('autobot_gazebo', 'cmake_prefix_path')
[2.502s] INFO:colcon.colcon_core.shell:Creating environment hook '/home/jaden/autobot/autobot/install/autobot_gazebo/share/autobot_gazebo/hook/cmake_prefix_path.ps1'
[2.502s] INFO:colcon.colcon_core.shell:Creating environment descriptor '/home/jaden/autobot/autobot/install/autobot_gazebo/share/autobot_gazebo/hook/cmake_prefix_path.dsv'
[2.503s] INFO:colcon.colcon_core.shell:Creating environment hook '/home/jaden/autobot/autobot/install/autobot_gazebo/share/autobot_gazebo/hook/cmake_prefix_path.sh'
[2.504s] Level 1:colcon.colcon_core.environment:checking '/home/jaden/autobot/autobot/install/autobot_gazebo/lib'
[2.504s] Level 1:colcon.colcon_core.environment:checking '/home/jaden/autobot/autobot/install/autobot_gazebo/bin'
[2.504s] Level 1:colcon.colcon_core.environment:checking '/home/jaden/autobot/autobot/install/autobot_gazebo/lib/pkgconfig/autobot_gazebo.pc'
[2.504s] Level 1:colcon.colcon_core.environment:checking '/home/jaden/autobot/autobot/install/autobot_gazebo/lib/python3.10/site-packages'
[2.504s] Level 1:colcon.colcon_core.environment:checking '/home/jaden/autobot/autobot/install/autobot_gazebo/bin'
[2.506s] INFO:colcon.colcon_core.shell:Creating package script '/home/jaden/autobot/autobot/install/autobot_gazebo/share/autobot_gazebo/package.ps1'
[2.507s] INFO:colcon.colcon_core.shell:Creating package descriptor '/home/jaden/autobot/autobot/install/autobot_gazebo/share/autobot_gazebo/package.dsv'
[2.507s] INFO:colcon.colcon_core.shell:Creating package script '/home/jaden/autobot/autobot/install/autobot_gazebo/share/autobot_gazebo/package.sh'
[2.508s] INFO:colcon.colcon_core.shell:Creating package script '/home/jaden/autobot/autobot/install/autobot_gazebo/share/autobot_gazebo/package.bash'
[2.508s] INFO:colcon.colcon_core.shell:Creating package script '/home/jaden/autobot/autobot/install/autobot_gazebo/share/autobot_gazebo/package.zsh'
[2.509s] Level 1:colcon.colcon_core.environment:create_file_with_runtime_dependencies(/home/jaden/autobot/autobot/install/autobot_gazebo/share/colcon-core/packages/autobot_gazebo)
[2.509s] DEBUG:colcon.colcon_parallel_executor.executor.parallel:closing loop
[2.510s] DEBUG:colcon.colcon_parallel_executor.executor.parallel:loop closed
[2.510s] DEBUG:colcon.colcon_parallel_executor.executor.parallel:run_until_complete finished with '0'
[2.510s] DEBUG:colcon.colcon_core.event_reactor:joining thread
[2.518s] INFO:colcon.colcon_core.plugin_system:Skipping extension 'colcon_notification.desktop_notification.terminal_notifier': Not used on non-Darwin systems
[2.519s] INFO:colcon.colcon_core.plugin_system:Skipping extension 'colcon_notification.desktop_notification.win32': Not used on non-Windows systems
[2.519s] INFO:colcon.colcon_notification.desktop_notification:Sending desktop notification using 'notify2'
[2.535s] DEBUG:colcon.colcon_core.event_reactor:joined thread
[2.536s] INFO:colcon.colcon_core.shell:Creating prefix script '/home/jaden/autobot/autobot/install/local_setup.ps1'
[2.538s] INFO:colcon.colcon_core.shell:Creating prefix util module '/home/jaden/autobot/autobot/install/_local_setup_util_ps1.py'
[2.539s] INFO:colcon.colcon_core.shell:Creating prefix chain script '/home/jaden/autobot/autobot/install/setup.ps1'
[2.541s] INFO:colcon.colcon_core.shell:Creating prefix script '/home/jaden/autobot/autobot/install/local_setup.sh'
[2.542s] INFO:colcon.colcon_core.shell:Creating prefix util module '/home/jaden/autobot/autobot/install/_local_setup_util_sh.py'
[2.542s] INFO:colcon.colcon_core.shell:Creating prefix chain script '/home/jaden/autobot/autobot/install/setup.sh'
[2.544s] INFO:colcon.colcon_core.shell:Creating prefix script '/home/jaden/autobot/autobot/install/local_setup.bash'
[2.545s] INFO:colcon.colcon_core.shell:Creating prefix chain script '/home/jaden/autobot/autobot/install/setup.bash'
[2.546s] INFO:colcon.colcon_core.shell:Creating prefix script '/home/jaden/autobot/autobot/install/local_setup.zsh'
[2.547s] INFO:colcon.colcon_core.shell:Creating prefix chain script '/home/jaden/autobot/autobot/install/setup.zsh'
