[0.019s] Invoking command in '/home/jaden/autobot/autobot/build/autobot_description': CMAKE_PREFIX_PATH=${CMAKE_PREFIX_PATH}:/opt/ros/humble /usr/bin/cmake --build /home/jaden/autobot/autobot/build/autobot_description -- -j12 -l12
[0.059s] Invoked command in '/home/jaden/autobot/autobot/build/autobot_description' returned '0': CMAKE_PREFIX_PATH=${CMAKE_PREFIX_PATH}:/opt/ros/humble /usr/bin/cmake --build /home/jaden/autobot/autobot/build/autobot_description -- -j12 -l12
[0.084s] Invoking command in '/home/jaden/autobot/autobot/build/autobot_description': CMAKE_PREFIX_PATH=${CMAKE_PREFIX_PATH}:/opt/ros/humble /usr/bin/cmake --install /home/jaden/autobot/autobot/build/autobot_description
[0.091s] -- Install configuration: ""
[0.091s] -- Execute custom install script
[0.092s] -- Up-to-date symlink: /home/jaden/autobot/autobot/install/autobot_description/share/autobot_description//urdf/autobot.urdf
[0.092s] -- Up-to-date symlink: /home/jaden/autobot/autobot/install/autobot_description/share/autobot_description//urdf/plugins.xacro
[0.092s] -- Up-to-date symlink: /home/jaden/autobot/autobot/install/autobot_description/share/autobot_description//launch/publish_urdf.launch.py
[0.092s] -- Up-to-date symlink: /home/jaden/autobot/autobot/install/autobot_description/share/autobot_description//rviz/autobot.rviz
[0.092s] -- Up-to-date symlink: /home/jaden/autobot/autobot/install/autobot_description/lib/autobot_description/rviz/autobot.rviz
[0.093s] -- Up-to-date symlink: /home/jaden/autobot/autobot/install/autobot_description/lib/autobot_description/urdf/autobot.urdf
[0.093s] -- Up-to-date symlink: /home/jaden/autobot/autobot/install/autobot_description/lib/autobot_description/urdf/plugins.xacro
[0.093s] -- Up-to-date symlink: /home/jaden/autobot/autobot/install/autobot_description/share/ament_index/resource_index/package_run_dependencies/autobot_description
[0.093s] -- Up-to-date symlink: /home/jaden/autobot/autobot/install/autobot_description/share/ament_index/resource_index/parent_prefix_path/autobot_description
[0.093s] -- Up-to-date symlink: /home/jaden/autobot/autobot/install/autobot_description/share/autobot_description/environment/ament_prefix_path.sh
[0.093s] -- Up-to-date symlink: /home/jaden/autobot/autobot/install/autobot_description/share/autobot_description/environment/ament_prefix_path.dsv
[0.094s] -- Up-to-date symlink: /home/jaden/autobot/autobot/install/autobot_description/share/autobot_description/environment/path.sh
[0.094s] -- Up-to-date symlink: /home/jaden/autobot/autobot/install/autobot_description/share/autobot_description/environment/path.dsv
[0.094s] -- Up-to-date symlink: /home/jaden/autobot/autobot/install/autobot_description/share/autobot_description/local_setup.bash
[0.094s] -- Up-to-date symlink: /home/jaden/autobot/autobot/install/autobot_description/share/autobot_description/local_setup.sh
[0.094s] -- Up-to-date symlink: /home/jaden/autobot/autobot/install/autobot_description/share/autobot_description/local_setup.zsh
[0.094s] -- Up-to-date symlink: /home/jaden/autobot/autobot/install/autobot_description/share/autobot_description/local_setup.dsv
[0.094s] -- Symlinking: /home/jaden/autobot/autobot/install/autobot_description/share/autobot_description/package.dsv
[0.101s] -- Up-to-date symlink: /home/jaden/autobot/autobot/install/autobot_description/share/ament_index/resource_index/packages/autobot_description
[0.102s] -- Up-to-date symlink: /home/jaden/autobot/autobot/install/autobot_description/share/autobot_description/cmake/autobot_descriptionConfig.cmake
[0.102s] -- Up-to-date symlink: /home/jaden/autobot/autobot/install/autobot_description/share/autobot_description/cmake/autobot_descriptionConfig-version.cmake
[0.102s] -- Up-to-date symlink: /home/jaden/autobot/autobot/install/autobot_description/share/autobot_description/package.xml
[0.104s] Invoked command in '/home/jaden/autobot/autobot/build/autobot_description' returned '0': CMAKE_PREFIX_PATH=${CMAKE_PREFIX_PATH}:/opt/ros/humble /usr/bin/cmake --install /home/jaden/autobot/autobot/build/autobot_description
