[0.015s] Invoking command in '/home/jaden/autobot/autobot/build/autobot_gazebo': CMAKE_PREFIX_PATH=${CMAKE_PREFIX_PATH}:/opt/ros/humble /usr/bin/cmake /home/jaden/autobot/autobot/autobot_gazebo -DCMAKE_INSTALL_PREFIX=/home/jaden/autobot/autobot/install/autobot_gazebo
[0.072s] -- The C compiler identification is GNU 11.3.0
[0.123s] -- The CXX compiler identification is GNU 11.3.0
[0.129s] -- Detecting C compiler ABI info
[0.187s] -- Detecting C compiler ABI info - done
[0.196s] -- Check for working C compiler: /usr/bin/cc - skipped
[0.196s] -- Detecting C compile features
[0.196s] -- Detecting C compile features - done
[0.199s] -- Detecting CXX compiler ABI info
[0.275s] -- Detecting CXX compiler ABI info - done
[0.294s] -- Check for working CXX compiler: /usr/bin/c++ - skipped
[0.295s] -- Detecting CXX compile features
[0.296s] -- Detecting CXX compile features - done
[0.301s] -- Found ament_cmake: 1.3.3 (/opt/ros/humble/share/ament_cmake/cmake)
[0.483s] -- Found Python3: /usr/bin/python3.10 (found version "3.10.6") found components: Interpreter 
[0.564s] -- Found rclpy: 3.3.5 (/opt/ros/humble/share/rclpy/cmake)
[0.565s] -- Found gazebo_ros: 3.7.0 (/opt/ros/humble/share/gazebo_ros/cmake)
[0.612s] -- Found rosidl_generator_c: 3.1.4 (/opt/ros/humble/share/rosidl_generator_c/cmake)
[0.618s] -- Found rosidl_adapter: 3.1.4 (/opt/ros/humble/share/rosidl_adapter/cmake)
[0.628s] -- Found rosidl_generator_cpp: 3.1.4 (/opt/ros/humble/share/rosidl_generator_cpp/cmake)
[0.644s] -- Using all available rosidl_typesupport_c: rosidl_typesupport_fastrtps_c;rosidl_typesupport_introspection_c
[0.666s] -- Using all available rosidl_typesupport_cpp: rosidl_typesupport_fastrtps_cpp;rosidl_typesupport_introspection_cpp
[0.743s] -- Found rmw_implementation_cmake: 6.1.1 (/opt/ros/humble/share/rmw_implementation_cmake/cmake)
[0.745s] -- Found rmw_fastrtps_cpp: 6.2.2 (/opt/ros/humble/share/rmw_fastrtps_cpp/cmake)
[0.838s] -- Found OpenSSL: /usr/lib/x86_64-linux-gnu/libcrypto.so (found version "3.0.2")  
[0.864s] -- Found FastRTPS: /opt/ros/humble/include  
[0.916s] -- Using RMW implementation 'rmw_fastrtps_cpp' as default
[0.925s] -- Looking for pthread.h
[0.988s] -- Looking for pthread.h - found
[0.988s] -- Performing Test CMAKE_HAVE_LIBC_PTHREAD
[1.051s] -- Performing Test CMAKE_HAVE_LIBC_PTHREAD - Success
[1.052s] -- Found Threads: TRUE  
[1.237s] -- Found PkgConfig: /usr/bin/pkg-config (found version "0.29.2") 
[1.238s] -- Checking for module 'bullet>=2.82'
[1.252s] --   Found bullet, version 3.05
[1.332s] -- Found fcl: /usr/include (found suitable version "0.7.0", minimum required is "0.5.0") 
[1.368s] -- Found assimp: /usr/include (found version "5.2.0") 
[1.384s] -- Found DART: /usr/include (Required is at least version "6.6") found components: dart 
[1.411s] -- Found Boost: /usr/lib/x86_64-linux-gnu/cmake/Boost-1.74.0/BoostConfig.cmake (found suitable version "1.74.0", minimum required is "1.40.0") found components: thread system filesystem program_options regex iostreams date_time 
[1.425s] -- Found Protobuf: /usr/lib/x86_64-linux-gnu/libprotobuf.so (found version "3.12.4") 
[1.429s] -- Looking for ignition-math6 -- found version 6.13.0
[1.434s] -- Searching for dependencies of ignition-math6
[1.436s] -- Looking for OGRE...
[1.436s] -- OGRE_PREFIX_WATCH changed.
[1.440s] -- Checking for module 'OGRE'
[1.449s] --   Found OGRE, version 1.9.0
[1.471s] -- Found Ogre Ghadamon (1.9.0)
[1.477s] -- Found OGRE: optimized;/usr/lib/x86_64-linux-gnu/libOgreMain.so;debug;/usr/lib/x86_64-linux-gnu/libOgreMain.so
[1.487s] -- Looking for OGRE_Paging...
[1.493s] -- Found OGRE_Paging: optimized;/usr/lib/x86_64-linux-gnu/libOgrePaging.so;debug;/usr/lib/x86_64-linux-gnu/libOgrePaging.so
[1.493s] -- Looking for OGRE_Terrain...
[1.498s] -- Found OGRE_Terrain: optimized;/usr/lib/x86_64-linux-gnu/libOgreTerrain.so;debug;/usr/lib/x86_64-linux-gnu/libOgreTerrain.so
[1.498s] -- Looking for OGRE_Property...
[1.505s] -- Found OGRE_Property: optimized;/usr/lib/x86_64-linux-gnu/libOgreProperty.so;debug;/usr/lib/x86_64-linux-gnu/libOgreProperty.so
[1.505s] -- Looking for OGRE_RTShaderSystem...
[1.510s] -- Found OGRE_RTShaderSystem: optimized;/usr/lib/x86_64-linux-gnu/libOgreRTShaderSystem.so;debug;/usr/lib/x86_64-linux-gnu/libOgreRTShaderSystem.so
[1.510s] -- Looking for OGRE_Volume...
[1.516s] -- Found OGRE_Volume: optimized;/usr/lib/x86_64-linux-gnu/libOgreVolume.so;debug;/usr/lib/x86_64-linux-gnu/libOgreVolume.so
[1.516s] -- Looking for OGRE_Overlay...
[1.521s] -- Found OGRE_Overlay: optimized;/usr/lib/x86_64-linux-gnu/libOgreOverlay.so;debug;/usr/lib/x86_64-linux-gnu/libOgreOverlay.so
[1.625s] -- Looking for ignition-math6 -- found version 6.13.0
[1.627s] -- Looking for ignition-transport8 -- found version 8.2.1
[1.627s] -- Searching for dependencies of ignition-transport8
[1.643s] -- Found Protobuf: /usr/lib/x86_64-linux-gnu/libprotobuf.so (found suitable version "3.12.4", minimum required is "3") 
[1.653s] -- Config-file not installed for ZeroMQ -- checking for pkg-config
[1.658s] -- Checking for module 'libzmq >= 4'
[1.672s] --   Found libzmq , version 4.3.4
[1.701s] -- Found ZeroMQ: TRUE (Required is at least version "4") 
[1.707s] -- Checking for module 'uuid'
[1.716s] --   Found uuid, version 2.37.2
[1.739s] -- Found UUID: TRUE  
[1.741s] -- Looking for ignition-msgs5 -- found version 5.8.1
[1.741s] -- Searching for dependencies of ignition-msgs5
[1.759s] -- Looking for ignition-math6 -- found version 6.13.0
[1.764s] -- Checking for module 'tinyxml2'
[1.774s] --   Found tinyxml2, version 9.0.0
[1.798s] -- Looking for ignition-msgs5 -- found version 5.8.1
[1.800s] -- Looking for ignition-common3 -- found version 3.14.0
[1.800s] -- Searching for dependencies of ignition-common3
[1.801s] -- Looking for dlfcn.h - found
[1.801s] -- Looking for libdl - found
[1.803s] -- Found DL: TRUE  
[1.814s] -- Found tinyobjloader: /usr/lib/x86_64-linux-gnu/cmake/tinyobjloader/tinyobjloader-config.cmake (found version "2.0.0") 
[1.815s] -- Searching for <ignition-common3> component [graphics]
[1.816s] -- Looking for ignition-common3-graphics -- found version 3.14.0
[1.817s] -- Searching for dependencies of ignition-common3-graphics
[1.817s] -- Looking for ignition-math6 -- found version 6.13.0
[1.819s] -- Looking for ignition-fuel_tools4 -- found version 4.4.0
[1.820s] -- Searching for dependencies of ignition-fuel_tools4
[1.882s] -- Found CURL: /usr/lib/x86_64-linux-gnu/libcurl.so (found version "7.81.0")  
[1.889s] -- Checking for module 'jsoncpp'
[1.899s] --   Found jsoncpp, version 1.9.5
[1.924s] -- Found JSONCPP: TRUE  
[1.929s] -- Checking for module 'libzip'
[1.938s] --   Found libzip, version 1.7.3
[1.963s] -- Found ZIP: TRUE  
[1.963s] -- Looking for ignition-common3 -- found version 3.14.0
[1.963s] -- Looking for ignition-math6 -- found version 6.13.0
[1.964s] -- Looking for ignition-msgs5 -- found version 5.8.1
[1.967s] -- Gazebo version: 11.10
[1.967s] -- Checking for module 'tbb'
[1.977s] --   Found tbb, version 2021.5.0
[2.012s] -- Found autobot_description: 0.0.0 (/home/jaden/autobot/install/autobot_description/share/autobot_description/cmake)
[2.014s] -- Found ament_lint_auto: 0.12.4 (/opt/ros/humble/share/ament_lint_auto/cmake)
[2.084s] -- Added test 'cppcheck' to perform static code analysis on C / C++ code
[2.084s] -- Configured cppcheck include dirs: 
[2.084s] -- Configured cppcheck exclude dirs and/or files: 
[2.085s] -- Added test 'flake8' to check Python code syntax and style conventions
[2.085s] -- Added test 'lint_cmake' to check CMake code style
[2.086s] -- Added test 'pep257' to check Python code against some of the docstring style conventions in PEP 257
[2.088s] -- Added test 'uncrustify' to check C / C++ code style
[2.088s] -- Configured uncrustify additional arguments: 
[2.088s] -- Added test 'xmllint' to check XML markup files
[2.089s] -- Configuring done
[2.098s] -- Generating done
[2.100s] -- Build files have been written to: /home/jaden/autobot/autobot/build/autobot_gazebo
[2.119s] Invoked command in '/home/jaden/autobot/autobot/build/autobot_gazebo' returned '0': CMAKE_PREFIX_PATH=${CMAKE_PREFIX_PATH}:/opt/ros/humble /usr/bin/cmake /home/jaden/autobot/autobot/autobot_gazebo -DCMAKE_INSTALL_PREFIX=/home/jaden/autobot/autobot/install/autobot_gazebo
[2.120s] Invoking command in '/home/jaden/autobot/autobot/build/autobot_gazebo': CMAKE_PREFIX_PATH=${CMAKE_PREFIX_PATH}:/opt/ros/humble /usr/bin/cmake --build /home/jaden/autobot/autobot/build/autobot_gazebo -- -j12 -l12
[2.163s] [ 50%] [32mBuilding CXX object CMakeFiles/encoder_information.dir/src/encoder.cpp.o[0m
[2.356s] [01m[K/home/jaden/autobot/autobot/autobot_gazebo/src/encoder.cpp:3:10:[m[K [01;31m[Kfatal error: [m[Ksensor_msgs/msg/joint_state.hpp: No such file or directory
[2.356s]     3 | #include [01;31m[K"sensor_msgs/msg/joint_state.hpp"[m[K
[2.356s]       |          [01;31m[K^~~~~~~~~~~~~~~~~~~~~~~~~~~~~~~~~[m[K
[2.356s] compilation terminated.
[2.359s] gmake[2]: *** [CMakeFiles/encoder_information.dir/build.make:76: CMakeFiles/encoder_information.dir/src/encoder.cpp.o] Error 1
[2.359s] gmake[1]: *** [CMakeFiles/Makefile2:137: CMakeFiles/encoder_information.dir/all] Error 2
[2.359s] gmake: *** [Makefile:146: all] Error 2
[2.361s] Invoked command in '/home/jaden/autobot/autobot/build/autobot_gazebo' returned '2': CMAKE_PREFIX_PATH=${CMAKE_PREFIX_PATH}:/opt/ros/humble /usr/bin/cmake --build /home/jaden/autobot/autobot/build/autobot_gazebo -- -j12 -l12
