[0.295s] DEBUG:colcon:Command line arguments: ['/usr/bin/colcon', 'build', '--symlink-install']
[0.295s] DEBUG:colcon:Parsed command line arguments: Namespace(log_base=None, log_level=None, verb_name='build', build_base='build', install_base='install', merge_install=False, symlink_install=True, test_result_base=None, continue_on_error=False, executor='parallel', parallel_workers=12, event_handlers=None, ignore_user_meta=False, metas=['./colcon.meta'], base_paths=['.'], packages_ignore=None, packages_ignore_regex=None, paths=None, packages_up_to=None, packages_up_to_regex=None, packages_above=None, packages_above_and_dependencies=None, packages_above_depth=None, packages_select_by_dep=None, packages_skip_by_dep=None, packages_skip_up_to=None, packages_select_build_failed=False, packages_skip_build_finished=False, packages_select_test_failures=False, packages_skip_test_passed=False, packages_select=None, packages_skip=None, packages_select_regex=None, packages_skip_regex=None, packages_start=None, packages_end=None, allow_overriding=[], cmake_args=None, cmake_target=None, cmake_target_skip_unavailable=False, cmake_clean_cache=False, cmake_clean_first=False, cmake_force_configure=False, ament_cmake_args=None, catkin_cmake_args=None, catkin_skip_building_tests=False, verb_parser=<colcon_defaults.argument_parser.defaults.DefaultArgumentsDecorator object at 0x7f08a7a961d0>, verb_extension=<colcon_core.verb.build.BuildVerb object at 0x7f08a840fc70>, main=<bound method BuildVerb.main of <colcon_core.verb.build.BuildVerb object at 0x7f08a840fc70>>)
[0.313s] Level 1:colcon.colcon_core.package_discovery:discover_packages(colcon_meta) check parameters
[0.313s] Level 1:colcon.colcon_core.package_discovery:discover_packages(recursive) check parameters
[0.313s] Level 1:colcon.colcon_core.package_discovery:discover_packages(ignore) check parameters
[0.313s] Level 1:colcon.colcon_core.package_discovery:discover_packages(path) check parameters
[0.313s] Level 1:colcon.colcon_core.package_discovery:discover_packages(colcon_meta) discover
[0.313s] Level 1:colcon.colcon_core.package_discovery:discover_packages(recursive) discover
[0.313s] INFO:colcon.colcon_core.package_discovery:Crawling recursively for packages in '/home/jaden/autobot/autobot'
[0.313s] Level 1:colcon.colcon_core.package_identification:_identify(.) by extensions ['ignore', 'ignore_ament_install']
[0.313s] Level 1:colcon.colcon_core.package_identification:_identify(.) by extension 'ignore'
[0.313s] Level 1:colcon.colcon_core.package_identification:_identify(.) by extension 'ignore_ament_install'
[0.313s] Level 1:colcon.colcon_core.package_identification:_identify(.) by extensions ['colcon_pkg']
[0.313s] Level 1:colcon.colcon_core.package_identification:_identify(.) by extension 'colcon_pkg'
[0.313s] Level 1:colcon.colcon_core.package_identification:_identify(.) by extensions ['colcon_meta']
[0.313s] Level 1:colcon.colcon_core.package_identification:_identify(.) by extension 'colcon_meta'
[0.314s] Level 1:colcon.colcon_core.package_identification:_identify(.) by extensions ['ros']
[0.314s] Level 1:colcon.colcon_core.package_identification:_identify(.) by extension 'ros'
[0.331s] Level 1:colcon.colcon_core.package_identification:_identify(.) by extensions ['cmake', 'python']
[0.331s] Level 1:colcon.colcon_core.package_identification:_identify(.) by extension 'cmake'
[0.331s] Level 1:colcon.colcon_core.package_identification:_identify(.) by extension 'python'
[0.331s] Level 1:colcon.colcon_core.package_identification:_identify(.) by extensions ['python_setup_py']
[0.331s] Level 1:colcon.colcon_core.package_identification:_identify(.) by extension 'python_setup_py'
[0.332s] Level 1:colcon.colcon_core.package_identification:_identify(autobot_description) by extensions ['ignore', 'ignore_ament_install']
[0.332s] Level 1:colcon.colcon_core.package_identification:_identify(autobot_description) by extension 'ignore'
[0.332s] Level 1:colcon.colcon_core.package_identification:_identify(autobot_description) by extension 'ignore_ament_install'
[0.332s] Level 1:colcon.colcon_core.package_identification:_identify(autobot_description) by extensions ['colcon_pkg']
[0.332s] Level 1:colcon.colcon_core.package_identification:_identify(autobot_description) by extension 'colcon_pkg'
[0.332s] Level 1:colcon.colcon_core.package_identification:_identify(autobot_description) by extensions ['colcon_meta']
[0.332s] Level 1:colcon.colcon_core.package_identification:_identify(autobot_description) by extension 'colcon_meta'
[0.332s] Level 1:colcon.colcon_core.package_identification:_identify(autobot_description) by extensions ['ros']
[0.332s] Level 1:colcon.colcon_core.package_identification:_identify(autobot_description) by extension 'ros'
[0.334s] DEBUG:colcon.colcon_core.package_identification:Package 'autobot_description' with type 'ros.ament_cmake' and name 'autobot_description'
[0.334s] Level 1:colcon.colcon_core.package_identification:_identify(autobot_gazebo) by extensions ['ignore', 'ignore_ament_install']
[0.334s] Level 1:colcon.colcon_core.package_identification:_identify(autobot_gazebo) by extension 'ignore'
[0.334s] Level 1:colcon.colcon_core.package_identification:_identify(autobot_gazebo) by extension 'ignore_ament_install'
[0.335s] Level 1:colcon.colcon_core.package_identification:_identify(autobot_gazebo) by extensions ['colcon_pkg']
[0.335s] Level 1:colcon.colcon_core.package_identification:_identify(autobot_gazebo) by extension 'colcon_pkg'
[0.335s] Level 1:colcon.colcon_core.package_identification:_identify(autobot_gazebo) by extensions ['colcon_meta']
[0.335s] Level 1:colcon.colcon_core.package_identification:_identify(autobot_gazebo) by extension 'colcon_meta'
[0.335s] Level 1:colcon.colcon_core.package_identification:_identify(autobot_gazebo) by extensions ['ros']
[0.335s] Level 1:colcon.colcon_core.package_identification:_identify(autobot_gazebo) by extension 'ros'
[0.335s] DEBUG:colcon.colcon_core.package_identification:Package 'autobot_gazebo' with type 'ros.ament_cmake' and name 'autobot_gazebo'
[0.335s] Level 1:colcon.colcon_core.package_identification:_identify(build) by extensions ['ignore', 'ignore_ament_install']
[0.336s] Level 1:colcon.colcon_core.package_identification:_identify(build) by extension 'ignore'
[0.336s] Level 1:colcon.colcon_core.package_identification:_identify(build) ignored
[0.336s] Level 1:colcon.colcon_core.package_identification:_identify(install) by extensions ['ignore', 'ignore_ament_install']
[0.336s] Level 1:colcon.colcon_core.package_identification:_identify(install) by extension 'ignore'
[0.336s] Level 1:colcon.colcon_core.package_identification:_identify(install) ignored
[0.336s] Level 1:colcon.colcon_core.package_identification:_identify(log) by extensions ['ignore', 'ignore_ament_install']
[0.336s] Level 1:colcon.colcon_core.package_identification:_identify(log) by extension 'ignore'
[0.336s] Level 1:colcon.colcon_core.package_identification:_identify(log) ignored
[0.336s] Level 1:colcon.colcon_core.package_discovery:discover_packages(recursive) using defaults
[0.336s] Level 1:colcon.colcon_core.package_discovery:discover_packages(ignore) discover
[0.336s] Level 1:colcon.colcon_core.package_discovery:discover_packages(ignore) using defaults
[0.336s] Level 1:colcon.colcon_core.package_discovery:discover_packages(path) discover
[0.336s] Level 1:colcon.colcon_core.package_discovery:discover_packages(path) using defaults
[0.358s] Level 1:colcon.colcon_core.package_discovery:discover_packages(prefix_path) check parameters
[0.358s] Level 1:colcon.colcon_core.package_discovery:discover_packages(prefix_path) discover
[0.360s] DEBUG:colcon.colcon_installed_package_information.package_discovery:Found 2 installed packages in /home/jaden/autobot/autobot/install
[0.361s] DEBUG:colcon.colcon_installed_package_information.package_discovery:Found 2 installed packages in /home/jaden/autobot/install
[0.362s] DEBUG:colcon.colcon_installed_package_information.package_discovery:Found 4 installed packages in /home/jaden/ROS2_TWO_WHEELED_ROBOT/install
[0.363s] DEBUG:colcon.colcon_installed_package_information.package_discovery:Found 278 installed packages in /opt/ros/humble
[0.365s] Level 1:colcon.colcon_core.package_discovery:discover_packages(prefix_path) using defaults
[0.420s] Level 5:colcon.colcon_core.verb:set package 'autobot_description' build argument 'cmake_args' from command line to 'None'
[0.420s] Level 5:colcon.colcon_core.verb:set package 'autobot_description' build argument 'cmake_target' from command line to 'None'
[0.420s] Level 5:colcon.colcon_core.verb:set package 'autobot_description' build argument 'cmake_target_skip_unavailable' from command line to 'False'
[0.420s] Level 5:colcon.colcon_core.verb:set package 'autobot_description' build argument 'cmake_clean_cache' from command line to 'False'
[0.420s] Level 5:colcon.colcon_core.verb:set package 'autobot_description' build argument 'cmake_clean_first' from command line to 'False'
[0.420s] Level 5:colcon.colcon_core.verb:set package 'autobot_description' build argument 'cmake_force_configure' from command line to 'False'
[0.420s] Level 5:colcon.colcon_core.verb:set package 'autobot_description' build argument 'ament_cmake_args' from command line to 'None'
[0.420s] Level 5:colcon.colcon_core.verb:set package 'autobot_description' build argument 'catkin_cmake_args' from command line to 'None'
[0.420s] Level 5:colcon.colcon_core.verb:set package 'autobot_description' build argument 'catkin_skip_building_tests' from command line to 'False'
[0.420s] DEBUG:colcon.colcon_core.verb:Building package 'autobot_description' with the following arguments: {'ament_cmake_args': None, 'build_base': '/home/jaden/autobot/autobot/build/autobot_description', 'catkin_cmake_args': None, 'catkin_skip_building_tests': False, 'cmake_args': None, 'cmake_clean_cache': False, 'cmake_clean_first': False, 'cmake_force_configure': False, 'cmake_target': None, 'cmake_target_skip_unavailable': False, 'install_base': '/home/jaden/autobot/autobot/install/autobot_description', 'merge_install': False, 'path': '/home/jaden/autobot/autobot/autobot_description', 'symlink_install': True, 'test_result_base': None}
[0.421s] Level 5:colcon.colcon_core.verb:set package 'autobot_gazebo' build argument 'cmake_args' from command line to 'None'
[0.421s] Level 5:colcon.colcon_core.verb:set package 'autobot_gazebo' build argument 'cmake_target' from command line to 'None'
[0.421s] Level 5:colcon.colcon_core.verb:set package 'autobot_gazebo' build argument 'cmake_target_skip_unavailable' from command line to 'False'
[0.421s] Level 5:colcon.colcon_core.verb:set package 'autobot_gazebo' build argument 'cmake_clean_cache' from command line to 'False'
[0.421s] Level 5:colcon.colcon_core.verb:set package 'autobot_gazebo' build argument 'cmake_clean_first' from command line to 'False'
[0.421s] Level 5:colcon.colcon_core.verb:set package 'autobot_gazebo' build argument 'cmake_force_configure' from command line to 'False'
[0.421s] Level 5:colcon.colcon_core.verb:set package 'autobot_gazebo' build argument 'ament_cmake_args' from command line to 'None'
[0.421s] Level 5:colcon.colcon_core.verb:set package 'autobot_gazebo' build argument 'catkin_cmake_args' from command line to 'None'
[0.421s] Level 5:colcon.colcon_core.verb:set package 'autobot_gazebo' build argument 'catkin_skip_building_tests' from command line to 'False'
[0.422s] DEBUG:colcon.colcon_core.verb:Building package 'autobot_gazebo' with the following arguments: {'ament_cmake_args': None, 'build_base': '/home/jaden/autobot/autobot/build/autobot_gazebo', 'catkin_cmake_args': None, 'catkin_skip_building_tests': False, 'cmake_args': None, 'cmake_clean_cache': False, 'cmake_clean_first': False, 'cmake_force_configure': False, 'cmake_target': None, 'cmake_target_skip_unavailable': False, 'install_base': '/home/jaden/autobot/autobot/install/autobot_gazebo', 'merge_install': False, 'path': '/home/jaden/autobot/autobot/autobot_gazebo', 'symlink_install': True, 'test_result_base': None}
[0.422s] INFO:colcon.colcon_core.executor:Executing jobs using 'parallel' executor
[0.426s] DEBUG:colcon.colcon_parallel_executor.executor.parallel:run_until_complete
[0.426s] INFO:colcon.colcon_ros.task.ament_cmake.build:Building ROS package in '/home/jaden/autobot/autobot/autobot_description' with build type 'ament_cmake'
[0.426s] INFO:colcon.colcon_cmake.task.cmake.build:Building CMake package in '/home/jaden/autobot/autobot/autobot_description'
[0.430s] INFO:colcon.colcon_core.plugin_system:Skipping extension 'colcon_core.shell.bat': Not used on non-Windows systems
[0.430s] INFO:colcon.colcon_core.shell:Skip shell extension 'powershell' for command environment: Not usable outside of PowerShell
[0.430s] DEBUG:colcon.colcon_core.shell:Skip shell extension 'dsv' for command environment
[0.443s] DEBUG:colcon.colcon_core.event_handler.log_command:Invoking command in '/home/jaden/autobot/autobot/build/autobot_description': CMAKE_PREFIX_PATH=${CMAKE_PREFIX_PATH}:/opt/ros/humble /usr/bin/cmake /home/jaden/autobot/autobot/autobot_description -DAMENT_CMAKE_SYMLINK_INSTALL=1 -DCMAKE_INSTALL_PREFIX=/home/jaden/autobot/autobot/install/autobot_description
[1.717s] DEBUG:colcon.colcon_core.event_handler.log_command:Invoked command in '/home/jaden/autobot/autobot/build/autobot_description' returned '0': CMAKE_PREFIX_PATH=${CMAKE_PREFIX_PATH}:/opt/ros/humble /usr/bin/cmake /home/jaden/autobot/autobot/autobot_description -DAMENT_CMAKE_SYMLINK_INSTALL=1 -DCMAKE_INSTALL_PREFIX=/home/jaden/autobot/autobot/install/autobot_description
[1.720s] DEBUG:colcon.colcon_core.event_handler.log_command:Invoking command in '/home/jaden/autobot/autobot/build/autobot_description': CMAKE_PREFIX_PATH=${CMAKE_PREFIX_PATH}:/opt/ros/humble /usr/bin/cmake --build /home/jaden/autobot/autobot/build/autobot_description -- -j12 -l12
[1.774s] DEBUG:colcon.colcon_core.event_handler.log_command:Invoked command in '/home/jaden/autobot/autobot/build/autobot_description' returned '0': CMAKE_PREFIX_PATH=${CMAKE_PREFIX_PATH}:/opt/ros/humble /usr/bin/cmake --build /home/jaden/autobot/autobot/build/autobot_description -- -j12 -l12
[1.798s] DEBUG:colcon.colcon_core.event_handler.log_command:Invoking command in '/home/jaden/autobot/autobot/build/autobot_description': CMAKE_PREFIX_PATH=${CMAKE_PREFIX_PATH}:/opt/ros/humble /usr/bin/cmake --install /home/jaden/autobot/autobot/build/autobot_description
[2.018s] Level 1:colcon.colcon_core.environment:create_environment_scripts_only(autobot_description)
[2.020s] DEBUG:colcon.colcon_core.event_handler.log_command:Invoked command in '/home/jaden/autobot/autobot/build/autobot_description' returned '0': CMAKE_PREFIX_PATH=${CMAKE_PREFIX_PATH}:/opt/ros/humble /usr/bin/cmake --install /home/jaden/autobot/autobot/build/autobot_description
[2.029s] Level 1:colcon.colcon_core.environment:checking '/home/jaden/autobot/autobot/install/autobot_description' for CMake module files
[2.030s] Level 1:colcon.colcon_core.environment:checking '/home/jaden/autobot/autobot/install/autobot_description' for CMake config files
[2.031s] Level 1:colcon.colcon_core.shell:create_environment_hook('autobot_description', 'cmake_prefix_path')
[2.034s] INFO:colcon.colcon_core.shell:Creating environment hook '/home/jaden/autobot/autobot/install/autobot_description/share/autobot_description/hook/cmake_prefix_path.ps1'
[2.036s] INFO:colcon.colcon_core.shell:Creating environment descriptor '/home/jaden/autobot/autobot/install/autobot_description/share/autobot_description/hook/cmake_prefix_path.dsv'
[2.037s] INFO:colcon.colcon_core.shell:Creating environment hook '/home/jaden/autobot/autobot/install/autobot_description/share/autobot_description/hook/cmake_prefix_path.sh'
[2.039s] Level 1:colcon.colcon_core.environment:checking '/home/jaden/autobot/autobot/install/autobot_description/lib'
[2.039s] Level 1:colcon.colcon_core.environment:checking '/home/jaden/autobot/autobot/install/autobot_description/bin'
[2.040s] Level 1:colcon.colcon_core.environment:checking '/home/jaden/autobot/autobot/install/autobot_description/lib/pkgconfig/autobot_description.pc'
[2.040s] Level 1:colcon.colcon_core.environment:checking '/home/jaden/autobot/autobot/install/autobot_description/lib/python3.10/site-packages'
[2.041s] Level 1:colcon.colcon_core.environment:checking '/home/jaden/autobot/autobot/install/autobot_description/bin'
[2.044s] INFO:colcon.colcon_core.shell:Creating package script '/home/jaden/autobot/autobot/install/autobot_description/share/autobot_description/package.ps1'
[2.047s] INFO:colcon.colcon_core.shell:Creating package descriptor '/home/jaden/autobot/autobot/install/autobot_description/share/autobot_description/package.dsv'
[2.048s] INFO:colcon.colcon_core.shell:Creating package script '/home/jaden/autobot/autobot/install/autobot_description/share/autobot_description/package.sh'
[2.050s] INFO:colcon.colcon_core.shell:Creating package script '/home/jaden/autobot/autobot/install/autobot_description/share/autobot_description/package.bash'
[2.052s] INFO:colcon.colcon_core.shell:Creating package script '/home/jaden/autobot/autobot/install/autobot_description/share/autobot_description/package.zsh'
[2.053s] Level 1:colcon.colcon_core.environment:create_file_with_runtime_dependencies(/home/jaden/autobot/autobot/install/autobot_description/share/colcon-core/packages/autobot_description)
[2.082s] Level 1:colcon.colcon_core.environment:create_environment_scripts_only(autobot_description)
[2.086s] Level 1:colcon.colcon_core.environment:checking '/home/jaden/autobot/autobot/install/autobot_description' for CMake module files
[2.087s] Level 1:colcon.colcon_core.environment:checking '/home/jaden/autobot/autobot/install/autobot_description' for CMake config files
[2.088s] Level 1:colcon.colcon_core.shell:create_environment_hook('autobot_description', 'cmake_prefix_path')
[2.090s] INFO:colcon.colcon_core.shell:Creating environment hook '/home/jaden/autobot/autobot/install/autobot_description/share/autobot_description/hook/cmake_prefix_path.ps1'
[2.091s] INFO:colcon.colcon_core.shell:Creating environment descriptor '/home/jaden/autobot/autobot/install/autobot_description/share/autobot_description/hook/cmake_prefix_path.dsv'
[2.092s] INFO:colcon.colcon_core.shell:Creating environment hook '/home/jaden/autobot/autobot/install/autobot_description/share/autobot_description/hook/cmake_prefix_path.sh'
[2.093s] Level 1:colcon.colcon_core.environment:checking '/home/jaden/autobot/autobot/install/autobot_description/lib'
[2.093s] Level 1:colcon.colcon_core.environment:checking '/home/jaden/autobot/autobot/install/autobot_description/bin'
[2.093s] Level 1:colcon.colcon_core.environment:checking '/home/jaden/autobot/autobot/install/autobot_description/lib/pkgconfig/autobot_description.pc'
[2.094s] Level 1:colcon.colcon_core.environment:checking '/home/jaden/autobot/autobot/install/autobot_description/lib/python3.10/site-packages'
[2.094s] Level 1:colcon.colcon_core.environment:checking '/home/jaden/autobot/autobot/install/autobot_description/bin'
[2.097s] INFO:colcon.colcon_core.shell:Creating package script '/home/jaden/autobot/autobot/install/autobot_description/share/autobot_description/package.ps1'
[2.098s] INFO:colcon.colcon_core.shell:Creating package descriptor '/home/jaden/autobot/autobot/install/autobot_description/share/autobot_description/package.dsv'
[2.099s] INFO:colcon.colcon_core.shell:Creating package script '/home/jaden/autobot/autobot/install/autobot_description/share/autobot_description/package.sh'
[2.100s] INFO:colcon.colcon_core.shell:Creating package script '/home/jaden/autobot/autobot/install/autobot_description/share/autobot_description/package.bash'
[2.100s] INFO:colcon.colcon_core.shell:Creating package script '/home/jaden/autobot/autobot/install/autobot_description/share/autobot_description/package.zsh'
[2.101s] Level 1:colcon.colcon_core.environment:create_file_with_runtime_dependencies(/home/jaden/autobot/autobot/install/autobot_description/share/colcon-core/packages/autobot_description)
[2.102s] INFO:colcon.colcon_ros.task.ament_cmake.build:Building ROS package in '/home/jaden/autobot/autobot/autobot_gazebo' with build type 'ament_cmake'
[2.102s] INFO:colcon.colcon_cmake.task.cmake.build:Building CMake package in '/home/jaden/autobot/autobot/autobot_gazebo'
[2.105s] INFO:colcon.colcon_core.shell:Skip shell extension 'powershell' for command environment: Not usable outside of PowerShell
[2.105s] DEBUG:colcon.colcon_core.shell:Skip shell extension 'dsv' for command environment
[2.132s] DEBUG:colcon.colcon_core.event_handler.log_command:Invoking command in '/home/jaden/autobot/autobot/build/autobot_gazebo': CMAKE_PREFIX_PATH=/home/jaden/autobot/autobot/install/autobot_description:/home/jaden/autobot/autobot/install/autobot_gazebo:/home/jaden/autobot/install/autobot_gazebo:/home/jaden/autobot/install/autobot_description:/home/jaden/ROS2_TWO_WHEELED_ROBOT/install/dolly:/home/jaden/ROS2_TWO_WHEELED_ROBOT/install/dolly_gazebo:/home/jaden/ROS2_TWO_WHEELED_ROBOT/install/dolly_follow:/home/jaden/ROS2_TWO_WHEELED_ROBOT/install/dolly_drive:/opt/ros/humble /usr/bin/cmake /home/jaden/autobot/autobot/autobot_gazebo -DAMENT_CMAKE_SYMLINK_INSTALL=1 -DCMAKE_INSTALL_PREFIX=/home/jaden/autobot/autobot/install/autobot_gazebo
[3.910s] DEBUG:colcon.colcon_core.event_handler.log_command:Invoked command in '/home/jaden/autobot/autobot/build/autobot_gazebo' returned '0': CMAKE_PREFIX_PATH=/home/jaden/autobot/autobot/install/autobot_description:/home/jaden/autobot/autobot/install/autobot_gazebo:/home/jaden/autobot/install/autobot_gazebo:/home/jaden/autobot/install/autobot_description:/home/jaden/ROS2_TWO_WHEELED_ROBOT/install/dolly:/home/jaden/ROS2_TWO_WHEELED_ROBOT/install/dolly_gazebo:/home/jaden/ROS2_TWO_WHEELED_ROBOT/install/dolly_follow:/home/jaden/ROS2_TWO_WHEELED_ROBOT/install/dolly_drive:/opt/ros/humble /usr/bin/cmake /home/jaden/autobot/autobot/autobot_gazebo -DAMENT_CMAKE_SYMLINK_INSTALL=1 -DCMAKE_INSTALL_PREFIX=/home/jaden/autobot/autobot/install/autobot_gazebo
[3.913s] DEBUG:colcon.colcon_core.event_handler.log_command:Invoking command in '/home/jaden/autobot/autobot/build/autobot_gazebo': CMAKE_PREFIX_PATH=/home/jaden/autobot/autobot/install/autobot_description:/home/jaden/autobot/autobot/install/autobot_gazebo:/home/jaden/autobot/install/autobot_gazebo:/home/jaden/autobot/install/autobot_description:/home/jaden/ROS2_TWO_WHEELED_ROBOT/install/dolly:/home/jaden/ROS2_TWO_WHEELED_ROBOT/install/dolly_gazebo:/home/jaden/ROS2_TWO_WHEELED_ROBOT/install/dolly_follow:/home/jaden/ROS2_TWO_WHEELED_ROBOT/install/dolly_drive:/opt/ros/humble /usr/bin/cmake --build /home/jaden/autobot/autobot/build/autobot_gazebo -- -j12 -l12
[3.992s] DEBUG:colcon.colcon_core.event_handler.log_command:Invoked command in '/home/jaden/autobot/autobot/build/autobot_gazebo' returned '0': CMAKE_PREFIX_PATH=/home/jaden/autobot/autobot/install/autobot_description:/home/jaden/autobot/autobot/install/autobot_gazebo:/home/jaden/autobot/install/autobot_gazebo:/home/jaden/autobot/install/autobot_description:/home/jaden/ROS2_TWO_WHEELED_ROBOT/install/dolly:/home/jaden/ROS2_TWO_WHEELED_ROBOT/install/dolly_gazebo:/home/jaden/ROS2_TWO_WHEELED_ROBOT/install/dolly_follow:/home/jaden/ROS2_TWO_WHEELED_ROBOT/install/dolly_drive:/opt/ros/humble /usr/bin/cmake --build /home/jaden/autobot/autobot/build/autobot_gazebo -- -j12 -l12
[4.011s] DEBUG:colcon.colcon_core.event_handler.log_command:Invoking command in '/home/jaden/autobot/autobot/build/autobot_gazebo': CMAKE_PREFIX_PATH=/home/jaden/autobot/autobot/install/autobot_description:/home/jaden/autobot/autobot/install/autobot_gazebo:/home/jaden/autobot/install/autobot_gazebo:/home/jaden/autobot/install/autobot_description:/home/jaden/ROS2_TWO_WHEELED_ROBOT/install/dolly:/home/jaden/ROS2_TWO_WHEELED_ROBOT/install/dolly_gazebo:/home/jaden/ROS2_TWO_WHEELED_ROBOT/install/dolly_follow:/home/jaden/ROS2_TWO_WHEELED_ROBOT/install/dolly_drive:/opt/ros/humble /usr/bin/cmake --install /home/jaden/autobot/autobot/build/autobot_gazebo
[4.029s] Level 1:colcon.colcon_core.environment:create_environment_scripts_only(autobot_gazebo)
[4.031s] Level 1:colcon.colcon_core.environment:checking '/home/jaden/autobot/autobot/install/autobot_gazebo' for CMake module files
[4.031s] DEBUG:colcon.colcon_core.event_handler.log_command:Invoked command in '/home/jaden/autobot/autobot/build/autobot_gazebo' returned '0': CMAKE_PREFIX_PATH=/home/jaden/autobot/autobot/install/autobot_description:/home/jaden/autobot/autobot/install/autobot_gazebo:/home/jaden/autobot/install/autobot_gazebo:/home/jaden/autobot/install/autobot_description:/home/jaden/ROS2_TWO_WHEELED_ROBOT/install/dolly:/home/jaden/ROS2_TWO_WHEELED_ROBOT/install/dolly_gazebo:/home/jaden/ROS2_TWO_WHEELED_ROBOT/install/dolly_follow:/home/jaden/ROS2_TWO_WHEELED_ROBOT/install/dolly_drive:/opt/ros/humble /usr/bin/cmake --install /home/jaden/autobot/autobot/build/autobot_gazebo
[4.032s] Level 1:colcon.colcon_core.environment:checking '/home/jaden/autobot/autobot/install/autobot_gazebo' for CMake config files
[4.032s] Level 1:colcon.colcon_core.shell:create_environment_hook('autobot_gazebo', 'cmake_prefix_path')
[4.033s] INFO:colcon.colcon_core.shell:Creating environment hook '/home/jaden/autobot/autobot/install/autobot_gazebo/share/autobot_gazebo/hook/cmake_prefix_path.ps1'
[4.034s] INFO:colcon.colcon_core.shell:Creating environment descriptor '/home/jaden/autobot/autobot/install/autobot_gazebo/share/autobot_gazebo/hook/cmake_prefix_path.dsv'
[4.034s] INFO:colcon.colcon_core.shell:Creating environment hook '/home/jaden/autobot/autobot/install/autobot_gazebo/share/autobot_gazebo/hook/cmake_prefix_path.sh'
[4.034s] Level 1:colcon.colcon_core.environment:checking '/home/jaden/autobot/autobot/install/autobot_gazebo/lib'
[4.034s] Level 1:colcon.colcon_core.environment:checking '/home/jaden/autobot/autobot/install/autobot_gazebo/bin'
[4.034s] Level 1:colcon.colcon_core.environment:checking '/home/jaden/autobot/autobot/install/autobot_gazebo/lib/pkgconfig/autobot_gazebo.pc'
[4.035s] Level 1:colcon.colcon_core.environment:checking '/home/jaden/autobot/autobot/install/autobot_gazebo/lib/python3.10/site-packages'
[4.035s] Level 1:colcon.colcon_core.environment:checking '/home/jaden/autobot/autobot/install/autobot_gazebo/bin'
[4.037s] INFO:colcon.colcon_core.shell:Creating package script '/home/jaden/autobot/autobot/install/autobot_gazebo/share/autobot_gazebo/package.ps1'
[4.037s] INFO:colcon.colcon_core.shell:Creating package descriptor '/home/jaden/autobot/autobot/install/autobot_gazebo/share/autobot_gazebo/package.dsv'
[4.038s] INFO:colcon.colcon_core.shell:Creating package script '/home/jaden/autobot/autobot/install/autobot_gazebo/share/autobot_gazebo/package.sh'
[4.038s] INFO:colcon.colcon_core.shell:Creating package script '/home/jaden/autobot/autobot/install/autobot_gazebo/share/autobot_gazebo/package.bash'
[4.038s] INFO:colcon.colcon_core.shell:Creating package script '/home/jaden/autobot/autobot/install/autobot_gazebo/share/autobot_gazebo/package.zsh'
[4.039s] Level 1:colcon.colcon_core.environment:create_file_with_runtime_dependencies(/home/jaden/autobot/autobot/install/autobot_gazebo/share/colcon-core/packages/autobot_gazebo)
[4.066s] Level 1:colcon.colcon_core.environment:create_environment_scripts_only(autobot_gazebo)
[4.068s] Level 1:colcon.colcon_core.environment:checking '/home/jaden/autobot/autobot/install/autobot_gazebo' for CMake module files
[4.068s] Level 1:colcon.colcon_core.environment:checking '/home/jaden/autobot/autobot/install/autobot_gazebo' for CMake config files
[4.069s] Level 1:colcon.colcon_core.shell:create_environment_hook('autobot_gazebo', 'cmake_prefix_path')
[4.070s] INFO:colcon.colcon_core.shell:Creating environment hook '/home/jaden/autobot/autobot/install/autobot_gazebo/share/autobot_gazebo/hook/cmake_prefix_path.ps1'
[4.070s] INFO:colcon.colcon_core.shell:Creating environment descriptor '/home/jaden/autobot/autobot/install/autobot_gazebo/share/autobot_gazebo/hook/cmake_prefix_path.dsv'
[4.071s] INFO:colcon.colcon_core.shell:Creating environment hook '/home/jaden/autobot/autobot/install/autobot_gazebo/share/autobot_gazebo/hook/cmake_prefix_path.sh'
[4.071s] Level 1:colcon.colcon_core.environment:checking '/home/jaden/autobot/autobot/install/autobot_gazebo/lib'
[4.071s] Level 1:colcon.colcon_core.environment:checking '/home/jaden/autobot/autobot/install/autobot_gazebo/bin'
[4.071s] Level 1:colcon.colcon_core.environment:checking '/home/jaden/autobot/autobot/install/autobot_gazebo/lib/pkgconfig/autobot_gazebo.pc'
[4.071s] Level 1:colcon.colcon_core.environment:checking '/home/jaden/autobot/autobot/install/autobot_gazebo/lib/python3.10/site-packages'
[4.072s] Level 1:colcon.colcon_core.environment:checking '/home/jaden/autobot/autobot/install/autobot_gazebo/bin'
[4.073s] INFO:colcon.colcon_core.shell:Creating package script '/home/jaden/autobot/autobot/install/autobot_gazebo/share/autobot_gazebo/package.ps1'
[4.073s] INFO:colcon.colcon_core.shell:Creating package descriptor '/home/jaden/autobot/autobot/install/autobot_gazebo/share/autobot_gazebo/package.dsv'
[4.074s] INFO:colcon.colcon_core.shell:Creating package script '/home/jaden/autobot/autobot/install/autobot_gazebo/share/autobot_gazebo/package.sh'
[4.074s] INFO:colcon.colcon_core.shell:Creating package script '/home/jaden/autobot/autobot/install/autobot_gazebo/share/autobot_gazebo/package.bash'
[4.074s] INFO:colcon.colcon_core.shell:Creating package script '/home/jaden/autobot/autobot/install/autobot_gazebo/share/autobot_gazebo/package.zsh'
[4.075s] Level 1:colcon.colcon_core.environment:create_file_with_runtime_dependencies(/home/jaden/autobot/autobot/install/autobot_gazebo/share/colcon-core/packages/autobot_gazebo)
[4.075s] DEBUG:colcon.colcon_parallel_executor.executor.parallel:closing loop
[4.075s] DEBUG:colcon.colcon_parallel_executor.executor.parallel:loop closed
[4.075s] DEBUG:colcon.colcon_parallel_executor.executor.parallel:run_until_complete finished with '0'
[4.075s] DEBUG:colcon.colcon_core.event_reactor:joining thread
[4.081s] INFO:colcon.colcon_core.plugin_system:Skipping extension 'colcon_notification.desktop_notification.terminal_notifier': Not used on non-Darwin systems
[4.081s] INFO:colcon.colcon_core.plugin_system:Skipping extension 'colcon_notification.desktop_notification.win32': Not used on non-Windows systems
[4.081s] INFO:colcon.colcon_notification.desktop_notification:Sending desktop notification using 'notify2'
[4.092s] DEBUG:colcon.colcon_core.event_reactor:joined thread
[4.094s] INFO:colcon.colcon_core.shell:Creating prefix script '/home/jaden/autobot/autobot/install/local_setup.ps1'
[4.095s] INFO:colcon.colcon_core.shell:Creating prefix util module '/home/jaden/autobot/autobot/install/_local_setup_util_ps1.py'
[4.098s] INFO:colcon.colcon_core.shell:Creating prefix chain script '/home/jaden/autobot/autobot/install/setup.ps1'
[4.100s] INFO:colcon.colcon_core.shell:Creating prefix script '/home/jaden/autobot/autobot/install/local_setup.sh'
[4.100s] INFO:colcon.colcon_core.shell:Creating prefix util module '/home/jaden/autobot/autobot/install/_local_setup_util_sh.py'
[4.101s] INFO:colcon.colcon_core.shell:Creating prefix chain script '/home/jaden/autobot/autobot/install/setup.sh'
[4.102s] INFO:colcon.colcon_core.shell:Creating prefix script '/home/jaden/autobot/autobot/install/local_setup.bash'
[4.103s] INFO:colcon.colcon_core.shell:Creating prefix chain script '/home/jaden/autobot/autobot/install/setup.bash'
[4.105s] INFO:colcon.colcon_core.shell:Creating prefix script '/home/jaden/autobot/autobot/install/local_setup.zsh'
[4.105s] INFO:colcon.colcon_core.shell:Creating prefix chain script '/home/jaden/autobot/autobot/install/setup.zsh'
