[0.019s] Invoking command in '/home/jaden/autobot/autobot/build/autobot_gazebo': CMAKE_PREFIX_PATH=${CMAKE_PREFIX_PATH}:/opt/ros/humble /usr/bin/cmake --build /home/jaden/autobot/autobot/build/autobot_gazebo -- -j12 -l12
[0.049s] -- Found ament_cmake: 1.3.3 (/opt/ros/humble/share/ament_cmake/cmake)
[0.181s] -- Found rclpy: 3.3.5 (/opt/ros/humble/share/rclpy/cmake)
[0.182s] -- Found gazebo_ros: 3.7.0 (/opt/ros/humble/share/gazebo_ros/cmake)
[0.218s] -- Found rosidl_generator_c: 3.1.4 (/opt/ros/humble/share/rosidl_generator_c/cmake)
[0.221s] -- Found rosidl_adapter: 3.1.4 (/opt/ros/humble/share/rosidl_adapter/cmake)
[0.228s] -- Found rosidl_generator_cpp: 3.1.4 (/opt/ros/humble/share/rosidl_generator_cpp/cmake)
[0.241s] -- Using all available rosidl_typesupport_c: rosidl_typesupport_fastrtps_c;rosidl_typesupport_introspection_c
[0.260s] -- Using all available rosidl_typesupport_cpp: rosidl_typesupport_fastrtps_cpp;rosidl_typesupport_introspection_cpp
[0.329s] -- Found rmw_implementation_cmake: 6.1.1 (/opt/ros/humble/share/rmw_implementation_cmake/cmake)
[0.330s] -- Found rmw_fastrtps_cpp: 6.2.2 (/opt/ros/humble/share/rmw_fastrtps_cpp/cmake)
[0.459s] -- Using RMW implementation 'rmw_fastrtps_cpp' as default
[0.686s] -- Found DART: /usr/include (Required is at least version "6.6") found components: dart 
[0.713s] -- Found Protobuf: /usr/lib/x86_64-linux-gnu/libprotobuf.so (found version "3.12.4") 
[0.715s] -- Looking for ignition-math6 -- found version 6.13.0
[0.719s] -- Searching for dependencies of ignition-math6
[0.720s] -- Looking for OGRE...
[0.725s] -- Found Ogre Ghadamon (1.9.0)
[0.726s] -- Found OGRE: optimized;/usr/lib/x86_64-linux-gnu/libOgreMain.so;debug;/usr/lib/x86_64-linux-gnu/libOgreMain.so
[0.736s] -- Looking for OGRE_Paging...
[0.736s] -- Found OGRE_Paging: optimized;/usr/lib/x86_64-linux-gnu/libOgrePaging.so;debug;/usr/lib/x86_64-linux-gnu/libOgrePaging.so
[0.736s] -- Looking for OGRE_Terrain...
[0.736s] -- Found OGRE_Terrain: optimized;/usr/lib/x86_64-linux-gnu/libOgreTerrain.so;debug;/usr/lib/x86_64-linux-gnu/libOgreTerrain.so
[0.737s] -- Looking for OGRE_Property...
[0.737s] -- Found OGRE_Property: optimized;/usr/lib/x86_64-linux-gnu/libOgreProperty.so;debug;/usr/lib/x86_64-linux-gnu/libOgreProperty.so
[0.737s] -- Looking for OGRE_RTShaderSystem...
[0.737s] -- Found OGRE_RTShaderSystem: optimized;/usr/lib/x86_64-linux-gnu/libOgreRTShaderSystem.so;debug;/usr/lib/x86_64-linux-gnu/libOgreRTShaderSystem.so
[0.737s] -- Looking for OGRE_Volume...
[0.737s] -- Found OGRE_Volume: optimized;/usr/lib/x86_64-linux-gnu/libOgreVolume.so;debug;/usr/lib/x86_64-linux-gnu/libOgreVolume.so
[0.738s] -- Looking for OGRE_Overlay...
[0.738s] -- Found OGRE_Overlay: optimized;/usr/lib/x86_64-linux-gnu/libOgreOverlay.so;debug;/usr/lib/x86_64-linux-gnu/libOgreOverlay.so
[0.839s] -- Looking for ignition-math6 -- found version 6.13.0
[0.839s] -- Looking for ignition-transport8 -- found version 8.2.1
[0.839s] -- Searching for dependencies of ignition-transport8
[0.859s] -- Found Protobuf: /usr/lib/x86_64-linux-gnu/libprotobuf.so (found suitable version "3.12.4", minimum required is "3") 
[0.869s] -- Config-file not installed for ZeroMQ -- checking for pkg-config
[0.874s] -- Checking for module 'libzmq >= 4'
[0.888s] --   Found libzmq , version 4.3.4
[0.930s] -- Checking for module 'uuid'
[0.940s] --   Found uuid, version 2.37.2
[0.964s] -- Looking for ignition-msgs5 -- found version 5.8.1
[0.965s] -- Searching for dependencies of ignition-msgs5
[0.982s] -- Looking for ignition-math6 -- found version 6.13.0
[0.987s] -- Checking for module 'tinyxml2'
[0.997s] --   Found tinyxml2, version 9.0.0
[1.025s] -- Looking for ignition-msgs5 -- found version 5.8.1
[1.025s] -- Looking for ignition-common3 -- found version 3.14.0
[1.025s] -- Searching for dependencies of ignition-common3
[1.025s] -- Looking for dlfcn.h - found
[1.026s] -- Looking for libdl - found
[1.036s] -- Searching for <ignition-common3> component [graphics]
[1.036s] -- Looking for ignition-common3-graphics -- found version 3.14.0
[1.036s] -- Searching for dependencies of ignition-common3-graphics
[1.037s] -- Looking for ignition-math6 -- found version 6.13.0
[1.037s] -- Looking for ignition-fuel_tools4 -- found version 4.4.0
[1.038s] -- Searching for dependencies of ignition-fuel_tools4
[1.071s] -- Checking for module 'jsoncpp'
[1.081s] --   Found jsoncpp, version 1.9.5
[1.109s] -- Checking for module 'libzip'
[1.120s] --   Found libzip, version 1.7.3
[1.145s] -- Looking for ignition-common3 -- found version 3.14.0
[1.145s] -- Looking for ignition-math6 -- found version 6.13.0
[1.145s] -- Looking for ignition-msgs5 -- found version 5.8.1
[1.147s] -- Gazebo version: 11.10
[1.157s] -- Found autobot_description: 0.0.0 (/home/jaden/autobot/install/autobot_description/share/autobot_description/cmake)
[1.157s] -- Found sensor_msgs: 4.2.2 (/opt/ros/humble/share/sensor_msgs/cmake)
[1.298s] -- Found ament_lint_auto: 0.12.4 (/opt/ros/humble/share/ament_lint_auto/cmake)
[1.360s] [31mCMake Error at /opt/ros/humble/share/ament_cmake_target_dependencies/cmake/ament_target_dependencies.cmake:42 (message):
[1.360s]   ament_target_dependencies() the first argument must be a valid target name
[1.360s] Call Stack (most recent call first):
[1.360s]   CMakeLists.txt:29 (ament_target_dependencies)
[1.361s] 
[1.361s] [0m
[1.361s] -- Configuring incomplete, errors occurred!
[1.361s] See also "/home/jaden/autobot/autobot/build/autobot_gazebo/CMakeFiles/CMakeOutput.log".
[1.368s] gmake: *** [Makefile:267: cmake_check_build_system] Error 1
[1.371s] Invoked command in '/home/jaden/autobot/autobot/build/autobot_gazebo' returned '2': CMAKE_PREFIX_PATH=${CMAKE_PREFIX_PATH}:/opt/ros/humble /usr/bin/cmake --build /home/jaden/autobot/autobot/build/autobot_gazebo -- -j12 -l12
