[0.025s] Invoking command in '/home/jaden/autobot/autobot/build/autobot_gazebo': CMAKE_PREFIX_PATH=/home/jaden/autobot/autobot/install/autobot_description:/home/jaden/autobot/autobot/install/autobot_gazebo:/home/jaden/autobot/install/autobot_gazebo:/home/jaden/autobot/install/autobot_description:/home/jaden/ROS2_TWO_WHEELED_ROBOT/install/dolly:/home/jaden/ROS2_TWO_WHEELED_ROBOT/install/dolly_gazebo:/home/jaden/ROS2_TWO_WHEELED_ROBOT/install/dolly_follow:/home/jaden/ROS2_TWO_WHEELED_ROBOT/install/dolly_drive:/opt/ros/humble /usr/bin/cmake /home/jaden/autobot/autobot/autobot_gazebo -DAMENT_CMAKE_SYMLINK_INSTALL=1 -DCMAKE_INSTALL_PREFIX=/home/jaden/autobot/autobot/install/autobot_gazebo
[0.038s] -- Found ament_cmake: 1.3.3 (/opt/ros/humble/share/ament_cmake/cmake)
[0.165s] -- Override CMake install command with custom implementation using symlinks instead of copying resources
[0.180s] -- Found rclpy: 3.3.5 (/opt/ros/humble/share/rclpy/cmake)
[0.181s] -- Found gazebo_ros: 3.7.0 (/opt/ros/humble/share/gazebo_ros/cmake)
[0.246s] -- Found rosidl_generator_c: 3.1.4 (/opt/ros/humble/share/rosidl_generator_c/cmake)
[0.249s] -- Found rosidl_adapter: 3.1.4 (/opt/ros/humble/share/rosidl_adapter/cmake)
[0.255s] -- Found rosidl_generator_cpp: 3.1.4 (/opt/ros/humble/share/rosidl_generator_cpp/cmake)
[0.266s] -- Using all available rosidl_typesupport_c: rosidl_typesupport_fastrtps_c;rosidl_typesupport_introspection_c
[0.282s] -- Using all available rosidl_typesupport_cpp: rosidl_typesupport_fastrtps_cpp;rosidl_typesupport_introspection_cpp
[0.349s] -- Found rmw_implementation_cmake: 6.1.1 (/opt/ros/humble/share/rmw_implementation_cmake/cmake)
[0.351s] -- Found rmw_fastrtps_cpp: 6.2.2 (/opt/ros/humble/share/rmw_fastrtps_cpp/cmake)
[0.482s] -- Using RMW implementation 'rmw_fastrtps_cpp' as default
[0.702s] -- Found DART: /usr/include (Required is at least version "6.6") found components: dart 
[0.727s] -- Found Protobuf: /usr/lib/x86_64-linux-gnu/libprotobuf.so (found version "3.12.4") 
[0.729s] -- Looking for ignition-math6 -- found version 6.13.0
[0.733s] -- Searching for dependencies of ignition-math6
[0.734s] -- Looking for OGRE...
[0.740s] -- Found Ogre Ghadamon (1.9.0)
[0.740s] -- Found OGRE: optimized;/usr/lib/x86_64-linux-gnu/libOgreMain.so;debug;/usr/lib/x86_64-linux-gnu/libOgreMain.so
[0.752s] -- Looking for OGRE_Paging...
[0.752s] -- Found OGRE_Paging: optimized;/usr/lib/x86_64-linux-gnu/libOgrePaging.so;debug;/usr/lib/x86_64-linux-gnu/libOgrePaging.so
[0.752s] -- Looking for OGRE_Terrain...
[0.753s] -- Found OGRE_Terrain: optimized;/usr/lib/x86_64-linux-gnu/libOgreTerrain.so;debug;/usr/lib/x86_64-linux-gnu/libOgreTerrain.so
[0.753s] -- Looking for OGRE_Property...
[0.753s] -- Found OGRE_Property: optimized;/usr/lib/x86_64-linux-gnu/libOgreProperty.so;debug;/usr/lib/x86_64-linux-gnu/libOgreProperty.so
[0.753s] -- Looking for OGRE_RTShaderSystem...
[0.754s] -- Found OGRE_RTShaderSystem: optimized;/usr/lib/x86_64-linux-gnu/libOgreRTShaderSystem.so;debug;/usr/lib/x86_64-linux-gnu/libOgreRTShaderSystem.so
[0.754s] -- Looking for OGRE_Volume...
[0.754s] -- Found OGRE_Volume: optimized;/usr/lib/x86_64-linux-gnu/libOgreVolume.so;debug;/usr/lib/x86_64-linux-gnu/libOgreVolume.so
[0.754s] -- Looking for OGRE_Overlay...
[0.754s] -- Found OGRE_Overlay: optimized;/usr/lib/x86_64-linux-gnu/libOgreOverlay.so;debug;/usr/lib/x86_64-linux-gnu/libOgreOverlay.so
[0.868s] -- Looking for ignition-math6 -- found version 6.13.0
[0.868s] -- Looking for ignition-transport8 -- found version 8.2.1
[0.869s] -- Searching for dependencies of ignition-transport8
[0.889s] -- Found Protobuf: /usr/lib/x86_64-linux-gnu/libprotobuf.so (found suitable version "3.12.4", minimum required is "3") 
[0.899s] -- Config-file not installed for ZeroMQ -- checking for pkg-config
[0.904s] -- Checking for module 'libzmq >= 4'
[0.916s] --   Found libzmq , version 4.3.4
[0.951s] -- Checking for module 'uuid'
[0.962s] --   Found uuid, version 2.37.2
[0.985s] -- Looking for ignition-msgs5 -- found version 5.8.1
[0.986s] -- Searching for dependencies of ignition-msgs5
[1.004s] -- Looking for ignition-math6 -- found version 6.13.0
[1.009s] -- Checking for module 'tinyxml2'
[1.019s] --   Found tinyxml2, version 9.0.0
[1.045s] -- Looking for ignition-msgs5 -- found version 5.8.1
[1.046s] -- Looking for ignition-common3 -- found version 3.14.0
[1.046s] -- Searching for dependencies of ignition-common3
[1.046s] -- Looking for dlfcn.h - found
[1.046s] -- Looking for libdl - found
[1.058s] -- Searching for <ignition-common3> component [graphics]
[1.058s] -- Looking for ignition-common3-graphics -- found version 3.14.0
[1.059s] -- Searching for dependencies of ignition-common3-graphics
[1.059s] -- Looking for ignition-math6 -- found version 6.13.0
[1.060s] -- Looking for ignition-fuel_tools4 -- found version 4.4.0
[1.061s] -- Searching for dependencies of ignition-fuel_tools4
[1.096s] -- Checking for module 'jsoncpp'
[1.107s] --   Found jsoncpp, version 1.9.5
[1.137s] -- Checking for module 'libzip'
[1.150s] --   Found libzip, version 1.7.3
[1.173s] -- Looking for ignition-common3 -- found version 3.14.0
[1.173s] -- Looking for ignition-math6 -- found version 6.13.0
[1.173s] -- Looking for ignition-msgs5 -- found version 5.8.1
[1.175s] -- Gazebo version: 11.10
[1.184s] -- Found autobot_description: 0.0.0 (/home/jaden/autobot/install/autobot_description/share/autobot_description/cmake)
[1.185s] -- Found sensor_msgs: 4.2.2 (/opt/ros/humble/share/sensor_msgs/cmake)
[1.321s] -- Found tf2: 0.25.1 (/opt/ros/humble/share/tf2/cmake)
[1.329s] -- Found tf2_ros: 0.25.1 (/opt/ros/humble/share/tf2_ros/cmake)
[1.691s] -- Found ament_lint_auto: 0.12.4 (/opt/ros/humble/share/ament_lint_auto/cmake)
[1.774s] -- Added test 'cppcheck' to perform static code analysis on C / C++ code
[1.774s] -- Configured cppcheck include dirs: 
[1.774s] -- Configured cppcheck exclude dirs and/or files: 
[1.775s] -- Added test 'flake8' to check Python code syntax and style conventions
[1.775s] -- Added test 'lint_cmake' to check CMake code style
[1.775s] -- Added test 'pep257' to check Python code against some of the docstring style conventions in PEP 257
[1.777s] -- Added test 'uncrustify' to check C / C++ code style
[1.777s] -- Configured uncrustify additional arguments: 
[1.777s] -- Added test 'xmllint' to check XML markup files
[1.778s] -- Configuring done
[1.791s] -- Generating done
[1.794s] -- Build files have been written to: /home/jaden/autobot/autobot/build/autobot_gazebo
[1.803s] Invoked command in '/home/jaden/autobot/autobot/build/autobot_gazebo' returned '0': CMAKE_PREFIX_PATH=/home/jaden/autobot/autobot/install/autobot_description:/home/jaden/autobot/autobot/install/autobot_gazebo:/home/jaden/autobot/install/autobot_gazebo:/home/jaden/autobot/install/autobot_description:/home/jaden/ROS2_TWO_WHEELED_ROBOT/install/dolly:/home/jaden/ROS2_TWO_WHEELED_ROBOT/install/dolly_gazebo:/home/jaden/ROS2_TWO_WHEELED_ROBOT/install/dolly_follow:/home/jaden/ROS2_TWO_WHEELED_ROBOT/install/dolly_drive:/opt/ros/humble /usr/bin/cmake /home/jaden/autobot/autobot/autobot_gazebo -DAMENT_CMAKE_SYMLINK_INSTALL=1 -DCMAKE_INSTALL_PREFIX=/home/jaden/autobot/autobot/install/autobot_gazebo
[1.806s] Invoking command in '/home/jaden/autobot/autobot/build/autobot_gazebo': CMAKE_PREFIX_PATH=/home/jaden/autobot/autobot/install/autobot_description:/home/jaden/autobot/autobot/install/autobot_gazebo:/home/jaden/autobot/install/autobot_gazebo:/home/jaden/autobot/install/autobot_description:/home/jaden/ROS2_TWO_WHEELED_ROBOT/install/dolly:/home/jaden/ROS2_TWO_WHEELED_ROBOT/install/dolly_gazebo:/home/jaden/ROS2_TWO_WHEELED_ROBOT/install/dolly_follow:/home/jaden/ROS2_TWO_WHEELED_ROBOT/install/dolly_drive:/opt/ros/humble /usr/bin/cmake --build /home/jaden/autobot/autobot/build/autobot_gazebo -- -j12 -l12
[1.858s] [35m[1mConsolidate compiler generated dependencies of target encoder_information[0m
[1.877s] [100%] Built target encoder_information
[1.884s] Invoked command in '/home/jaden/autobot/autobot/build/autobot_gazebo' returned '0': CMAKE_PREFIX_PATH=/home/jaden/autobot/autobot/install/autobot_description:/home/jaden/autobot/autobot/install/autobot_gazebo:/home/jaden/autobot/install/autobot_gazebo:/home/jaden/autobot/install/autobot_description:/home/jaden/ROS2_TWO_WHEELED_ROBOT/install/dolly:/home/jaden/ROS2_TWO_WHEELED_ROBOT/install/dolly_gazebo:/home/jaden/ROS2_TWO_WHEELED_ROBOT/install/dolly_follow:/home/jaden/ROS2_TWO_WHEELED_ROBOT/install/dolly_drive:/opt/ros/humble /usr/bin/cmake --build /home/jaden/autobot/autobot/build/autobot_gazebo -- -j12 -l12
[1.903s] Invoking command in '/home/jaden/autobot/autobot/build/autobot_gazebo': CMAKE_PREFIX_PATH=/home/jaden/autobot/autobot/install/autobot_description:/home/jaden/autobot/autobot/install/autobot_gazebo:/home/jaden/autobot/install/autobot_gazebo:/home/jaden/autobot/install/autobot_description:/home/jaden/ROS2_TWO_WHEELED_ROBOT/install/dolly:/home/jaden/ROS2_TWO_WHEELED_ROBOT/install/dolly_gazebo:/home/jaden/ROS2_TWO_WHEELED_ROBOT/install/dolly_follow:/home/jaden/ROS2_TWO_WHEELED_ROBOT/install/dolly_drive:/opt/ros/humble /usr/bin/cmake --install /home/jaden/autobot/autobot/build/autobot_gazebo
[1.909s] -- Install configuration: ""
[1.909s] -- Execute custom install script
[1.909s] -- Up-to-date symlink: /home/jaden/autobot/autobot/install/autobot_gazebo/share/autobot_gazebo//launch/__pycache__/start_world.launch.cpython-310.pyc
[1.910s] -- Up-to-date symlink: /home/jaden/autobot/autobot/install/autobot_gazebo/share/autobot_gazebo//launch/spawn_autobot_ros2.launch.xml
[1.910s] -- Up-to-date symlink: /home/jaden/autobot/autobot/install/autobot_gazebo/share/autobot_gazebo//launch/spawn_robot_description.launch.py
[1.910s] -- Up-to-date symlink: /home/jaden/autobot/autobot/install/autobot_gazebo/share/autobot_gazebo//launch/start_world.launch.py
[1.910s] -- Up-to-date symlink: /home/jaden/autobot/autobot/install/autobot_gazebo/share/autobot_gazebo//worlds/autobot_empty.world
[1.910s] -- Up-to-date symlink: /home/jaden/autobot/autobot/install/autobot_gazebo/share/autobot_gazebo//meshes/base_link.STL
[1.910s] -- Up-to-date symlink: /home/jaden/autobot/autobot/install/autobot_gazebo/share/autobot_gazebo//meshes/base_link.dae
[1.910s] -- Up-to-date symlink: /home/jaden/autobot/autobot/install/autobot_gazebo/share/autobot_gazebo//meshes/caster_link.dae
[1.910s] -- Up-to-date symlink: /home/jaden/autobot/autobot/install/autobot_gazebo/share/autobot_gazebo//meshes/left_back_link.STL
[1.911s] -- Up-to-date symlink: /home/jaden/autobot/autobot/install/autobot_gazebo/share/autobot_gazebo//meshes/left_front_link.STL
[1.911s] -- Up-to-date symlink: /home/jaden/autobot/autobot/install/autobot_gazebo/share/autobot_gazebo//meshes/left_link.dae
[1.911s] -- Up-to-date symlink: /home/jaden/autobot/autobot/install/autobot_gazebo/share/autobot_gazebo//meshes/lidar_link.STL
[1.911s] -- Up-to-date symlink: /home/jaden/autobot/autobot/install/autobot_gazebo/share/autobot_gazebo//meshes/lidar_link.dae
[1.911s] -- Up-to-date symlink: /home/jaden/autobot/autobot/install/autobot_gazebo/share/autobot_gazebo//meshes/right_back_link.STL
[1.911s] -- Up-to-date symlink: /home/jaden/autobot/autobot/install/autobot_gazebo/share/autobot_gazebo//meshes/right_front_link.STL
[1.911s] -- Up-to-date symlink: /home/jaden/autobot/autobot/install/autobot_gazebo/share/autobot_gazebo//meshes/right_link.dae
[1.911s] -- Up-to-date symlink: /home/jaden/autobot/autobot/install/autobot_gazebo/lib/autobot_gazebo/encoder_information
[1.912s] -- Up-to-date symlink: /home/jaden/autobot/autobot/install/autobot_gazebo/share/ament_index/resource_index/package_run_dependencies/autobot_gazebo
[1.912s] -- Up-to-date symlink: /home/jaden/autobot/autobot/install/autobot_gazebo/share/ament_index/resource_index/parent_prefix_path/autobot_gazebo
[1.912s] -- Up-to-date symlink: /home/jaden/autobot/autobot/install/autobot_gazebo/share/autobot_gazebo/environment/ament_prefix_path.sh
[1.912s] -- Up-to-date symlink: /home/jaden/autobot/autobot/install/autobot_gazebo/share/autobot_gazebo/environment/ament_prefix_path.dsv
[1.912s] -- Up-to-date symlink: /home/jaden/autobot/autobot/install/autobot_gazebo/share/autobot_gazebo/environment/path.sh
[1.912s] -- Up-to-date symlink: /home/jaden/autobot/autobot/install/autobot_gazebo/share/autobot_gazebo/environment/path.dsv
[1.912s] -- Up-to-date symlink: /home/jaden/autobot/autobot/install/autobot_gazebo/share/autobot_gazebo/local_setup.bash
[1.913s] -- Up-to-date symlink: /home/jaden/autobot/autobot/install/autobot_gazebo/share/autobot_gazebo/local_setup.sh
[1.913s] -- Up-to-date symlink: /home/jaden/autobot/autobot/install/autobot_gazebo/share/autobot_gazebo/local_setup.zsh
[1.913s] -- Up-to-date symlink: /home/jaden/autobot/autobot/install/autobot_gazebo/share/autobot_gazebo/local_setup.dsv
[1.913s] -- Symlinking: /home/jaden/autobot/autobot/install/autobot_gazebo/share/autobot_gazebo/package.dsv
[1.920s] -- Up-to-date symlink: /home/jaden/autobot/autobot/install/autobot_gazebo/share/ament_index/resource_index/packages/autobot_gazebo
[1.920s] -- Up-to-date symlink: /home/jaden/autobot/autobot/install/autobot_gazebo/share/autobot_gazebo/cmake/autobot_gazeboConfig.cmake
[1.920s] -- Up-to-date symlink: /home/jaden/autobot/autobot/install/autobot_gazebo/share/autobot_gazebo/cmake/autobot_gazeboConfig-version.cmake
[1.920s] -- Up-to-date symlink: /home/jaden/autobot/autobot/install/autobot_gazebo/share/autobot_gazebo/package.xml
[1.924s] Invoked command in '/home/jaden/autobot/autobot/build/autobot_gazebo' returned '0': CMAKE_PREFIX_PATH=/home/jaden/autobot/autobot/install/autobot_description:/home/jaden/autobot/autobot/install/autobot_gazebo:/home/jaden/autobot/install/autobot_gazebo:/home/jaden/autobot/install/autobot_description:/home/jaden/ROS2_TWO_WHEELED_ROBOT/install/dolly:/home/jaden/ROS2_TWO_WHEELED_ROBOT/install/dolly_gazebo:/home/jaden/ROS2_TWO_WHEELED_ROBOT/install/dolly_follow:/home/jaden/ROS2_TWO_WHEELED_ROBOT/install/dolly_drive:/opt/ros/humble /usr/bin/cmake --install /home/jaden/autobot/autobot/build/autobot_gazebo
