[0.018s] Invoking command in '/home/jaden/autobot/autobot/build/autobot_description': CMAKE_PREFIX_PATH=${CMAKE_PREFIX_PATH}:/opt/ros/humble /usr/bin/cmake /home/jaden/autobot/autobot/autobot_description -DCMAKE_INSTALL_PREFIX=/home/jaden/autobot/autobot/install/autobot_description
[0.131s] -- The C compiler identification is GNU 11.3.0
[0.233s] -- The CXX compiler identification is GNU 11.3.0
[0.243s] -- Detecting C compiler ABI info
[0.305s] -- Detecting C compiler ABI info - done
[0.316s] -- Check for working C compiler: /usr/bin/cc - skipped
[0.316s] -- Detecting C compile features
[0.317s] -- Detecting C compile features - done
[0.321s] -- Detecting CXX compiler ABI info
[0.392s] -- Detecting CXX compiler ABI info - done
[0.400s] -- Check for working CXX compiler: /usr/bin/c++ - skipped
[0.400s] -- Detecting CXX compile features
[0.401s] -- Detecting CXX compile features - done
[0.408s] -- Found ament_cmake: 1.3.3 (/opt/ros/humble/share/ament_cmake/cmake)
[0.592s] -- Found Python3: /usr/bin/python3.10 (found version "3.10.6") found components: Interpreter 
[0.702s] -- Found rclpy: 3.3.5 (/opt/ros/humble/share/rclpy/cmake)
[0.704s] -- Found gazebo_ros: 3.7.0 (/opt/ros/humble/share/gazebo_ros/cmake)
[0.788s] -- Found rosidl_generator_c: 3.1.4 (/opt/ros/humble/share/rosidl_generator_c/cmake)
[0.795s] -- Found rosidl_adapter: 3.1.4 (/opt/ros/humble/share/rosidl_adapter/cmake)
[0.812s] -- Found rosidl_generator_cpp: 3.1.4 (/opt/ros/humble/share/rosidl_generator_cpp/cmake)
[0.835s] -- Using all available rosidl_typesupport_c: rosidl_typesupport_fastrtps_c;rosidl_typesupport_introspection_c
[0.860s] -- Using all available rosidl_typesupport_cpp: rosidl_typesupport_fastrtps_cpp;rosidl_typesupport_introspection_cpp
[0.963s] -- Found rmw_implementation_cmake: 6.1.1 (/opt/ros/humble/share/rmw_implementation_cmake/cmake)
[0.967s] -- Found rmw_fastrtps_cpp: 6.2.2 (/opt/ros/humble/share/rmw_fastrtps_cpp/cmake)
[1.079s] -- Found OpenSSL: /usr/lib/x86_64-linux-gnu/libcrypto.so (found version "3.0.2")  
[1.109s] -- Found FastRTPS: /opt/ros/humble/include  
[1.160s] -- Using RMW implementation 'rmw_fastrtps_cpp' as default
[1.174s] -- Looking for pthread.h
[1.247s] -- Looking for pthread.h - found
[1.247s] -- Performing Test CMAKE_HAVE_LIBC_PTHREAD
[1.316s] -- Performing Test CMAKE_HAVE_LIBC_PTHREAD - Success
[1.317s] -- Found Threads: TRUE  
[1.532s] -- Found PkgConfig: /usr/bin/pkg-config (found version "0.29.2") 
[1.533s] -- Checking for module 'bullet>=2.82'
[1.545s] --   Found bullet, version 3.05
[1.641s] -- Found fcl: /usr/include (found suitable version "0.7.0", minimum required is "0.5.0") 
[1.680s] -- Found assimp: /usr/include (found version "5.2.0") 
[1.707s] -- Found DART: /usr/include (Required is at least version "6.6") found components: dart 
[1.743s] -- Found Boost: /usr/lib/x86_64-linux-gnu/cmake/Boost-1.74.0/BoostConfig.cmake (found suitable version "1.74.0", minimum required is "1.40.0") found components: thread system filesystem program_options regex iostreams date_time 
[1.767s] -- Found Protobuf: /usr/lib/x86_64-linux-gnu/libprotobuf.so (found version "3.12.4") 
[1.773s] -- Looking for ignition-math6 -- found version 6.13.0
[1.782s] -- Searching for dependencies of ignition-math6
[1.785s] -- Looking for OGRE...
[1.785s] -- OGRE_PREFIX_WATCH changed.
[1.790s] -- Checking for module 'OGRE'
[1.800s] --   Found OGRE, version 1.9.0
[1.827s] -- Found Ogre Ghadamon (1.9.0)
[1.835s] -- Found OGRE: optimized;/usr/lib/x86_64-linux-gnu/libOgreMain.so;debug;/usr/lib/x86_64-linux-gnu/libOgreMain.so
[1.846s] -- Looking for OGRE_Paging...
[1.853s] -- Found OGRE_Paging: optimized;/usr/lib/x86_64-linux-gnu/libOgrePaging.so;debug;/usr/lib/x86_64-linux-gnu/libOgrePaging.so
[1.853s] -- Looking for OGRE_Terrain...
[1.859s] -- Found OGRE_Terrain: optimized;/usr/lib/x86_64-linux-gnu/libOgreTerrain.so;debug;/usr/lib/x86_64-linux-gnu/libOgreTerrain.so
[1.859s] -- Looking for OGRE_Property...
[1.865s] -- Found OGRE_Property: optimized;/usr/lib/x86_64-linux-gnu/libOgreProperty.so;debug;/usr/lib/x86_64-linux-gnu/libOgreProperty.so
[1.865s] -- Looking for OGRE_RTShaderSystem...
[1.870s] -- Found OGRE_RTShaderSystem: optimized;/usr/lib/x86_64-linux-gnu/libOgreRTShaderSystem.so;debug;/usr/lib/x86_64-linux-gnu/libOgreRTShaderSystem.so
[1.870s] -- Looking for OGRE_Volume...
[1.875s] -- Found OGRE_Volume: optimized;/usr/lib/x86_64-linux-gnu/libOgreVolume.so;debug;/usr/lib/x86_64-linux-gnu/libOgreVolume.so
[1.875s] -- Looking for OGRE_Overlay...
[1.880s] -- Found OGRE_Overlay: optimized;/usr/lib/x86_64-linux-gnu/libOgreOverlay.so;debug;/usr/lib/x86_64-linux-gnu/libOgreOverlay.so
[1.998s] -- Looking for ignition-math6 -- found version 6.13.0
[2.001s] -- Looking for ignition-transport8 -- found version 8.2.1
[2.002s] -- Searching for dependencies of ignition-transport8
[2.024s] -- Found Protobuf: /usr/lib/x86_64-linux-gnu/libprotobuf.so (found suitable version "3.12.4", minimum required is "3") 
[2.035s] -- Config-file not installed for ZeroMQ -- checking for pkg-config
[2.040s] -- Checking for module 'libzmq >= 4'
[2.057s] --   Found libzmq , version 4.3.4
[2.088s] -- Found ZeroMQ: TRUE (Required is at least version "4") 
[2.096s] -- Checking for module 'uuid'
[2.109s] --   Found uuid, version 2.37.2
[2.136s] -- Found UUID: TRUE  
[2.139s] -- Looking for ignition-msgs5 -- found version 5.8.1
[2.139s] -- Searching for dependencies of ignition-msgs5
[2.159s] -- Looking for ignition-math6 -- found version 6.13.0
[2.164s] -- Checking for module 'tinyxml2'
[2.176s] --   Found tinyxml2, version 9.0.0
[2.204s] -- Looking for ignition-msgs5 -- found version 5.8.1
[2.207s] -- Looking for ignition-common3 -- found version 3.14.0
[2.208s] -- Searching for dependencies of ignition-common3
[2.208s] -- Looking for dlfcn.h - found
[2.209s] -- Looking for libdl - found
[2.211s] -- Found DL: TRUE  
[2.225s] -- Found tinyobjloader: /usr/lib/x86_64-linux-gnu/cmake/tinyobjloader/tinyobjloader-config.cmake (found version "2.0.0") 
[2.226s] -- Searching for <ignition-common3> component [graphics]
[2.229s] -- Looking for ignition-common3-graphics -- found version 3.14.0
[2.229s] -- Searching for dependencies of ignition-common3-graphics
[2.230s] -- Looking for ignition-math6 -- found version 6.13.0
[2.233s] -- Looking for ignition-fuel_tools4 -- found version 4.4.0
[2.234s] -- Searching for dependencies of ignition-fuel_tools4
[2.299s] -- Found CURL: /usr/lib/x86_64-linux-gnu/libcurl.so (found version "7.81.0")  
[2.308s] -- Checking for module 'jsoncpp'
[2.321s] --   Found jsoncpp, version 1.9.5
[2.348s] -- Found JSONCPP: TRUE  
[2.353s] -- Checking for module 'libzip'
[2.363s] --   Found libzip, version 1.7.3
[2.388s] -- Found ZIP: TRUE  
[2.388s] -- Looking for ignition-common3 -- found version 3.14.0
[2.388s] -- Looking for ignition-math6 -- found version 6.13.0
[2.389s] -- Looking for ignition-msgs5 -- found version 5.8.1
[2.392s] -- Gazebo version: 11.10
[2.393s] -- Checking for module 'tbb'
[2.404s] --   Found tbb, version 2021.5.0
[2.442s] -- Found autobot_gazebo: 0.0.0 (/home/jaden/autobot/install/autobot_gazebo/share/autobot_gazebo/cmake)
[2.444s] -- Found ament_lint_auto: 0.12.4 (/opt/ros/humble/share/ament_lint_auto/cmake)
[2.544s] -- Added test 'cppcheck' to perform static code analysis on C / C++ code
[2.544s] -- Configured cppcheck include dirs: 
[2.544s] -- Configured cppcheck exclude dirs and/or files: 
[2.546s] -- Added test 'flake8' to check Python code syntax and style conventions
[2.549s] -- Added test 'lint_cmake' to check CMake code style
[2.550s] -- Added test 'pep257' to check Python code against some of the docstring style conventions in PEP 257
[2.559s] -- Added test 'uncrustify' to check C / C++ code style
[2.559s] -- Configured uncrustify additional arguments: 
[2.561s] -- Added test 'xmllint' to check XML markup files
[2.562s] -- Configuring done
[2.569s] -- Generating done
[2.571s] -- Build files have been written to: /home/jaden/autobot/autobot/build/autobot_description
[2.579s] Invoked command in '/home/jaden/autobot/autobot/build/autobot_description' returned '0': CMAKE_PREFIX_PATH=${CMAKE_PREFIX_PATH}:/opt/ros/humble /usr/bin/cmake /home/jaden/autobot/autobot/autobot_description -DCMAKE_INSTALL_PREFIX=/home/jaden/autobot/autobot/install/autobot_description
[2.580s] Invoking command in '/home/jaden/autobot/autobot/build/autobot_description': CMAKE_PREFIX_PATH=${CMAKE_PREFIX_PATH}:/opt/ros/humble /usr/bin/cmake --build /home/jaden/autobot/autobot/build/autobot_description -- -j12 -l12
[2.620s] Invoked command in '/home/jaden/autobot/autobot/build/autobot_description' returned '0': CMAKE_PREFIX_PATH=${CMAKE_PREFIX_PATH}:/opt/ros/humble /usr/bin/cmake --build /home/jaden/autobot/autobot/build/autobot_description -- -j12 -l12
[2.648s] Invoking command in '/home/jaden/autobot/autobot/build/autobot_description': CMAKE_PREFIX_PATH=${CMAKE_PREFIX_PATH}:/opt/ros/humble /usr/bin/cmake --install /home/jaden/autobot/autobot/build/autobot_description
[2.653s] -- Install configuration: ""
[2.653s] -- Installing: /home/jaden/autobot/autobot/install/autobot_description/share/autobot_description//urdf
[2.653s] -- Installing: /home/jaden/autobot/autobot/install/autobot_description/share/autobot_description//urdf/autobot.urdf
[2.653s] -- Installing: /home/jaden/autobot/autobot/install/autobot_description/share/autobot_description//launch
[2.653s] -- Installing: /home/jaden/autobot/autobot/install/autobot_description/share/autobot_description//launch/publish_urdf.launch.py
[2.654s] -- Installing: /home/jaden/autobot/autobot/install/autobot_description/share/autobot_description//rviz
[2.654s] -- Installing: /home/jaden/autobot/autobot/install/autobot_description/share/autobot_description//rviz/autobot.rviz
[2.654s] -- Installing: /home/jaden/autobot/autobot/install/autobot_description/lib/autobot_description/rviz
[2.654s] -- Installing: /home/jaden/autobot/autobot/install/autobot_description/lib/autobot_description/rviz/autobot.rviz
[2.654s] -- Installing: /home/jaden/autobot/autobot/install/autobot_description/lib/autobot_description/urdf
[2.654s] -- Installing: /home/jaden/autobot/autobot/install/autobot_description/lib/autobot_description/urdf/autobot.urdf
[2.655s] -- Installing: /home/jaden/autobot/autobot/install/autobot_description/share/ament_index/resource_index/package_run_dependencies/autobot_description
[2.655s] -- Installing: /home/jaden/autobot/autobot/install/autobot_description/share/ament_index/resource_index/parent_prefix_path/autobot_description
[2.655s] -- Installing: /home/jaden/autobot/autobot/install/autobot_description/share/autobot_description/environment/ament_prefix_path.sh
[2.655s] -- Installing: /home/jaden/autobot/autobot/install/autobot_description/share/autobot_description/environment/ament_prefix_path.dsv
[2.655s] -- Installing: /home/jaden/autobot/autobot/install/autobot_description/share/autobot_description/environment/path.sh
[2.656s] -- Installing: /home/jaden/autobot/autobot/install/autobot_description/share/autobot_description/environment/path.dsv
[2.656s] -- Installing: /home/jaden/autobot/autobot/install/autobot_description/share/autobot_description/local_setup.bash
[2.656s] -- Installing: /home/jaden/autobot/autobot/install/autobot_description/share/autobot_description/local_setup.sh
[2.656s] -- Installing: /home/jaden/autobot/autobot/install/autobot_description/share/autobot_description/local_setup.zsh
[2.656s] -- Installing: /home/jaden/autobot/autobot/install/autobot_description/share/autobot_description/local_setup.dsv
[2.657s] -- Installing: /home/jaden/autobot/autobot/install/autobot_description/share/autobot_description/package.dsv
[2.657s] -- Installing: /home/jaden/autobot/autobot/install/autobot_description/share/ament_index/resource_index/packages/autobot_description
[2.657s] -- Installing: /home/jaden/autobot/autobot/install/autobot_description/share/autobot_description/cmake/autobot_descriptionConfig.cmake
[2.657s] -- Installing: /home/jaden/autobot/autobot/install/autobot_description/share/autobot_description/cmake/autobot_descriptionConfig-version.cmake
[2.657s] -- Installing: /home/jaden/autobot/autobot/install/autobot_description/share/autobot_description/package.xml
[2.659s] Invoked command in '/home/jaden/autobot/autobot/build/autobot_description' returned '0': CMAKE_PREFIX_PATH=${CMAKE_PREFIX_PATH}:/opt/ros/humble /usr/bin/cmake --install /home/jaden/autobot/autobot/build/autobot_description
