[0.014s] Invoking command in '/home/jaden/autobot/autobot/build/autobot_gazebo': CMAKE_PREFIX_PATH=/home/jaden/autobot/autobot/install/autobot_description:/home/jaden/autobot/autobot/install/autobot_gazebo:/home/jaden/autobot/install/autobot_gazebo:/home/jaden/autobot/install/autobot_description:/home/jaden/ROS2_TWO_WHEELED_ROBOT/install/dolly:/home/jaden/ROS2_TWO_WHEELED_ROBOT/install/dolly_gazebo:/home/jaden/ROS2_TWO_WHEELED_ROBOT/install/dolly_follow:/home/jaden/ROS2_TWO_WHEELED_ROBOT/install/dolly_drive:/opt/ros/humble /usr/bin/cmake /home/jaden/autobot/autobot/autobot_gazebo -DAMENT_CMAKE_SYMLINK_INSTALL=1 -DCMAKE_INSTALL_PREFIX=/home/jaden/autobot/autobot/install/autobot_gazebo
[0.026s] -- Found ament_cmake: 1.3.3 (/opt/ros/humble/share/ament_cmake/cmake)
[0.158s] -- Override CMake install command with custom implementation using symlinks instead of copying resources
[0.165s] -- Found rclpy: 3.3.5 (/opt/ros/humble/share/rclpy/cmake)
[0.165s] -- Found gazebo_ros: 3.7.0 (/opt/ros/humble/share/gazebo_ros/cmake)
[0.203s] -- Found rosidl_generator_c: 3.1.4 (/opt/ros/humble/share/rosidl_generator_c/cmake)
[0.206s] -- Found rosidl_adapter: 3.1.4 (/opt/ros/humble/share/rosidl_adapter/cmake)
[0.213s] -- Found rosidl_generator_cpp: 3.1.4 (/opt/ros/humble/share/rosidl_generator_cpp/cmake)
[0.224s] -- Using all available rosidl_typesupport_c: rosidl_typesupport_fastrtps_c;rosidl_typesupport_introspection_c
[0.241s] -- Using all available rosidl_typesupport_cpp: rosidl_typesupport_fastrtps_cpp;rosidl_typesupport_introspection_cpp
[0.308s] -- Found rmw_implementation_cmake: 6.1.1 (/opt/ros/humble/share/rmw_implementation_cmake/cmake)
[0.310s] -- Found rmw_fastrtps_cpp: 6.2.2 (/opt/ros/humble/share/rmw_fastrtps_cpp/cmake)
[0.432s] -- Using RMW implementation 'rmw_fastrtps_cpp' as default
[0.650s] -- Found DART: /usr/include (Required is at least version "6.6") found components: dart 
[0.679s] -- Found Protobuf: /usr/lib/x86_64-linux-gnu/libprotobuf.so (found version "3.12.4") 
[0.680s] -- Looking for ignition-math6 -- found version 6.13.0
[0.684s] -- Searching for dependencies of ignition-math6
[0.685s] -- Looking for OGRE...
[0.690s] -- Found Ogre Ghadamon (1.9.0)
[0.690s] -- Found OGRE: optimized;/usr/lib/x86_64-linux-gnu/libOgreMain.so;debug;/usr/lib/x86_64-linux-gnu/libOgreMain.so
[0.702s] -- Looking for OGRE_Paging...
[0.703s] -- Found OGRE_Paging: optimized;/usr/lib/x86_64-linux-gnu/libOgrePaging.so;debug;/usr/lib/x86_64-linux-gnu/libOgrePaging.so
[0.703s] -- Looking for OGRE_Terrain...
[0.703s] -- Found OGRE_Terrain: optimized;/usr/lib/x86_64-linux-gnu/libOgreTerrain.so;debug;/usr/lib/x86_64-linux-gnu/libOgreTerrain.so
[0.704s] -- Looking for OGRE_Property...
[0.704s] -- Found OGRE_Property: optimized;/usr/lib/x86_64-linux-gnu/libOgreProperty.so;debug;/usr/lib/x86_64-linux-gnu/libOgreProperty.so
[0.704s] -- Looking for OGRE_RTShaderSystem...
[0.704s] -- Found OGRE_RTShaderSystem: optimized;/usr/lib/x86_64-linux-gnu/libOgreRTShaderSystem.so;debug;/usr/lib/x86_64-linux-gnu/libOgreRTShaderSystem.so
[0.704s] -- Looking for OGRE_Volume...
[0.705s] -- Found OGRE_Volume: optimized;/usr/lib/x86_64-linux-gnu/libOgreVolume.so;debug;/usr/lib/x86_64-linux-gnu/libOgreVolume.so
[0.705s] -- Looking for OGRE_Overlay...
[0.705s] -- Found OGRE_Overlay: optimized;/usr/lib/x86_64-linux-gnu/libOgreOverlay.so;debug;/usr/lib/x86_64-linux-gnu/libOgreOverlay.so
[0.826s] -- Looking for ignition-math6 -- found version 6.13.0
[0.826s] -- Looking for ignition-transport8 -- found version 8.2.1
[0.827s] -- Searching for dependencies of ignition-transport8
[0.847s] -- Found Protobuf: /usr/lib/x86_64-linux-gnu/libprotobuf.so (found suitable version "3.12.4", minimum required is "3") 
[0.857s] -- Config-file not installed for ZeroMQ -- checking for pkg-config
[0.862s] -- Checking for module 'libzmq >= 4'
[0.875s] --   Found libzmq , version 4.3.4
[0.911s] -- Checking for module 'uuid'
[0.921s] --   Found uuid, version 2.37.2
[0.943s] -- Looking for ignition-msgs5 -- found version 5.8.1
[0.944s] -- Searching for dependencies of ignition-msgs5
[0.961s] -- Looking for ignition-math6 -- found version 6.13.0
[0.965s] -- Checking for module 'tinyxml2'
[0.974s] --   Found tinyxml2, version 9.0.0
[1.001s] -- Looking for ignition-msgs5 -- found version 5.8.1
[1.001s] -- Looking for ignition-common3 -- found version 3.14.0
[1.001s] -- Searching for dependencies of ignition-common3
[1.002s] -- Looking for dlfcn.h - found
[1.002s] -- Looking for libdl - found
[1.013s] -- Searching for <ignition-common3> component [graphics]
[1.013s] -- Looking for ignition-common3-graphics -- found version 3.14.0
[1.014s] -- Searching for dependencies of ignition-common3-graphics
[1.014s] -- Looking for ignition-math6 -- found version 6.13.0
[1.015s] -- Looking for ignition-fuel_tools4 -- found version 4.4.0
[1.016s] -- Searching for dependencies of ignition-fuel_tools4
[1.050s] -- Checking for module 'jsoncpp'
[1.060s] --   Found jsoncpp, version 1.9.5
[1.086s] -- Checking for module 'libzip'
[1.097s] --   Found libzip, version 1.7.3
[1.122s] -- Looking for ignition-common3 -- found version 3.14.0
[1.122s] -- Looking for ignition-math6 -- found version 6.13.0
[1.122s] -- Looking for ignition-msgs5 -- found version 5.8.1
[1.124s] -- Gazebo version: 11.10
[1.135s] -- Found autobot_description: 0.0.0 (/home/jaden/autobot/install/autobot_description/share/autobot_description/cmake)
[1.136s] -- Found sensor_msgs: 4.2.2 (/opt/ros/humble/share/sensor_msgs/cmake)
[1.280s] -- Found tf2: 0.25.1 (/opt/ros/humble/share/tf2/cmake)
[1.288s] -- Found tf2_ros: 0.25.1 (/opt/ros/humble/share/tf2_ros/cmake)
[1.657s] -- Found xacro: 2.0.8 (/opt/ros/humble/share/xacro/cmake)
[1.657s] -- Found ament_lint_auto: 0.12.4 (/opt/ros/humble/share/ament_lint_auto/cmake)
[1.750s] -- Added test 'cppcheck' to perform static code analysis on C / C++ code
[1.750s] -- Configured cppcheck include dirs: 
[1.750s] -- Configured cppcheck exclude dirs and/or files: 
[1.750s] -- Added test 'flake8' to check Python code syntax and style conventions
[1.751s] -- Added test 'lint_cmake' to check CMake code style
[1.751s] -- Added test 'pep257' to check Python code against some of the docstring style conventions in PEP 257
[1.753s] -- Added test 'uncrustify' to check C / C++ code style
[1.753s] -- Configured uncrustify additional arguments: 
[1.753s] -- Added test 'xmllint' to check XML markup files
[1.754s] -- Configuring done
[1.767s] -- Generating done
[1.769s] -- Build files have been written to: /home/jaden/autobot/autobot/build/autobot_gazebo
[1.778s] Invoked command in '/home/jaden/autobot/autobot/build/autobot_gazebo' returned '0': CMAKE_PREFIX_PATH=/home/jaden/autobot/autobot/install/autobot_description:/home/jaden/autobot/autobot/install/autobot_gazebo:/home/jaden/autobot/install/autobot_gazebo:/home/jaden/autobot/install/autobot_description:/home/jaden/ROS2_TWO_WHEELED_ROBOT/install/dolly:/home/jaden/ROS2_TWO_WHEELED_ROBOT/install/dolly_gazebo:/home/jaden/ROS2_TWO_WHEELED_ROBOT/install/dolly_follow:/home/jaden/ROS2_TWO_WHEELED_ROBOT/install/dolly_drive:/opt/ros/humble /usr/bin/cmake /home/jaden/autobot/autobot/autobot_gazebo -DAMENT_CMAKE_SYMLINK_INSTALL=1 -DCMAKE_INSTALL_PREFIX=/home/jaden/autobot/autobot/install/autobot_gazebo
[1.781s] Invoking command in '/home/jaden/autobot/autobot/build/autobot_gazebo': CMAKE_PREFIX_PATH=/home/jaden/autobot/autobot/install/autobot_description:/home/jaden/autobot/autobot/install/autobot_gazebo:/home/jaden/autobot/install/autobot_gazebo:/home/jaden/autobot/install/autobot_description:/home/jaden/ROS2_TWO_WHEELED_ROBOT/install/dolly:/home/jaden/ROS2_TWO_WHEELED_ROBOT/install/dolly_gazebo:/home/jaden/ROS2_TWO_WHEELED_ROBOT/install/dolly_follow:/home/jaden/ROS2_TWO_WHEELED_ROBOT/install/dolly_drive:/opt/ros/humble /usr/bin/cmake --build /home/jaden/autobot/autobot/build/autobot_gazebo -- -j12 -l12
[1.822s] [35m[1mConsolidate compiler generated dependencies of target encoder_information[0m
[1.842s] [100%] Built target encoder_information
[1.850s] Invoked command in '/home/jaden/autobot/autobot/build/autobot_gazebo' returned '0': CMAKE_PREFIX_PATH=/home/jaden/autobot/autobot/install/autobot_description:/home/jaden/autobot/autobot/install/autobot_gazebo:/home/jaden/autobot/install/autobot_gazebo:/home/jaden/autobot/install/autobot_description:/home/jaden/ROS2_TWO_WHEELED_ROBOT/install/dolly:/home/jaden/ROS2_TWO_WHEELED_ROBOT/install/dolly_gazebo:/home/jaden/ROS2_TWO_WHEELED_ROBOT/install/dolly_follow:/home/jaden/ROS2_TWO_WHEELED_ROBOT/install/dolly_drive:/opt/ros/humble /usr/bin/cmake --build /home/jaden/autobot/autobot/build/autobot_gazebo -- -j12 -l12
[1.869s] Invoking command in '/home/jaden/autobot/autobot/build/autobot_gazebo': CMAKE_PREFIX_PATH=/home/jaden/autobot/autobot/install/autobot_description:/home/jaden/autobot/autobot/install/autobot_gazebo:/home/jaden/autobot/install/autobot_gazebo:/home/jaden/autobot/install/autobot_description:/home/jaden/ROS2_TWO_WHEELED_ROBOT/install/dolly:/home/jaden/ROS2_TWO_WHEELED_ROBOT/install/dolly_gazebo:/home/jaden/ROS2_TWO_WHEELED_ROBOT/install/dolly_follow:/home/jaden/ROS2_TWO_WHEELED_ROBOT/install/dolly_drive:/opt/ros/humble /usr/bin/cmake --install /home/jaden/autobot/autobot/build/autobot_gazebo
[1.875s] -- Install configuration: ""
[1.875s] -- Execute custom install script
[1.876s] -- Up-to-date symlink: /home/jaden/autobot/autobot/install/autobot_gazebo/share/autobot_gazebo//launch/__pycache__/start_world.launch.cpython-310.pyc
[1.876s] -- Up-to-date symlink: /home/jaden/autobot/autobot/install/autobot_gazebo/share/autobot_gazebo//launch/spawn_autobot_ros2.launch.xml
[1.876s] -- Up-to-date symlink: /home/jaden/autobot/autobot/install/autobot_gazebo/share/autobot_gazebo//launch/spawn_robot_description.launch.py
[1.876s] -- Up-to-date symlink: /home/jaden/autobot/autobot/install/autobot_gazebo/share/autobot_gazebo//launch/start_world.launch.py
[1.876s] -- Up-to-date symlink: /home/jaden/autobot/autobot/install/autobot_gazebo/share/autobot_gazebo//worlds/autobot_empty.world
[1.877s] -- Up-to-date symlink: /home/jaden/autobot/autobot/install/autobot_gazebo/share/autobot_gazebo//meshes/base_link.STL
[1.877s] -- Up-to-date symlink: /home/jaden/autobot/autobot/install/autobot_gazebo/share/autobot_gazebo//meshes/base_link.dae
[1.877s] -- Up-to-date symlink: /home/jaden/autobot/autobot/install/autobot_gazebo/share/autobot_gazebo//meshes/caster_link.dae
[1.877s] -- Up-to-date symlink: /home/jaden/autobot/autobot/install/autobot_gazebo/share/autobot_gazebo//meshes/left_back_link.STL
[1.877s] -- Up-to-date symlink: /home/jaden/autobot/autobot/install/autobot_gazebo/share/autobot_gazebo//meshes/left_front_link.STL
[1.877s] -- Up-to-date symlink: /home/jaden/autobot/autobot/install/autobot_gazebo/share/autobot_gazebo//meshes/left_link.dae
[1.877s] -- Up-to-date symlink: /home/jaden/autobot/autobot/install/autobot_gazebo/share/autobot_gazebo//meshes/lidar_link.STL
[1.877s] -- Up-to-date symlink: /home/jaden/autobot/autobot/install/autobot_gazebo/share/autobot_gazebo//meshes/lidar_link.dae
[1.877s] -- Up-to-date symlink: /home/jaden/autobot/autobot/install/autobot_gazebo/share/autobot_gazebo//meshes/right_back_link.STL
[1.877s] -- Up-to-date symlink: /home/jaden/autobot/autobot/install/autobot_gazebo/share/autobot_gazebo//meshes/right_front_link.STL
[1.878s] -- Up-to-date symlink: /home/jaden/autobot/autobot/install/autobot_gazebo/share/autobot_gazebo//meshes/right_link.dae
[1.878s] -- Up-to-date symlink: /home/jaden/autobot/autobot/install/autobot_gazebo/lib/autobot_gazebo/encoder_information
[1.878s] -- Up-to-date symlink: /home/jaden/autobot/autobot/install/autobot_gazebo/share/ament_index/resource_index/package_run_dependencies/autobot_gazebo
[1.878s] -- Up-to-date symlink: /home/jaden/autobot/autobot/install/autobot_gazebo/share/ament_index/resource_index/parent_prefix_path/autobot_gazebo
[1.878s] -- Up-to-date symlink: /home/jaden/autobot/autobot/install/autobot_gazebo/share/autobot_gazebo/environment/ament_prefix_path.sh
[1.878s] -- Up-to-date symlink: /home/jaden/autobot/autobot/install/autobot_gazebo/share/autobot_gazebo/environment/ament_prefix_path.dsv
[1.879s] -- Up-to-date symlink: /home/jaden/autobot/autobot/install/autobot_gazebo/share/autobot_gazebo/environment/path.sh
[1.879s] -- Up-to-date symlink: /home/jaden/autobot/autobot/install/autobot_gazebo/share/autobot_gazebo/environment/path.dsv
[1.879s] -- Up-to-date symlink: /home/jaden/autobot/autobot/install/autobot_gazebo/share/autobot_gazebo/local_setup.bash
[1.879s] -- Up-to-date symlink: /home/jaden/autobot/autobot/install/autobot_gazebo/share/autobot_gazebo/local_setup.sh
[1.879s] -- Up-to-date symlink: /home/jaden/autobot/autobot/install/autobot_gazebo/share/autobot_gazebo/local_setup.zsh
[1.879s] -- Up-to-date symlink: /home/jaden/autobot/autobot/install/autobot_gazebo/share/autobot_gazebo/local_setup.dsv
[1.880s] -- Symlinking: /home/jaden/autobot/autobot/install/autobot_gazebo/share/autobot_gazebo/package.dsv
[1.887s] -- Up-to-date symlink: /home/jaden/autobot/autobot/install/autobot_gazebo/share/ament_index/resource_index/packages/autobot_gazebo
[1.887s] -- Up-to-date symlink: /home/jaden/autobot/autobot/install/autobot_gazebo/share/autobot_gazebo/cmake/autobot_gazeboConfig.cmake
[1.887s] -- Up-to-date symlink: /home/jaden/autobot/autobot/install/autobot_gazebo/share/autobot_gazebo/cmake/autobot_gazeboConfig-version.cmake
[1.887s] -- Up-to-date symlink: /home/jaden/autobot/autobot/install/autobot_gazebo/share/autobot_gazebo/package.xml
[1.891s] Invoked command in '/home/jaden/autobot/autobot/build/autobot_gazebo' returned '0': CMAKE_PREFIX_PATH=/home/jaden/autobot/autobot/install/autobot_description:/home/jaden/autobot/autobot/install/autobot_gazebo:/home/jaden/autobot/install/autobot_gazebo:/home/jaden/autobot/install/autobot_description:/home/jaden/ROS2_TWO_WHEELED_ROBOT/install/dolly:/home/jaden/ROS2_TWO_WHEELED_ROBOT/install/dolly_gazebo:/home/jaden/ROS2_TWO_WHEELED_ROBOT/install/dolly_follow:/home/jaden/ROS2_TWO_WHEELED_ROBOT/install/dolly_drive:/opt/ros/humble /usr/bin/cmake --install /home/jaden/autobot/autobot/build/autobot_gazebo
