[0.017s] Invoking command in '/home/jaden/autobot/autobot/build/autobot_gazebo': CMAKE_PREFIX_PATH=${CMAKE_PREFIX_PATH}:/opt/ros/humble /usr/bin/cmake /home/jaden/autobot/autobot/autobot_gazebo -DAMENT_CMAKE_SYMLINK_INSTALL=1 -DCMAKE_INSTALL_PREFIX=/home/jaden/autobot/autobot/install/autobot_gazebo
[0.030s] -- Found ament_cmake: 1.3.3 (/opt/ros/humble/share/ament_cmake/cmake)
[0.159s] -- Override CMake install command with custom implementation using symlinks instead of copying resources
[0.174s] -- Found rclpy: 3.3.5 (/opt/ros/humble/share/rclpy/cmake)
[0.174s] -- Found gazebo_ros: 3.7.0 (/opt/ros/humble/share/gazebo_ros/cmake)
[0.245s] -- Found rosidl_generator_c: 3.1.4 (/opt/ros/humble/share/rosidl_generator_c/cmake)
[0.247s] -- Found rosidl_adapter: 3.1.4 (/opt/ros/humble/share/rosidl_adapter/cmake)
[0.253s] -- Found rosidl_generator_cpp: 3.1.4 (/opt/ros/humble/share/rosidl_generator_cpp/cmake)
[0.264s] -- Using all available rosidl_typesupport_c: rosidl_typesupport_fastrtps_c;rosidl_typesupport_introspection_c
[0.280s] -- Using all available rosidl_typesupport_cpp: rosidl_typesupport_fastrtps_cpp;rosidl_typesupport_introspection_cpp
[0.345s] -- Found rmw_implementation_cmake: 6.1.1 (/opt/ros/humble/share/rmw_implementation_cmake/cmake)
[0.346s] -- Found rmw_fastrtps_cpp: 6.2.2 (/opt/ros/humble/share/rmw_fastrtps_cpp/cmake)
[0.467s] -- Using RMW implementation 'rmw_fastrtps_cpp' as default
[0.686s] -- Found DART: /usr/include (Required is at least version "6.6") found components: dart 
[0.713s] -- Found Protobuf: /usr/lib/x86_64-linux-gnu/libprotobuf.so (found version "3.12.4") 
[0.715s] -- Looking for ignition-math6 -- found version 6.13.0
[0.719s] -- Searching for dependencies of ignition-math6
[0.720s] -- Looking for OGRE...
[0.726s] -- Found Ogre Ghadamon (1.9.0)
[0.726s] -- Found OGRE: optimized;/usr/lib/x86_64-linux-gnu/libOgreMain.so;debug;/usr/lib/x86_64-linux-gnu/libOgreMain.so
[0.735s] -- Looking for OGRE_Paging...
[0.735s] -- Found OGRE_Paging: optimized;/usr/lib/x86_64-linux-gnu/libOgrePaging.so;debug;/usr/lib/x86_64-linux-gnu/libOgrePaging.so
[0.735s] -- Looking for OGRE_Terrain...
[0.735s] -- Found OGRE_Terrain: optimized;/usr/lib/x86_64-linux-gnu/libOgreTerrain.so;debug;/usr/lib/x86_64-linux-gnu/libOgreTerrain.so
[0.736s] -- Looking for OGRE_Property...
[0.736s] -- Found OGRE_Property: optimized;/usr/lib/x86_64-linux-gnu/libOgreProperty.so;debug;/usr/lib/x86_64-linux-gnu/libOgreProperty.so
[0.736s] -- Looking for OGRE_RTShaderSystem...
[0.736s] -- Found OGRE_RTShaderSystem: optimized;/usr/lib/x86_64-linux-gnu/libOgreRTShaderSystem.so;debug;/usr/lib/x86_64-linux-gnu/libOgreRTShaderSystem.so
[0.736s] -- Looking for OGRE_Volume...
[0.736s] -- Found OGRE_Volume: optimized;/usr/lib/x86_64-linux-gnu/libOgreVolume.so;debug;/usr/lib/x86_64-linux-gnu/libOgreVolume.so
[0.736s] -- Looking for OGRE_Overlay...
[0.736s] -- Found OGRE_Overlay: optimized;/usr/lib/x86_64-linux-gnu/libOgreOverlay.so;debug;/usr/lib/x86_64-linux-gnu/libOgreOverlay.so
[0.840s] -- Looking for ignition-math6 -- found version 6.13.0
[0.841s] -- Looking for ignition-transport8 -- found version 8.2.1
[0.841s] -- Searching for dependencies of ignition-transport8
[0.858s] -- Found Protobuf: /usr/lib/x86_64-linux-gnu/libprotobuf.so (found suitable version "3.12.4", minimum required is "3") 
[0.867s] -- Config-file not installed for ZeroMQ -- checking for pkg-config
[0.872s] -- Checking for module 'libzmq >= 4'
[0.883s] --   Found libzmq , version 4.3.4
[0.914s] -- Checking for module 'uuid'
[0.924s] --   Found uuid, version 2.37.2
[0.948s] -- Looking for ignition-msgs5 -- found version 5.8.1
[0.948s] -- Searching for dependencies of ignition-msgs5
[0.966s] -- Looking for ignition-math6 -- found version 6.13.0
[0.971s] -- Checking for module 'tinyxml2'
[0.981s] --   Found tinyxml2, version 9.0.0
[1.005s] -- Looking for ignition-msgs5 -- found version 5.8.1
[1.005s] -- Looking for ignition-common3 -- found version 3.14.0
[1.006s] -- Searching for dependencies of ignition-common3
[1.006s] -- Looking for dlfcn.h - found
[1.006s] -- Looking for libdl - found
[1.016s] -- Searching for <ignition-common3> component [graphics]
[1.017s] -- Looking for ignition-common3-graphics -- found version 3.14.0
[1.017s] -- Searching for dependencies of ignition-common3-graphics
[1.018s] -- Looking for ignition-math6 -- found version 6.13.0
[1.019s] -- Looking for ignition-fuel_tools4 -- found version 4.4.0
[1.019s] -- Searching for dependencies of ignition-fuel_tools4
[1.056s] -- Checking for module 'jsoncpp'
[1.066s] --   Found jsoncpp, version 1.9.5
[1.095s] -- Checking for module 'libzip'
[1.105s] --   Found libzip, version 1.7.3
[1.131s] -- Looking for ignition-common3 -- found version 3.14.0
[1.132s] -- Looking for ignition-math6 -- found version 6.13.0
[1.132s] -- Looking for ignition-msgs5 -- found version 5.8.1
[1.134s] -- Gazebo version: 11.10
[1.145s] -- Found autobot_description: 0.0.0 (/home/jaden/autobot/install/autobot_description/share/autobot_description/cmake)
[1.145s] -- Found sensor_msgs: 4.2.2 (/opt/ros/humble/share/sensor_msgs/cmake)
[1.293s] -- Found tf2: 0.25.1 (/opt/ros/humble/share/tf2/cmake)
[1.301s] -- Found tf2_ros: 0.25.1 (/opt/ros/humble/share/tf2_ros/cmake)
[1.668s] -- Found ament_lint_auto: 0.12.4 (/opt/ros/humble/share/ament_lint_auto/cmake)
[1.762s] -- Added test 'cppcheck' to perform static code analysis on C / C++ code
[1.763s] -- Configured cppcheck include dirs: 
[1.763s] -- Configured cppcheck exclude dirs and/or files: 
[1.763s] -- Added test 'flake8' to check Python code syntax and style conventions
[1.763s] -- Added test 'lint_cmake' to check CMake code style
[1.764s] -- Added test 'pep257' to check Python code against some of the docstring style conventions in PEP 257
[1.765s] -- Added test 'uncrustify' to check C / C++ code style
[1.765s] -- Configured uncrustify additional arguments: 
[1.766s] -- Added test 'xmllint' to check XML markup files
[1.766s] -- Configuring done
[1.778s] -- Generating done
[1.781s] -- Build files have been written to: /home/jaden/autobot/autobot/build/autobot_gazebo
[1.790s] Invoked command in '/home/jaden/autobot/autobot/build/autobot_gazebo' returned '0': CMAKE_PREFIX_PATH=${CMAKE_PREFIX_PATH}:/opt/ros/humble /usr/bin/cmake /home/jaden/autobot/autobot/autobot_gazebo -DAMENT_CMAKE_SYMLINK_INSTALL=1 -DCMAKE_INSTALL_PREFIX=/home/jaden/autobot/autobot/install/autobot_gazebo
[1.794s] Invoking command in '/home/jaden/autobot/autobot/build/autobot_gazebo': CMAKE_PREFIX_PATH=${CMAKE_PREFIX_PATH}:/opt/ros/humble /usr/bin/cmake --build /home/jaden/autobot/autobot/build/autobot_gazebo -- -j12 -l12
[1.869s] [ 50%] [32mBuilding CXX object CMakeFiles/encoder_information.dir/src/encoder.cpp.o[0m
[2.074s] [01m[K/home/jaden/autobot/autobot/autobot_gazebo/src/encoder.cpp:11:10:[m[K [01;31m[Kfatal error: [m[Ktf2/LinearMath/Quaternion.h: No such file or directory
[2.074s]    11 | #include [01;31m[K"tf2/LinearMath/Quaternion.h"[m[K
[2.074s]       |          [01;31m[K^~~~~~~~~~~~~~~~~~~~~~~~~~~~~[m[K
[2.074s] compilation terminated.
[2.076s] gmake[2]: *** [CMakeFiles/encoder_information.dir/build.make:76: CMakeFiles/encoder_information.dir/src/encoder.cpp.o] Error 1
[2.077s] gmake[1]: *** [CMakeFiles/Makefile2:137: CMakeFiles/encoder_information.dir/all] Error 2
[2.077s] gmake: *** [Makefile:146: all] Error 2
[2.079s] Invoked command in '/home/jaden/autobot/autobot/build/autobot_gazebo' returned '2': CMAKE_PREFIX_PATH=${CMAKE_PREFIX_PATH}:/opt/ros/humble /usr/bin/cmake --build /home/jaden/autobot/autobot/build/autobot_gazebo -- -j12 -l12
