[0.018s] Invoking command in '/home/jaden/autobot/autobot/build/autobot_gazebo': CMAKE_PREFIX_PATH=${CMAKE_PREFIX_PATH}:/opt/ros/humble /usr/bin/cmake /home/jaden/autobot/autobot/autobot_gazebo -DCMAKE_INSTALL_PREFIX=/home/jaden/autobot/autobot/install/autobot_gazebo
[0.048s] -- Found ament_cmake: 1.3.3 (/opt/ros/humble/share/ament_cmake/cmake)
[0.216s] -- Override CMake install command with custom implementation using symlinks instead of copying resources
[0.234s] -- Found rclpy: 3.3.5 (/opt/ros/humble/share/rclpy/cmake)
[0.234s] -- Found gazebo_ros: 3.7.0 (/opt/ros/humble/share/gazebo_ros/cmake)
[0.308s] -- Found rosidl_generator_c: 3.1.4 (/opt/ros/humble/share/rosidl_generator_c/cmake)
[0.311s] -- Found rosidl_adapter: 3.1.4 (/opt/ros/humble/share/rosidl_adapter/cmake)
[0.319s] -- Found rosidl_generator_cpp: 3.1.4 (/opt/ros/humble/share/rosidl_generator_cpp/cmake)
[0.331s] -- Using all available rosidl_typesupport_c: rosidl_typesupport_fastrtps_c;rosidl_typesupport_introspection_c
[0.347s] -- Using all available rosidl_typesupport_cpp: rosidl_typesupport_fastrtps_cpp;rosidl_typesupport_introspection_cpp
[0.417s] -- Found rmw_implementation_cmake: 6.1.1 (/opt/ros/humble/share/rmw_implementation_cmake/cmake)
[0.418s] -- Found rmw_fastrtps_cpp: 6.2.2 (/opt/ros/humble/share/rmw_fastrtps_cpp/cmake)
[0.542s] -- Using RMW implementation 'rmw_fastrtps_cpp' as default
[0.766s] -- Found DART: /usr/include (Required is at least version "6.6") found components: dart 
[0.794s] -- Found Protobuf: /usr/lib/x86_64-linux-gnu/libprotobuf.so (found version "3.12.4") 
[0.795s] -- Looking for ignition-math6 -- found version 6.13.0
[0.799s] -- Searching for dependencies of ignition-math6
[0.801s] -- Looking for OGRE...
[0.809s] -- Found Ogre Ghadamon (1.9.0)
[0.810s] -- Found OGRE: optimized;/usr/lib/x86_64-linux-gnu/libOgreMain.so;debug;/usr/lib/x86_64-linux-gnu/libOgreMain.so
[0.820s] -- Looking for OGRE_Paging...
[0.821s] -- Found OGRE_Paging: optimized;/usr/lib/x86_64-linux-gnu/libOgrePaging.so;debug;/usr/lib/x86_64-linux-gnu/libOgrePaging.so
[0.821s] -- Looking for OGRE_Terrain...
[0.821s] -- Found OGRE_Terrain: optimized;/usr/lib/x86_64-linux-gnu/libOgreTerrain.so;debug;/usr/lib/x86_64-linux-gnu/libOgreTerrain.so
[0.821s] -- Looking for OGRE_Property...
[0.821s] -- Found OGRE_Property: optimized;/usr/lib/x86_64-linux-gnu/libOgreProperty.so;debug;/usr/lib/x86_64-linux-gnu/libOgreProperty.so
[0.822s] -- Looking for OGRE_RTShaderSystem...
[0.822s] -- Found OGRE_RTShaderSystem: optimized;/usr/lib/x86_64-linux-gnu/libOgreRTShaderSystem.so;debug;/usr/lib/x86_64-linux-gnu/libOgreRTShaderSystem.so
[0.822s] -- Looking for OGRE_Volume...
[0.822s] -- Found OGRE_Volume: optimized;/usr/lib/x86_64-linux-gnu/libOgreVolume.so;debug;/usr/lib/x86_64-linux-gnu/libOgreVolume.so
[0.823s] -- Looking for OGRE_Overlay...
[0.823s] -- Found OGRE_Overlay: optimized;/usr/lib/x86_64-linux-gnu/libOgreOverlay.so;debug;/usr/lib/x86_64-linux-gnu/libOgreOverlay.so
[0.921s] -- Looking for ignition-math6 -- found version 6.13.0
[0.921s] -- Looking for ignition-transport8 -- found version 8.2.1
[0.921s] -- Searching for dependencies of ignition-transport8
[0.941s] -- Found Protobuf: /usr/lib/x86_64-linux-gnu/libprotobuf.so (found suitable version "3.12.4", minimum required is "3") 
[0.952s] -- Config-file not installed for ZeroMQ -- checking for pkg-config
[0.956s] -- Checking for module 'libzmq >= 4'
[0.970s] --   Found libzmq , version 4.3.4
[1.010s] -- Checking for module 'uuid'
[1.022s] --   Found uuid, version 2.37.2
[1.048s] -- Looking for ignition-msgs5 -- found version 5.8.1
[1.048s] -- Searching for dependencies of ignition-msgs5
[1.068s] -- Looking for ignition-math6 -- found version 6.13.0
[1.074s] -- Checking for module 'tinyxml2'
[1.086s] --   Found tinyxml2, version 9.0.0
[1.111s] -- Looking for ignition-msgs5 -- found version 5.8.1
[1.113s] -- Looking for ignition-common3 -- found version 3.14.0
[1.113s] -- Searching for dependencies of ignition-common3
[1.113s] -- Looking for dlfcn.h - found
[1.114s] -- Looking for libdl - found
[1.123s] -- Searching for <ignition-common3> component [graphics]
[1.123s] -- Looking for ignition-common3-graphics -- found version 3.14.0
[1.124s] -- Searching for dependencies of ignition-common3-graphics
[1.124s] -- Looking for ignition-math6 -- found version 6.13.0
[1.125s] -- Looking for ignition-fuel_tools4 -- found version 4.4.0
[1.126s] -- Searching for dependencies of ignition-fuel_tools4
[1.161s] -- Checking for module 'jsoncpp'
[1.173s] --   Found jsoncpp, version 1.9.5
[1.201s] -- Checking for module 'libzip'
[1.212s] --   Found libzip, version 1.7.3
[1.237s] -- Looking for ignition-common3 -- found version 3.14.0
[1.238s] -- Looking for ignition-math6 -- found version 6.13.0
[1.238s] -- Looking for ignition-msgs5 -- found version 5.8.1
[1.239s] -- Gazebo version: 11.10
[1.249s] -- Found autobot_description: 0.0.0 (/home/jaden/autobot/install/autobot_description/share/autobot_description/cmake)
[1.249s] -- Found sensor_msgs: 4.2.2 (/opt/ros/humble/share/sensor_msgs/cmake)
[1.390s] -- Found tf2: 0.25.1 (/opt/ros/humble/share/tf2/cmake)
[1.398s] -- Found tf2_ros: 0.25.1 (/opt/ros/humble/share/tf2_ros/cmake)
[1.763s] -- Found ament_lint_auto: 0.12.4 (/opt/ros/humble/share/ament_lint_auto/cmake)
[1.834s] -- Added test 'cppcheck' to perform static code analysis on C / C++ code
[1.834s] -- Configured cppcheck include dirs: 
[1.834s] -- Configured cppcheck exclude dirs and/or files: 
[1.835s] -- Added test 'flake8' to check Python code syntax and style conventions
[1.835s] -- Added test 'lint_cmake' to check CMake code style
[1.835s] -- Added test 'pep257' to check Python code against some of the docstring style conventions in PEP 257
[1.837s] -- Added test 'uncrustify' to check C / C++ code style
[1.837s] -- Configured uncrustify additional arguments: 
[1.837s] -- Added test 'xmllint' to check XML markup files
[1.838s] -- Configuring done
[1.848s] -- Generating done
[1.851s] -- Build files have been written to: /home/jaden/autobot/autobot/build/autobot_gazebo
[1.859s] Invoked command in '/home/jaden/autobot/autobot/build/autobot_gazebo' returned '0': CMAKE_PREFIX_PATH=${CMAKE_PREFIX_PATH}:/opt/ros/humble /usr/bin/cmake /home/jaden/autobot/autobot/autobot_gazebo -DCMAKE_INSTALL_PREFIX=/home/jaden/autobot/autobot/install/autobot_gazebo
[1.862s] Invoking command in '/home/jaden/autobot/autobot/build/autobot_gazebo': CMAKE_PREFIX_PATH=${CMAKE_PREFIX_PATH}:/opt/ros/humble /usr/bin/cmake --build /home/jaden/autobot/autobot/build/autobot_gazebo -- -j12 -l12
[1.914s] [ 50%] [32mBuilding CXX object CMakeFiles/encoder_information.dir/src/encoder.cpp.o[0m
[2.114s] [01m[K/home/jaden/autobot/autobot/autobot_gazebo/src/encoder.cpp:11:10:[m[K [01;31m[Kfatal error: [m[Ktf2/LinearMath/Quaternion.h: No such file or directory
[2.114s]    11 | #include [01;31m[K"tf2/LinearMath/Quaternion.h"[m[K
[2.114s]       |          [01;31m[K^~~~~~~~~~~~~~~~~~~~~~~~~~~~~[m[K
[2.115s] compilation terminated.
[2.118s] gmake[2]: *** [CMakeFiles/encoder_information.dir/build.make:76: CMakeFiles/encoder_information.dir/src/encoder.cpp.o] Error 1
[2.119s] gmake[1]: *** [CMakeFiles/Makefile2:137: CMakeFiles/encoder_information.dir/all] Error 2
[2.119s] gmake: *** [Makefile:146: all] Error 2
[2.126s] Invoked command in '/home/jaden/autobot/autobot/build/autobot_gazebo' returned '2': CMAKE_PREFIX_PATH=${CMAKE_PREFIX_PATH}:/opt/ros/humble /usr/bin/cmake --build /home/jaden/autobot/autobot/build/autobot_gazebo -- -j12 -l12
