[0.295s] DEBUG:colcon:Command line arguments: ['/usr/bin/colcon', 'build']
[0.295s] DEBUG:colcon:Parsed command line arguments: Namespace(log_base=None, log_level=None, verb_name='build', build_base='build', install_base='install', merge_install=False, symlink_install=False, test_result_base=None, continue_on_error=False, executor='parallel', parallel_workers=12, event_handlers=None, ignore_user_meta=False, metas=['./colcon.meta'], base_paths=['.'], packages_ignore=None, packages_ignore_regex=None, paths=None, packages_up_to=None, packages_up_to_regex=None, packages_above=None, packages_above_and_dependencies=None, packages_above_depth=None, packages_select_by_dep=None, packages_skip_by_dep=None, packages_skip_up_to=None, packages_select_build_failed=False, packages_skip_build_finished=False, packages_select_test_failures=False, packages_skip_test_passed=False, packages_select=None, packages_skip=None, packages_select_regex=None, packages_skip_regex=None, packages_start=None, packages_end=None, allow_overriding=[], cmake_args=None, cmake_target=None, cmake_target_skip_unavailable=False, cmake_clean_cache=False, cmake_clean_first=False, cmake_force_configure=False, ament_cmake_args=None, catkin_cmake_args=None, catkin_skip_building_tests=False, verb_parser=<colcon_defaults.argument_parser.defaults.DefaultArgumentsDecorator object at 0x7fd4ce8c21a0>, verb_extension=<colcon_core.verb.build.BuildVerb object at 0x7fd4cf233dc0>, main=<bound method BuildVerb.main of <colcon_core.verb.build.BuildVerb object at 0x7fd4cf233dc0>>)
[0.314s] Level 1:colcon.colcon_core.package_discovery:discover_packages(colcon_meta) check parameters
[0.314s] Level 1:colcon.colcon_core.package_discovery:discover_packages(recursive) check parameters
[0.314s] Level 1:colcon.colcon_core.package_discovery:discover_packages(ignore) check parameters
[0.314s] Level 1:colcon.colcon_core.package_discovery:discover_packages(path) check parameters
[0.314s] Level 1:colcon.colcon_core.package_discovery:discover_packages(colcon_meta) discover
[0.314s] Level 1:colcon.colcon_core.package_discovery:discover_packages(recursive) discover
[0.314s] INFO:colcon.colcon_core.package_discovery:Crawling recursively for packages in '/home/jaden/autobot/autobot'
[0.314s] Level 1:colcon.colcon_core.package_identification:_identify(.) by extensions ['ignore', 'ignore_ament_install']
[0.314s] Level 1:colcon.colcon_core.package_identification:_identify(.) by extension 'ignore'
[0.314s] Level 1:colcon.colcon_core.package_identification:_identify(.) by extension 'ignore_ament_install'
[0.315s] Level 1:colcon.colcon_core.package_identification:_identify(.) by extensions ['colcon_pkg']
[0.315s] Level 1:colcon.colcon_core.package_identification:_identify(.) by extension 'colcon_pkg'
[0.315s] Level 1:colcon.colcon_core.package_identification:_identify(.) by extensions ['colcon_meta']
[0.315s] Level 1:colcon.colcon_core.package_identification:_identify(.) by extension 'colcon_meta'
[0.315s] Level 1:colcon.colcon_core.package_identification:_identify(.) by extensions ['ros']
[0.315s] Level 1:colcon.colcon_core.package_identification:_identify(.) by extension 'ros'
[0.336s] Level 1:colcon.colcon_core.package_identification:_identify(.) by extensions ['cmake', 'python']
[0.336s] Level 1:colcon.colcon_core.package_identification:_identify(.) by extension 'cmake'
[0.336s] Level 1:colcon.colcon_core.package_identification:_identify(.) by extension 'python'
[0.336s] Level 1:colcon.colcon_core.package_identification:_identify(.) by extensions ['python_setup_py']
[0.336s] Level 1:colcon.colcon_core.package_identification:_identify(.) by extension 'python_setup_py'
[0.336s] Level 1:colcon.colcon_core.package_identification:_identify(autobot_description) by extensions ['ignore', 'ignore_ament_install']
[0.336s] Level 1:colcon.colcon_core.package_identification:_identify(autobot_description) by extension 'ignore'
[0.336s] Level 1:colcon.colcon_core.package_identification:_identify(autobot_description) by extension 'ignore_ament_install'
[0.336s] Level 1:colcon.colcon_core.package_identification:_identify(autobot_description) by extensions ['colcon_pkg']
[0.336s] Level 1:colcon.colcon_core.package_identification:_identify(autobot_description) by extension 'colcon_pkg'
[0.336s] Level 1:colcon.colcon_core.package_identification:_identify(autobot_description) by extensions ['colcon_meta']
[0.336s] Level 1:colcon.colcon_core.package_identification:_identify(autobot_description) by extension 'colcon_meta'
[0.337s] Level 1:colcon.colcon_core.package_identification:_identify(autobot_description) by extensions ['ros']
[0.337s] Level 1:colcon.colcon_core.package_identification:_identify(autobot_description) by extension 'ros'
[0.339s] DEBUG:colcon.colcon_core.package_identification:Package 'autobot_description' with type 'ros.ament_cmake' and name 'autobot_description'
[0.339s] Level 1:colcon.colcon_core.package_identification:_identify(autobot_gazebo) by extensions ['ignore', 'ignore_ament_install']
[0.339s] Level 1:colcon.colcon_core.package_identification:_identify(autobot_gazebo) by extension 'ignore'
[0.339s] Level 1:colcon.colcon_core.package_identification:_identify(autobot_gazebo) by extension 'ignore_ament_install'
[0.339s] Level 1:colcon.colcon_core.package_identification:_identify(autobot_gazebo) by extensions ['colcon_pkg']
[0.339s] Level 1:colcon.colcon_core.package_identification:_identify(autobot_gazebo) by extension 'colcon_pkg'
[0.339s] Level 1:colcon.colcon_core.package_identification:_identify(autobot_gazebo) by extensions ['colcon_meta']
[0.339s] Level 1:colcon.colcon_core.package_identification:_identify(autobot_gazebo) by extension 'colcon_meta'
[0.339s] Level 1:colcon.colcon_core.package_identification:_identify(autobot_gazebo) by extensions ['ros']
[0.340s] Level 1:colcon.colcon_core.package_identification:_identify(autobot_gazebo) by extension 'ros'
[0.340s] DEBUG:colcon.colcon_core.package_identification:Package 'autobot_gazebo' with type 'ros.ament_cmake' and name 'autobot_gazebo'
[0.340s] Level 1:colcon.colcon_core.package_identification:_identify(build) by extensions ['ignore', 'ignore_ament_install']
[0.340s] Level 1:colcon.colcon_core.package_identification:_identify(build) by extension 'ignore'
[0.340s] Level 1:colcon.colcon_core.package_identification:_identify(build) ignored
[0.340s] Level 1:colcon.colcon_core.package_identification:_identify(install) by extensions ['ignore', 'ignore_ament_install']
[0.341s] Level 1:colcon.colcon_core.package_identification:_identify(install) by extension 'ignore'
[0.341s] Level 1:colcon.colcon_core.package_identification:_identify(install) ignored
[0.341s] Level 1:colcon.colcon_core.package_identification:_identify(log) by extensions ['ignore', 'ignore_ament_install']
[0.341s] Level 1:colcon.colcon_core.package_identification:_identify(log) by extension 'ignore'
[0.341s] Level 1:colcon.colcon_core.package_identification:_identify(log) ignored
[0.341s] Level 1:colcon.colcon_core.package_discovery:discover_packages(recursive) using defaults
[0.341s] Level 1:colcon.colcon_core.package_discovery:discover_packages(ignore) discover
[0.341s] Level 1:colcon.colcon_core.package_discovery:discover_packages(ignore) using defaults
[0.341s] Level 1:colcon.colcon_core.package_discovery:discover_packages(path) discover
[0.341s] Level 1:colcon.colcon_core.package_discovery:discover_packages(path) using defaults
[0.362s] Level 1:colcon.colcon_core.package_discovery:discover_packages(prefix_path) check parameters
[0.362s] Level 1:colcon.colcon_core.package_discovery:discover_packages(prefix_path) discover
[0.365s] DEBUG:colcon.colcon_installed_package_information.package_discovery:Found 2 installed packages in /home/jaden/autobot/autobot/install
[0.365s] DEBUG:colcon.colcon_installed_package_information.package_discovery:Found 2 installed packages in /home/jaden/autobot/install
[0.367s] DEBUG:colcon.colcon_installed_package_information.package_discovery:Found 4 installed packages in /home/jaden/ROS2_TWO_WHEELED_ROBOT/install
[0.368s] DEBUG:colcon.colcon_installed_package_information.package_discovery:Found 278 installed packages in /opt/ros/humble
[0.370s] Level 1:colcon.colcon_core.package_discovery:discover_packages(prefix_path) using defaults
[0.425s] Level 5:colcon.colcon_core.verb:set package 'autobot_description' build argument 'cmake_args' from command line to 'None'
[0.426s] Level 5:colcon.colcon_core.verb:set package 'autobot_description' build argument 'cmake_target' from command line to 'None'
[0.426s] Level 5:colcon.colcon_core.verb:set package 'autobot_description' build argument 'cmake_target_skip_unavailable' from command line to 'False'
[0.426s] Level 5:colcon.colcon_core.verb:set package 'autobot_description' build argument 'cmake_clean_cache' from command line to 'False'
[0.426s] Level 5:colcon.colcon_core.verb:set package 'autobot_description' build argument 'cmake_clean_first' from command line to 'False'
[0.426s] Level 5:colcon.colcon_core.verb:set package 'autobot_description' build argument 'cmake_force_configure' from command line to 'False'
[0.426s] Level 5:colcon.colcon_core.verb:set package 'autobot_description' build argument 'ament_cmake_args' from command line to 'None'
[0.426s] Level 5:colcon.colcon_core.verb:set package 'autobot_description' build argument 'catkin_cmake_args' from command line to 'None'
[0.426s] Level 5:colcon.colcon_core.verb:set package 'autobot_description' build argument 'catkin_skip_building_tests' from command line to 'False'
[0.426s] DEBUG:colcon.colcon_core.verb:Building package 'autobot_description' with the following arguments: {'ament_cmake_args': None, 'build_base': '/home/jaden/autobot/autobot/build/autobot_description', 'catkin_cmake_args': None, 'catkin_skip_building_tests': False, 'cmake_args': None, 'cmake_clean_cache': False, 'cmake_clean_first': False, 'cmake_force_configure': False, 'cmake_target': None, 'cmake_target_skip_unavailable': False, 'install_base': '/home/jaden/autobot/autobot/install/autobot_description', 'merge_install': False, 'path': '/home/jaden/autobot/autobot/autobot_description', 'symlink_install': False, 'test_result_base': None}
[0.427s] Level 5:colcon.colcon_core.verb:set package 'autobot_gazebo' build argument 'cmake_args' from command line to 'None'
[0.427s] Level 5:colcon.colcon_core.verb:set package 'autobot_gazebo' build argument 'cmake_target' from command line to 'None'
[0.427s] Level 5:colcon.colcon_core.verb:set package 'autobot_gazebo' build argument 'cmake_target_skip_unavailable' from command line to 'False'
[0.427s] Level 5:colcon.colcon_core.verb:set package 'autobot_gazebo' build argument 'cmake_clean_cache' from command line to 'False'
[0.427s] Level 5:colcon.colcon_core.verb:set package 'autobot_gazebo' build argument 'cmake_clean_first' from command line to 'False'
[0.427s] Level 5:colcon.colcon_core.verb:set package 'autobot_gazebo' build argument 'cmake_force_configure' from command line to 'False'
[0.427s] Level 5:colcon.colcon_core.verb:set package 'autobot_gazebo' build argument 'ament_cmake_args' from command line to 'None'
[0.427s] Level 5:colcon.colcon_core.verb:set package 'autobot_gazebo' build argument 'catkin_cmake_args' from command line to 'None'
[0.427s] Level 5:colcon.colcon_core.verb:set package 'autobot_gazebo' build argument 'catkin_skip_building_tests' from command line to 'False'
[0.427s] DEBUG:colcon.colcon_core.verb:Building package 'autobot_gazebo' with the following arguments: {'ament_cmake_args': None, 'build_base': '/home/jaden/autobot/autobot/build/autobot_gazebo', 'catkin_cmake_args': None, 'catkin_skip_building_tests': False, 'cmake_args': None, 'cmake_clean_cache': False, 'cmake_clean_first': False, 'cmake_force_configure': False, 'cmake_target': None, 'cmake_target_skip_unavailable': False, 'install_base': '/home/jaden/autobot/autobot/install/autobot_gazebo', 'merge_install': False, 'path': '/home/jaden/autobot/autobot/autobot_gazebo', 'symlink_install': False, 'test_result_base': None}
[0.428s] INFO:colcon.colcon_core.executor:Executing jobs using 'parallel' executor
[0.431s] DEBUG:colcon.colcon_parallel_executor.executor.parallel:run_until_complete
[0.432s] INFO:colcon.colcon_ros.task.ament_cmake.build:Building ROS package in '/home/jaden/autobot/autobot/autobot_description' with build type 'ament_cmake'
[0.432s] INFO:colcon.colcon_cmake.task.cmake.build:Building CMake package in '/home/jaden/autobot/autobot/autobot_description'
[0.436s] INFO:colcon.colcon_core.plugin_system:Skipping extension 'colcon_core.shell.bat': Not used on non-Windows systems
[0.436s] INFO:colcon.colcon_core.shell:Skip shell extension 'powershell' for command environment: Not usable outside of PowerShell
[0.436s] DEBUG:colcon.colcon_core.shell:Skip shell extension 'dsv' for command environment
[0.452s] DEBUG:colcon.colcon_core.event_handler.log_command:Invoking command in '/home/jaden/autobot/autobot/build/autobot_description': CMAKE_PREFIX_PATH=${CMAKE_PREFIX_PATH}:/opt/ros/humble /usr/bin/cmake /home/jaden/autobot/autobot/autobot_description -DCMAKE_INSTALL_PREFIX=/home/jaden/autobot/autobot/install/autobot_description
[1.751s] DEBUG:colcon.colcon_core.event_handler.log_command:Invoked command in '/home/jaden/autobot/autobot/build/autobot_description' returned '0': CMAKE_PREFIX_PATH=${CMAKE_PREFIX_PATH}:/opt/ros/humble /usr/bin/cmake /home/jaden/autobot/autobot/autobot_description -DCMAKE_INSTALL_PREFIX=/home/jaden/autobot/autobot/install/autobot_description
[1.754s] DEBUG:colcon.colcon_core.event_handler.log_command:Invoking command in '/home/jaden/autobot/autobot/build/autobot_description': CMAKE_PREFIX_PATH=${CMAKE_PREFIX_PATH}:/opt/ros/humble /usr/bin/cmake --build /home/jaden/autobot/autobot/build/autobot_description -- -j12 -l12
[1.806s] DEBUG:colcon.colcon_core.event_handler.log_command:Invoked command in '/home/jaden/autobot/autobot/build/autobot_description' returned '0': CMAKE_PREFIX_PATH=${CMAKE_PREFIX_PATH}:/opt/ros/humble /usr/bin/cmake --build /home/jaden/autobot/autobot/build/autobot_description -- -j12 -l12
[1.839s] DEBUG:colcon.colcon_core.event_handler.log_command:Invoking command in '/home/jaden/autobot/autobot/build/autobot_description': CMAKE_PREFIX_PATH=${CMAKE_PREFIX_PATH}:/opt/ros/humble /usr/bin/cmake --install /home/jaden/autobot/autobot/build/autobot_description
[1.913s] Level 1:colcon.colcon_core.environment:create_environment_scripts_only(autobot_description)
[1.915s] DEBUG:colcon.colcon_core.event_handler.log_command:Invoked command in '/home/jaden/autobot/autobot/build/autobot_description' returned '0': CMAKE_PREFIX_PATH=${CMAKE_PREFIX_PATH}:/opt/ros/humble /usr/bin/cmake --install /home/jaden/autobot/autobot/build/autobot_description
[1.923s] Level 1:colcon.colcon_core.environment:checking '/home/jaden/autobot/autobot/install/autobot_description' for CMake module files
[1.924s] Level 1:colcon.colcon_core.environment:checking '/home/jaden/autobot/autobot/install/autobot_description' for CMake config files
[1.925s] Level 1:colcon.colcon_core.shell:create_environment_hook('autobot_description', 'cmake_prefix_path')
[1.928s] INFO:colcon.colcon_core.shell:Creating environment hook '/home/jaden/autobot/autobot/install/autobot_description/share/autobot_description/hook/cmake_prefix_path.ps1'
[1.929s] INFO:colcon.colcon_core.shell:Creating environment descriptor '/home/jaden/autobot/autobot/install/autobot_description/share/autobot_description/hook/cmake_prefix_path.dsv'
[1.930s] INFO:colcon.colcon_core.shell:Creating environment hook '/home/jaden/autobot/autobot/install/autobot_description/share/autobot_description/hook/cmake_prefix_path.sh'
[1.931s] Level 1:colcon.colcon_core.environment:checking '/home/jaden/autobot/autobot/install/autobot_description/lib'
[1.932s] Level 1:colcon.colcon_core.environment:checking '/home/jaden/autobot/autobot/install/autobot_description/bin'
[1.932s] Level 1:colcon.colcon_core.environment:checking '/home/jaden/autobot/autobot/install/autobot_description/lib/pkgconfig/autobot_description.pc'
[1.932s] Level 1:colcon.colcon_core.environment:checking '/home/jaden/autobot/autobot/install/autobot_description/lib/python3.10/site-packages'
[1.933s] Level 1:colcon.colcon_core.environment:checking '/home/jaden/autobot/autobot/install/autobot_description/bin'
[1.936s] INFO:colcon.colcon_core.shell:Creating package script '/home/jaden/autobot/autobot/install/autobot_description/share/autobot_description/package.ps1'
[1.938s] INFO:colcon.colcon_core.shell:Creating package descriptor '/home/jaden/autobot/autobot/install/autobot_description/share/autobot_description/package.dsv'
[1.939s] INFO:colcon.colcon_core.shell:Creating package script '/home/jaden/autobot/autobot/install/autobot_description/share/autobot_description/package.sh'
[1.941s] INFO:colcon.colcon_core.shell:Creating package script '/home/jaden/autobot/autobot/install/autobot_description/share/autobot_description/package.bash'
[1.943s] INFO:colcon.colcon_core.shell:Creating package script '/home/jaden/autobot/autobot/install/autobot_description/share/autobot_description/package.zsh'
[1.945s] Level 1:colcon.colcon_core.environment:create_file_with_runtime_dependencies(/home/jaden/autobot/autobot/install/autobot_description/share/colcon-core/packages/autobot_description)
[1.986s] Level 1:colcon.colcon_core.environment:create_environment_scripts_only(autobot_description)
[1.989s] Level 1:colcon.colcon_core.environment:checking '/home/jaden/autobot/autobot/install/autobot_description' for CMake module files
[1.990s] Level 1:colcon.colcon_core.environment:checking '/home/jaden/autobot/autobot/install/autobot_description' for CMake config files
[1.990s] Level 1:colcon.colcon_core.shell:create_environment_hook('autobot_description', 'cmake_prefix_path')
[1.992s] INFO:colcon.colcon_core.shell:Creating environment hook '/home/jaden/autobot/autobot/install/autobot_description/share/autobot_description/hook/cmake_prefix_path.ps1'
[1.993s] INFO:colcon.colcon_core.shell:Creating environment descriptor '/home/jaden/autobot/autobot/install/autobot_description/share/autobot_description/hook/cmake_prefix_path.dsv'
[1.993s] INFO:colcon.colcon_core.shell:Creating environment hook '/home/jaden/autobot/autobot/install/autobot_description/share/autobot_description/hook/cmake_prefix_path.sh'
[1.994s] Level 1:colcon.colcon_core.environment:checking '/home/jaden/autobot/autobot/install/autobot_description/lib'
[1.994s] Level 1:colcon.colcon_core.environment:checking '/home/jaden/autobot/autobot/install/autobot_description/bin'
[1.994s] Level 1:colcon.colcon_core.environment:checking '/home/jaden/autobot/autobot/install/autobot_description/lib/pkgconfig/autobot_description.pc'
[1.994s] Level 1:colcon.colcon_core.environment:checking '/home/jaden/autobot/autobot/install/autobot_description/lib/python3.10/site-packages'
[1.994s] Level 1:colcon.colcon_core.environment:checking '/home/jaden/autobot/autobot/install/autobot_description/bin'
[1.996s] INFO:colcon.colcon_core.shell:Creating package script '/home/jaden/autobot/autobot/install/autobot_description/share/autobot_description/package.ps1'
[1.997s] INFO:colcon.colcon_core.shell:Creating package descriptor '/home/jaden/autobot/autobot/install/autobot_description/share/autobot_description/package.dsv'
[1.998s] INFO:colcon.colcon_core.shell:Creating package script '/home/jaden/autobot/autobot/install/autobot_description/share/autobot_description/package.sh'
[1.998s] INFO:colcon.colcon_core.shell:Creating package script '/home/jaden/autobot/autobot/install/autobot_description/share/autobot_description/package.bash'
[1.999s] INFO:colcon.colcon_core.shell:Creating package script '/home/jaden/autobot/autobot/install/autobot_description/share/autobot_description/package.zsh'
[1.999s] Level 1:colcon.colcon_core.environment:create_file_with_runtime_dependencies(/home/jaden/autobot/autobot/install/autobot_description/share/colcon-core/packages/autobot_description)
[2.000s] INFO:colcon.colcon_ros.task.ament_cmake.build:Building ROS package in '/home/jaden/autobot/autobot/autobot_gazebo' with build type 'ament_cmake'
[2.000s] INFO:colcon.colcon_cmake.task.cmake.build:Building CMake package in '/home/jaden/autobot/autobot/autobot_gazebo'
[2.002s] INFO:colcon.colcon_core.shell:Skip shell extension 'powershell' for command environment: Not usable outside of PowerShell
[2.002s] DEBUG:colcon.colcon_core.shell:Skip shell extension 'dsv' for command environment
[2.016s] DEBUG:colcon.colcon_core.event_handler.log_command:Invoking command in '/home/jaden/autobot/autobot/build/autobot_gazebo': CMAKE_PREFIX_PATH=/home/jaden/autobot/autobot/install/autobot_description:/home/jaden/autobot/autobot/install/autobot_gazebo:/home/jaden/autobot/install/autobot_gazebo:/home/jaden/autobot/install/autobot_description:/home/jaden/ROS2_TWO_WHEELED_ROBOT/install/dolly:/home/jaden/ROS2_TWO_WHEELED_ROBOT/install/dolly_gazebo:/home/jaden/ROS2_TWO_WHEELED_ROBOT/install/dolly_follow:/home/jaden/ROS2_TWO_WHEELED_ROBOT/install/dolly_drive:/opt/ros/humble /usr/bin/cmake /home/jaden/autobot/autobot/autobot_gazebo -DCMAKE_INSTALL_PREFIX=/home/jaden/autobot/autobot/install/autobot_gazebo
[3.783s] DEBUG:colcon.colcon_core.event_handler.log_command:Invoked command in '/home/jaden/autobot/autobot/build/autobot_gazebo' returned '0': CMAKE_PREFIX_PATH=/home/jaden/autobot/autobot/install/autobot_description:/home/jaden/autobot/autobot/install/autobot_gazebo:/home/jaden/autobot/install/autobot_gazebo:/home/jaden/autobot/install/autobot_description:/home/jaden/ROS2_TWO_WHEELED_ROBOT/install/dolly:/home/jaden/ROS2_TWO_WHEELED_ROBOT/install/dolly_gazebo:/home/jaden/ROS2_TWO_WHEELED_ROBOT/install/dolly_follow:/home/jaden/ROS2_TWO_WHEELED_ROBOT/install/dolly_drive:/opt/ros/humble /usr/bin/cmake /home/jaden/autobot/autobot/autobot_gazebo -DCMAKE_INSTALL_PREFIX=/home/jaden/autobot/autobot/install/autobot_gazebo
[3.784s] DEBUG:colcon.colcon_core.event_handler.log_command:Invoking command in '/home/jaden/autobot/autobot/build/autobot_gazebo': CMAKE_PREFIX_PATH=/home/jaden/autobot/autobot/install/autobot_description:/home/jaden/autobot/autobot/install/autobot_gazebo:/home/jaden/autobot/install/autobot_gazebo:/home/jaden/autobot/install/autobot_description:/home/jaden/ROS2_TWO_WHEELED_ROBOT/install/dolly:/home/jaden/ROS2_TWO_WHEELED_ROBOT/install/dolly_gazebo:/home/jaden/ROS2_TWO_WHEELED_ROBOT/install/dolly_follow:/home/jaden/ROS2_TWO_WHEELED_ROBOT/install/dolly_drive:/opt/ros/humble /usr/bin/cmake --build /home/jaden/autobot/autobot/build/autobot_gazebo -- -j12 -l12
[3.887s] DEBUG:colcon.colcon_core.event_handler.log_command:Invoked command in '/home/jaden/autobot/autobot/build/autobot_gazebo' returned '0': CMAKE_PREFIX_PATH=/home/jaden/autobot/autobot/install/autobot_description:/home/jaden/autobot/autobot/install/autobot_gazebo:/home/jaden/autobot/install/autobot_gazebo:/home/jaden/autobot/install/autobot_description:/home/jaden/ROS2_TWO_WHEELED_ROBOT/install/dolly:/home/jaden/ROS2_TWO_WHEELED_ROBOT/install/dolly_gazebo:/home/jaden/ROS2_TWO_WHEELED_ROBOT/install/dolly_follow:/home/jaden/ROS2_TWO_WHEELED_ROBOT/install/dolly_drive:/opt/ros/humble /usr/bin/cmake --build /home/jaden/autobot/autobot/build/autobot_gazebo -- -j12 -l12
[3.906s] DEBUG:colcon.colcon_core.event_handler.log_command:Invoking command in '/home/jaden/autobot/autobot/build/autobot_gazebo': CMAKE_PREFIX_PATH=/home/jaden/autobot/autobot/install/autobot_description:/home/jaden/autobot/autobot/install/autobot_gazebo:/home/jaden/autobot/install/autobot_gazebo:/home/jaden/autobot/install/autobot_description:/home/jaden/ROS2_TWO_WHEELED_ROBOT/install/dolly:/home/jaden/ROS2_TWO_WHEELED_ROBOT/install/dolly_gazebo:/home/jaden/ROS2_TWO_WHEELED_ROBOT/install/dolly_follow:/home/jaden/ROS2_TWO_WHEELED_ROBOT/install/dolly_drive:/opt/ros/humble /usr/bin/cmake --install /home/jaden/autobot/autobot/build/autobot_gazebo
[3.925s] Level 1:colcon.colcon_core.environment:create_environment_scripts_only(autobot_gazebo)
[3.929s] Level 1:colcon.colcon_core.environment:checking '/home/jaden/autobot/autobot/install/autobot_gazebo' for CMake module files
[3.929s] DEBUG:colcon.colcon_core.event_handler.log_command:Invoked command in '/home/jaden/autobot/autobot/build/autobot_gazebo' returned '0': CMAKE_PREFIX_PATH=/home/jaden/autobot/autobot/install/autobot_description:/home/jaden/autobot/autobot/install/autobot_gazebo:/home/jaden/autobot/install/autobot_gazebo:/home/jaden/autobot/install/autobot_description:/home/jaden/ROS2_TWO_WHEELED_ROBOT/install/dolly:/home/jaden/ROS2_TWO_WHEELED_ROBOT/install/dolly_gazebo:/home/jaden/ROS2_TWO_WHEELED_ROBOT/install/dolly_follow:/home/jaden/ROS2_TWO_WHEELED_ROBOT/install/dolly_drive:/opt/ros/humble /usr/bin/cmake --install /home/jaden/autobot/autobot/build/autobot_gazebo
[3.930s] Level 1:colcon.colcon_core.environment:checking '/home/jaden/autobot/autobot/install/autobot_gazebo' for CMake config files
[3.931s] Level 1:colcon.colcon_core.shell:create_environment_hook('autobot_gazebo', 'cmake_prefix_path')
[3.934s] INFO:colcon.colcon_core.shell:Creating environment hook '/home/jaden/autobot/autobot/install/autobot_gazebo/share/autobot_gazebo/hook/cmake_prefix_path.ps1'
[3.935s] INFO:colcon.colcon_core.shell:Creating environment descriptor '/home/jaden/autobot/autobot/install/autobot_gazebo/share/autobot_gazebo/hook/cmake_prefix_path.dsv'
[3.935s] INFO:colcon.colcon_core.shell:Creating environment hook '/home/jaden/autobot/autobot/install/autobot_gazebo/share/autobot_gazebo/hook/cmake_prefix_path.sh'
[3.936s] Level 1:colcon.colcon_core.environment:checking '/home/jaden/autobot/autobot/install/autobot_gazebo/lib'
[3.937s] Level 1:colcon.colcon_core.environment:checking '/home/jaden/autobot/autobot/install/autobot_gazebo/bin'
[3.937s] Level 1:colcon.colcon_core.environment:checking '/home/jaden/autobot/autobot/install/autobot_gazebo/lib/pkgconfig/autobot_gazebo.pc'
[3.937s] Level 1:colcon.colcon_core.environment:checking '/home/jaden/autobot/autobot/install/autobot_gazebo/lib/python3.10/site-packages'
[3.938s] Level 1:colcon.colcon_core.environment:checking '/home/jaden/autobot/autobot/install/autobot_gazebo/bin'
[3.941s] INFO:colcon.colcon_core.shell:Creating package script '/home/jaden/autobot/autobot/install/autobot_gazebo/share/autobot_gazebo/package.ps1'
[3.942s] INFO:colcon.colcon_core.shell:Creating package descriptor '/home/jaden/autobot/autobot/install/autobot_gazebo/share/autobot_gazebo/package.dsv'
[3.943s] INFO:colcon.colcon_core.shell:Creating package script '/home/jaden/autobot/autobot/install/autobot_gazebo/share/autobot_gazebo/package.sh'
[3.944s] INFO:colcon.colcon_core.shell:Creating package script '/home/jaden/autobot/autobot/install/autobot_gazebo/share/autobot_gazebo/package.bash'
[3.945s] INFO:colcon.colcon_core.shell:Creating package script '/home/jaden/autobot/autobot/install/autobot_gazebo/share/autobot_gazebo/package.zsh'
[3.946s] Level 1:colcon.colcon_core.environment:create_file_with_runtime_dependencies(/home/jaden/autobot/autobot/install/autobot_gazebo/share/colcon-core/packages/autobot_gazebo)
[3.973s] Level 1:colcon.colcon_core.environment:create_environment_scripts_only(autobot_gazebo)
[3.975s] Level 1:colcon.colcon_core.environment:checking '/home/jaden/autobot/autobot/install/autobot_gazebo' for CMake module files
[3.976s] Level 1:colcon.colcon_core.environment:checking '/home/jaden/autobot/autobot/install/autobot_gazebo' for CMake config files
[3.976s] Level 1:colcon.colcon_core.shell:create_environment_hook('autobot_gazebo', 'cmake_prefix_path')
[3.977s] INFO:colcon.colcon_core.shell:Creating environment hook '/home/jaden/autobot/autobot/install/autobot_gazebo/share/autobot_gazebo/hook/cmake_prefix_path.ps1'
[3.978s] INFO:colcon.colcon_core.shell:Creating environment descriptor '/home/jaden/autobot/autobot/install/autobot_gazebo/share/autobot_gazebo/hook/cmake_prefix_path.dsv'
[3.978s] INFO:colcon.colcon_core.shell:Creating environment hook '/home/jaden/autobot/autobot/install/autobot_gazebo/share/autobot_gazebo/hook/cmake_prefix_path.sh'
[3.978s] Level 1:colcon.colcon_core.environment:checking '/home/jaden/autobot/autobot/install/autobot_gazebo/lib'
[3.978s] Level 1:colcon.colcon_core.environment:checking '/home/jaden/autobot/autobot/install/autobot_gazebo/bin'
[3.978s] Level 1:colcon.colcon_core.environment:checking '/home/jaden/autobot/autobot/install/autobot_gazebo/lib/pkgconfig/autobot_gazebo.pc'
[3.979s] Level 1:colcon.colcon_core.environment:checking '/home/jaden/autobot/autobot/install/autobot_gazebo/lib/python3.10/site-packages'
[3.979s] Level 1:colcon.colcon_core.environment:checking '/home/jaden/autobot/autobot/install/autobot_gazebo/bin'
[3.980s] INFO:colcon.colcon_core.shell:Creating package script '/home/jaden/autobot/autobot/install/autobot_gazebo/share/autobot_gazebo/package.ps1'
[3.981s] INFO:colcon.colcon_core.shell:Creating package descriptor '/home/jaden/autobot/autobot/install/autobot_gazebo/share/autobot_gazebo/package.dsv'
[3.981s] INFO:colcon.colcon_core.shell:Creating package script '/home/jaden/autobot/autobot/install/autobot_gazebo/share/autobot_gazebo/package.sh'
[3.981s] INFO:colcon.colcon_core.shell:Creating package script '/home/jaden/autobot/autobot/install/autobot_gazebo/share/autobot_gazebo/package.bash'
[3.982s] INFO:colcon.colcon_core.shell:Creating package script '/home/jaden/autobot/autobot/install/autobot_gazebo/share/autobot_gazebo/package.zsh'
[3.982s] Level 1:colcon.colcon_core.environment:create_file_with_runtime_dependencies(/home/jaden/autobot/autobot/install/autobot_gazebo/share/colcon-core/packages/autobot_gazebo)
[3.982s] DEBUG:colcon.colcon_parallel_executor.executor.parallel:closing loop
[3.982s] DEBUG:colcon.colcon_parallel_executor.executor.parallel:loop closed
[3.982s] DEBUG:colcon.colcon_parallel_executor.executor.parallel:run_until_complete finished with '0'
[3.983s] DEBUG:colcon.colcon_core.event_reactor:joining thread
[3.988s] INFO:colcon.colcon_core.plugin_system:Skipping extension 'colcon_notification.desktop_notification.terminal_notifier': Not used on non-Darwin systems
[3.988s] INFO:colcon.colcon_core.plugin_system:Skipping extension 'colcon_notification.desktop_notification.win32': Not used on non-Windows systems
[3.988s] INFO:colcon.colcon_notification.desktop_notification:Sending desktop notification using 'notify2'
[4.002s] DEBUG:colcon.colcon_core.event_reactor:joined thread
[4.004s] INFO:colcon.colcon_core.shell:Creating prefix script '/home/jaden/autobot/autobot/install/local_setup.ps1'
[4.005s] INFO:colcon.colcon_core.shell:Creating prefix util module '/home/jaden/autobot/autobot/install/_local_setup_util_ps1.py'
[4.007s] INFO:colcon.colcon_core.shell:Creating prefix chain script '/home/jaden/autobot/autobot/install/setup.ps1'
[4.009s] INFO:colcon.colcon_core.shell:Creating prefix script '/home/jaden/autobot/autobot/install/local_setup.sh'
[4.009s] INFO:colcon.colcon_core.shell:Creating prefix util module '/home/jaden/autobot/autobot/install/_local_setup_util_sh.py'
[4.010s] INFO:colcon.colcon_core.shell:Creating prefix chain script '/home/jaden/autobot/autobot/install/setup.sh'
[4.012s] INFO:colcon.colcon_core.shell:Creating prefix script '/home/jaden/autobot/autobot/install/local_setup.bash'
[4.012s] INFO:colcon.colcon_core.shell:Creating prefix chain script '/home/jaden/autobot/autobot/install/setup.bash'
[4.014s] INFO:colcon.colcon_core.shell:Creating prefix script '/home/jaden/autobot/autobot/install/local_setup.zsh'
[4.014s] INFO:colcon.colcon_core.shell:Creating prefix chain script '/home/jaden/autobot/autobot/install/setup.zsh'
