[0.276s] DEBUG:colcon:Command line arguments: ['/usr/bin/colcon', 'build', '--symlink-install']
[0.276s] DEBUG:colcon:Parsed command line arguments: Namespace(log_base=None, log_level=None, verb_name='build', build_base='build', install_base='install', merge_install=False, symlink_install=True, test_result_base=None, continue_on_error=False, executor='parallel', parallel_workers=12, event_handlers=None, ignore_user_meta=False, metas=['./colcon.meta'], base_paths=['.'], packages_ignore=None, packages_ignore_regex=None, paths=None, packages_up_to=None, packages_up_to_regex=None, packages_above=None, packages_above_and_dependencies=None, packages_above_depth=None, packages_select_by_dep=None, packages_skip_by_dep=None, packages_skip_up_to=None, packages_select_build_failed=False, packages_skip_build_finished=False, packages_select_test_failures=False, packages_skip_test_passed=False, packages_select=None, packages_skip=None, packages_select_regex=None, packages_skip_regex=None, packages_start=None, packages_end=None, allow_overriding=[], cmake_args=None, cmake_target=None, cmake_target_skip_unavailable=False, cmake_clean_cache=False, cmake_clean_first=False, cmake_force_configure=False, ament_cmake_args=None, catkin_cmake_args=None, catkin_skip_building_tests=False, verb_parser=<colcon_defaults.argument_parser.defaults.DefaultArgumentsDecorator object at 0x7f1d19d21d20>, verb_extension=<colcon_core.verb.build.BuildVerb object at 0x7f1d1a68bc10>, main=<bound method BuildVerb.main of <colcon_core.verb.build.BuildVerb object at 0x7f1d1a68bc10>>)
[0.294s] Level 1:colcon.colcon_core.package_discovery:discover_packages(colcon_meta) check parameters
[0.294s] Level 1:colcon.colcon_core.package_discovery:discover_packages(recursive) check parameters
[0.294s] Level 1:colcon.colcon_core.package_discovery:discover_packages(ignore) check parameters
[0.294s] Level 1:colcon.colcon_core.package_discovery:discover_packages(path) check parameters
[0.294s] Level 1:colcon.colcon_core.package_discovery:discover_packages(colcon_meta) discover
[0.294s] Level 1:colcon.colcon_core.package_discovery:discover_packages(recursive) discover
[0.294s] INFO:colcon.colcon_core.package_discovery:Crawling recursively for packages in '/home/jaden/autobot/autobot'
[0.294s] Level 1:colcon.colcon_core.package_identification:_identify(.) by extensions ['ignore', 'ignore_ament_install']
[0.294s] Level 1:colcon.colcon_core.package_identification:_identify(.) by extension 'ignore'
[0.294s] Level 1:colcon.colcon_core.package_identification:_identify(.) by extension 'ignore_ament_install'
[0.294s] Level 1:colcon.colcon_core.package_identification:_identify(.) by extensions ['colcon_pkg']
[0.294s] Level 1:colcon.colcon_core.package_identification:_identify(.) by extension 'colcon_pkg'
[0.294s] Level 1:colcon.colcon_core.package_identification:_identify(.) by extensions ['colcon_meta']
[0.294s] Level 1:colcon.colcon_core.package_identification:_identify(.) by extension 'colcon_meta'
[0.294s] Level 1:colcon.colcon_core.package_identification:_identify(.) by extensions ['ros']
[0.294s] Level 1:colcon.colcon_core.package_identification:_identify(.) by extension 'ros'
[0.311s] Level 1:colcon.colcon_core.package_identification:_identify(.) by extensions ['cmake', 'python']
[0.311s] Level 1:colcon.colcon_core.package_identification:_identify(.) by extension 'cmake'
[0.311s] Level 1:colcon.colcon_core.package_identification:_identify(.) by extension 'python'
[0.311s] Level 1:colcon.colcon_core.package_identification:_identify(.) by extensions ['python_setup_py']
[0.311s] Level 1:colcon.colcon_core.package_identification:_identify(.) by extension 'python_setup_py'
[0.311s] Level 1:colcon.colcon_core.package_identification:_identify(autobot_description) by extensions ['ignore', 'ignore_ament_install']
[0.312s] Level 1:colcon.colcon_core.package_identification:_identify(autobot_description) by extension 'ignore'
[0.312s] Level 1:colcon.colcon_core.package_identification:_identify(autobot_description) by extension 'ignore_ament_install'
[0.312s] Level 1:colcon.colcon_core.package_identification:_identify(autobot_description) by extensions ['colcon_pkg']
[0.312s] Level 1:colcon.colcon_core.package_identification:_identify(autobot_description) by extension 'colcon_pkg'
[0.312s] Level 1:colcon.colcon_core.package_identification:_identify(autobot_description) by extensions ['colcon_meta']
[0.312s] Level 1:colcon.colcon_core.package_identification:_identify(autobot_description) by extension 'colcon_meta'
[0.312s] Level 1:colcon.colcon_core.package_identification:_identify(autobot_description) by extensions ['ros']
[0.312s] Level 1:colcon.colcon_core.package_identification:_identify(autobot_description) by extension 'ros'
[0.314s] DEBUG:colcon.colcon_core.package_identification:Package 'autobot_description' with type 'ros.ament_cmake' and name 'autobot_description'
[0.314s] Level 1:colcon.colcon_core.package_identification:_identify(autobot_gazebo) by extensions ['ignore', 'ignore_ament_install']
[0.315s] Level 1:colcon.colcon_core.package_identification:_identify(autobot_gazebo) by extension 'ignore'
[0.315s] Level 1:colcon.colcon_core.package_identification:_identify(autobot_gazebo) by extension 'ignore_ament_install'
[0.315s] Level 1:colcon.colcon_core.package_identification:_identify(autobot_gazebo) by extensions ['colcon_pkg']
[0.315s] Level 1:colcon.colcon_core.package_identification:_identify(autobot_gazebo) by extension 'colcon_pkg'
[0.315s] Level 1:colcon.colcon_core.package_identification:_identify(autobot_gazebo) by extensions ['colcon_meta']
[0.315s] Level 1:colcon.colcon_core.package_identification:_identify(autobot_gazebo) by extension 'colcon_meta'
[0.315s] Level 1:colcon.colcon_core.package_identification:_identify(autobot_gazebo) by extensions ['ros']
[0.315s] Level 1:colcon.colcon_core.package_identification:_identify(autobot_gazebo) by extension 'ros'
[0.316s] DEBUG:colcon.colcon_core.package_identification:Package 'autobot_gazebo' with type 'ros.ament_cmake' and name 'autobot_gazebo'
[0.316s] Level 1:colcon.colcon_core.package_identification:_identify(build) by extensions ['ignore', 'ignore_ament_install']
[0.316s] Level 1:colcon.colcon_core.package_identification:_identify(build) by extension 'ignore'
[0.316s] Level 1:colcon.colcon_core.package_identification:_identify(build) ignored
[0.316s] Level 1:colcon.colcon_core.package_identification:_identify(install) by extensions ['ignore', 'ignore_ament_install']
[0.316s] Level 1:colcon.colcon_core.package_identification:_identify(install) by extension 'ignore'
[0.316s] Level 1:colcon.colcon_core.package_identification:_identify(install) ignored
[0.316s] Level 1:colcon.colcon_core.package_identification:_identify(log) by extensions ['ignore', 'ignore_ament_install']
[0.316s] Level 1:colcon.colcon_core.package_identification:_identify(log) by extension 'ignore'
[0.316s] Level 1:colcon.colcon_core.package_identification:_identify(log) ignored
[0.316s] Level 1:colcon.colcon_core.package_discovery:discover_packages(recursive) using defaults
[0.316s] Level 1:colcon.colcon_core.package_discovery:discover_packages(ignore) discover
[0.316s] Level 1:colcon.colcon_core.package_discovery:discover_packages(ignore) using defaults
[0.316s] Level 1:colcon.colcon_core.package_discovery:discover_packages(path) discover
[0.316s] Level 1:colcon.colcon_core.package_discovery:discover_packages(path) using defaults
[0.338s] Level 1:colcon.colcon_core.package_discovery:discover_packages(prefix_path) check parameters
[0.338s] Level 1:colcon.colcon_core.package_discovery:discover_packages(prefix_path) discover
[0.340s] DEBUG:colcon.colcon_installed_package_information.package_discovery:Found 2 installed packages in /home/jaden/autobot/autobot/install
[0.341s] DEBUG:colcon.colcon_installed_package_information.package_discovery:Found 2 installed packages in /home/jaden/autobot/install
[0.342s] DEBUG:colcon.colcon_installed_package_information.package_discovery:Found 4 installed packages in /home/jaden/ROS2_TWO_WHEELED_ROBOT/install
[0.343s] DEBUG:colcon.colcon_installed_package_information.package_discovery:Found 278 installed packages in /opt/ros/humble
[0.345s] Level 1:colcon.colcon_core.package_discovery:discover_packages(prefix_path) using defaults
[0.402s] Level 5:colcon.colcon_core.verb:set package 'autobot_description' build argument 'cmake_args' from command line to 'None'
[0.402s] Level 5:colcon.colcon_core.verb:set package 'autobot_description' build argument 'cmake_target' from command line to 'None'
[0.402s] Level 5:colcon.colcon_core.verb:set package 'autobot_description' build argument 'cmake_target_skip_unavailable' from command line to 'False'
[0.402s] Level 5:colcon.colcon_core.verb:set package 'autobot_description' build argument 'cmake_clean_cache' from command line to 'False'
[0.402s] Level 5:colcon.colcon_core.verb:set package 'autobot_description' build argument 'cmake_clean_first' from command line to 'False'
[0.402s] Level 5:colcon.colcon_core.verb:set package 'autobot_description' build argument 'cmake_force_configure' from command line to 'False'
[0.402s] Level 5:colcon.colcon_core.verb:set package 'autobot_description' build argument 'ament_cmake_args' from command line to 'None'
[0.402s] Level 5:colcon.colcon_core.verb:set package 'autobot_description' build argument 'catkin_cmake_args' from command line to 'None'
[0.402s] Level 5:colcon.colcon_core.verb:set package 'autobot_description' build argument 'catkin_skip_building_tests' from command line to 'False'
[0.402s] DEBUG:colcon.colcon_core.verb:Building package 'autobot_description' with the following arguments: {'ament_cmake_args': None, 'build_base': '/home/jaden/autobot/autobot/build/autobot_description', 'catkin_cmake_args': None, 'catkin_skip_building_tests': False, 'cmake_args': None, 'cmake_clean_cache': False, 'cmake_clean_first': False, 'cmake_force_configure': False, 'cmake_target': None, 'cmake_target_skip_unavailable': False, 'install_base': '/home/jaden/autobot/autobot/install/autobot_description', 'merge_install': False, 'path': '/home/jaden/autobot/autobot/autobot_description', 'symlink_install': True, 'test_result_base': None}
[0.403s] Level 5:colcon.colcon_core.verb:set package 'autobot_gazebo' build argument 'cmake_args' from command line to 'None'
[0.403s] Level 5:colcon.colcon_core.verb:set package 'autobot_gazebo' build argument 'cmake_target' from command line to 'None'
[0.403s] Level 5:colcon.colcon_core.verb:set package 'autobot_gazebo' build argument 'cmake_target_skip_unavailable' from command line to 'False'
[0.403s] Level 5:colcon.colcon_core.verb:set package 'autobot_gazebo' build argument 'cmake_clean_cache' from command line to 'False'
[0.403s] Level 5:colcon.colcon_core.verb:set package 'autobot_gazebo' build argument 'cmake_clean_first' from command line to 'False'
[0.403s] Level 5:colcon.colcon_core.verb:set package 'autobot_gazebo' build argument 'cmake_force_configure' from command line to 'False'
[0.403s] Level 5:colcon.colcon_core.verb:set package 'autobot_gazebo' build argument 'ament_cmake_args' from command line to 'None'
[0.403s] Level 5:colcon.colcon_core.verb:set package 'autobot_gazebo' build argument 'catkin_cmake_args' from command line to 'None'
[0.403s] Level 5:colcon.colcon_core.verb:set package 'autobot_gazebo' build argument 'catkin_skip_building_tests' from command line to 'False'
[0.403s] DEBUG:colcon.colcon_core.verb:Building package 'autobot_gazebo' with the following arguments: {'ament_cmake_args': None, 'build_base': '/home/jaden/autobot/autobot/build/autobot_gazebo', 'catkin_cmake_args': None, 'catkin_skip_building_tests': False, 'cmake_args': None, 'cmake_clean_cache': False, 'cmake_clean_first': False, 'cmake_force_configure': False, 'cmake_target': None, 'cmake_target_skip_unavailable': False, 'install_base': '/home/jaden/autobot/autobot/install/autobot_gazebo', 'merge_install': False, 'path': '/home/jaden/autobot/autobot/autobot_gazebo', 'symlink_install': True, 'test_result_base': None}
[0.404s] INFO:colcon.colcon_core.executor:Executing jobs using 'parallel' executor
[0.408s] DEBUG:colcon.colcon_parallel_executor.executor.parallel:run_until_complete
[0.408s] INFO:colcon.colcon_ros.task.ament_cmake.build:Building ROS package in '/home/jaden/autobot/autobot/autobot_description' with build type 'ament_cmake'
[0.408s] INFO:colcon.colcon_cmake.task.cmake.build:Building CMake package in '/home/jaden/autobot/autobot/autobot_description'
[0.412s] INFO:colcon.colcon_core.plugin_system:Skipping extension 'colcon_core.shell.bat': Not used on non-Windows systems
[0.412s] INFO:colcon.colcon_core.shell:Skip shell extension 'powershell' for command environment: Not usable outside of PowerShell
[0.412s] DEBUG:colcon.colcon_core.shell:Skip shell extension 'dsv' for command environment
[0.428s] DEBUG:colcon.colcon_core.event_handler.log_command:Invoking command in '/home/jaden/autobot/autobot/build/autobot_description': CMAKE_PREFIX_PATH=${CMAKE_PREFIX_PATH}:/opt/ros/humble /usr/bin/cmake --build /home/jaden/autobot/autobot/build/autobot_description -- -j12 -l12
[0.468s] DEBUG:colcon.colcon_core.event_handler.log_command:Invoked command in '/home/jaden/autobot/autobot/build/autobot_description' returned '0': CMAKE_PREFIX_PATH=${CMAKE_PREFIX_PATH}:/opt/ros/humble /usr/bin/cmake --build /home/jaden/autobot/autobot/build/autobot_description -- -j12 -l12
[0.494s] DEBUG:colcon.colcon_core.event_handler.log_command:Invoking command in '/home/jaden/autobot/autobot/build/autobot_description': CMAKE_PREFIX_PATH=${CMAKE_PREFIX_PATH}:/opt/ros/humble /usr/bin/cmake --install /home/jaden/autobot/autobot/build/autobot_description
[0.512s] Level 1:colcon.colcon_core.environment:create_environment_scripts_only(autobot_description)
[0.513s] DEBUG:colcon.colcon_core.event_handler.log_command:Invoked command in '/home/jaden/autobot/autobot/build/autobot_description' returned '0': CMAKE_PREFIX_PATH=${CMAKE_PREFIX_PATH}:/opt/ros/humble /usr/bin/cmake --install /home/jaden/autobot/autobot/build/autobot_description
[0.518s] Level 1:colcon.colcon_core.environment:checking '/home/jaden/autobot/autobot/install/autobot_description' for CMake module files
[0.519s] Level 1:colcon.colcon_core.environment:checking '/home/jaden/autobot/autobot/install/autobot_description' for CMake config files
[0.519s] Level 1:colcon.colcon_core.shell:create_environment_hook('autobot_description', 'cmake_prefix_path')
[0.521s] INFO:colcon.colcon_core.shell:Creating environment hook '/home/jaden/autobot/autobot/install/autobot_description/share/autobot_description/hook/cmake_prefix_path.ps1'
[0.521s] INFO:colcon.colcon_core.shell:Creating environment descriptor '/home/jaden/autobot/autobot/install/autobot_description/share/autobot_description/hook/cmake_prefix_path.dsv'
[0.522s] INFO:colcon.colcon_core.shell:Creating environment hook '/home/jaden/autobot/autobot/install/autobot_description/share/autobot_description/hook/cmake_prefix_path.sh'
[0.523s] Level 1:colcon.colcon_core.environment:checking '/home/jaden/autobot/autobot/install/autobot_description/lib'
[0.523s] Level 1:colcon.colcon_core.environment:checking '/home/jaden/autobot/autobot/install/autobot_description/bin'
[0.523s] Level 1:colcon.colcon_core.environment:checking '/home/jaden/autobot/autobot/install/autobot_description/lib/pkgconfig/autobot_description.pc'
[0.523s] Level 1:colcon.colcon_core.environment:checking '/home/jaden/autobot/autobot/install/autobot_description/lib/python3.10/site-packages'
[0.523s] Level 1:colcon.colcon_core.environment:checking '/home/jaden/autobot/autobot/install/autobot_description/bin'
[0.525s] INFO:colcon.colcon_core.shell:Creating package script '/home/jaden/autobot/autobot/install/autobot_description/share/autobot_description/package.ps1'
[0.526s] INFO:colcon.colcon_core.shell:Creating package descriptor '/home/jaden/autobot/autobot/install/autobot_description/share/autobot_description/package.dsv'
[0.527s] INFO:colcon.colcon_core.shell:Creating package script '/home/jaden/autobot/autobot/install/autobot_description/share/autobot_description/package.sh'
[0.527s] INFO:colcon.colcon_core.shell:Creating package script '/home/jaden/autobot/autobot/install/autobot_description/share/autobot_description/package.bash'
[0.528s] INFO:colcon.colcon_core.shell:Creating package script '/home/jaden/autobot/autobot/install/autobot_description/share/autobot_description/package.zsh'
[0.529s] Level 1:colcon.colcon_core.environment:create_file_with_runtime_dependencies(/home/jaden/autobot/autobot/install/autobot_description/share/colcon-core/packages/autobot_description)
[0.546s] Level 1:colcon.colcon_core.environment:create_environment_scripts_only(autobot_description)
[0.548s] Level 1:colcon.colcon_core.environment:checking '/home/jaden/autobot/autobot/install/autobot_description' for CMake module files
[0.548s] Level 1:colcon.colcon_core.environment:checking '/home/jaden/autobot/autobot/install/autobot_description' for CMake config files
[0.548s] Level 1:colcon.colcon_core.shell:create_environment_hook('autobot_description', 'cmake_prefix_path')
[0.550s] INFO:colcon.colcon_core.shell:Creating environment hook '/home/jaden/autobot/autobot/install/autobot_description/share/autobot_description/hook/cmake_prefix_path.ps1'
[0.550s] INFO:colcon.colcon_core.shell:Creating environment descriptor '/home/jaden/autobot/autobot/install/autobot_description/share/autobot_description/hook/cmake_prefix_path.dsv'
[0.550s] INFO:colcon.colcon_core.shell:Creating environment hook '/home/jaden/autobot/autobot/install/autobot_description/share/autobot_description/hook/cmake_prefix_path.sh'
[0.551s] Level 1:colcon.colcon_core.environment:checking '/home/jaden/autobot/autobot/install/autobot_description/lib'
[0.551s] Level 1:colcon.colcon_core.environment:checking '/home/jaden/autobot/autobot/install/autobot_description/bin'
[0.551s] Level 1:colcon.colcon_core.environment:checking '/home/jaden/autobot/autobot/install/autobot_description/lib/pkgconfig/autobot_description.pc'
[0.551s] Level 1:colcon.colcon_core.environment:checking '/home/jaden/autobot/autobot/install/autobot_description/lib/python3.10/site-packages'
[0.551s] Level 1:colcon.colcon_core.environment:checking '/home/jaden/autobot/autobot/install/autobot_description/bin'
[0.553s] INFO:colcon.colcon_core.shell:Creating package script '/home/jaden/autobot/autobot/install/autobot_description/share/autobot_description/package.ps1'
[0.553s] INFO:colcon.colcon_core.shell:Creating package descriptor '/home/jaden/autobot/autobot/install/autobot_description/share/autobot_description/package.dsv'
[0.554s] INFO:colcon.colcon_core.shell:Creating package script '/home/jaden/autobot/autobot/install/autobot_description/share/autobot_description/package.sh'
[0.554s] INFO:colcon.colcon_core.shell:Creating package script '/home/jaden/autobot/autobot/install/autobot_description/share/autobot_description/package.bash'
[0.554s] INFO:colcon.colcon_core.shell:Creating package script '/home/jaden/autobot/autobot/install/autobot_description/share/autobot_description/package.zsh'
[0.554s] Level 1:colcon.colcon_core.environment:create_file_with_runtime_dependencies(/home/jaden/autobot/autobot/install/autobot_description/share/colcon-core/packages/autobot_description)
[0.555s] INFO:colcon.colcon_ros.task.ament_cmake.build:Building ROS package in '/home/jaden/autobot/autobot/autobot_gazebo' with build type 'ament_cmake'
[0.555s] INFO:colcon.colcon_cmake.task.cmake.build:Building CMake package in '/home/jaden/autobot/autobot/autobot_gazebo'
[0.556s] INFO:colcon.colcon_core.shell:Skip shell extension 'powershell' for command environment: Not usable outside of PowerShell
[0.556s] DEBUG:colcon.colcon_core.shell:Skip shell extension 'dsv' for command environment
[0.569s] DEBUG:colcon.colcon_core.event_handler.log_command:Invoking command in '/home/jaden/autobot/autobot/build/autobot_gazebo': CMAKE_PREFIX_PATH=/home/jaden/autobot/autobot/install/autobot_description:/home/jaden/autobot/autobot/install/autobot_gazebo:/home/jaden/autobot/install/autobot_gazebo:/home/jaden/autobot/install/autobot_description:/home/jaden/ROS2_TWO_WHEELED_ROBOT/install/dolly:/home/jaden/ROS2_TWO_WHEELED_ROBOT/install/dolly_gazebo:/home/jaden/ROS2_TWO_WHEELED_ROBOT/install/dolly_follow:/home/jaden/ROS2_TWO_WHEELED_ROBOT/install/dolly_drive:/opt/ros/humble /usr/bin/cmake --build /home/jaden/autobot/autobot/build/autobot_gazebo -- -j12 -l12
[0.635s] DEBUG:colcon.colcon_core.event_handler.log_command:Invoked command in '/home/jaden/autobot/autobot/build/autobot_gazebo' returned '0': CMAKE_PREFIX_PATH=/home/jaden/autobot/autobot/install/autobot_description:/home/jaden/autobot/autobot/install/autobot_gazebo:/home/jaden/autobot/install/autobot_gazebo:/home/jaden/autobot/install/autobot_description:/home/jaden/ROS2_TWO_WHEELED_ROBOT/install/dolly:/home/jaden/ROS2_TWO_WHEELED_ROBOT/install/dolly_gazebo:/home/jaden/ROS2_TWO_WHEELED_ROBOT/install/dolly_follow:/home/jaden/ROS2_TWO_WHEELED_ROBOT/install/dolly_drive:/opt/ros/humble /usr/bin/cmake --build /home/jaden/autobot/autobot/build/autobot_gazebo -- -j12 -l12
[0.656s] DEBUG:colcon.colcon_core.event_handler.log_command:Invoking command in '/home/jaden/autobot/autobot/build/autobot_gazebo': CMAKE_PREFIX_PATH=/home/jaden/autobot/autobot/install/autobot_description:/home/jaden/autobot/autobot/install/autobot_gazebo:/home/jaden/autobot/install/autobot_gazebo:/home/jaden/autobot/install/autobot_description:/home/jaden/ROS2_TWO_WHEELED_ROBOT/install/dolly:/home/jaden/ROS2_TWO_WHEELED_ROBOT/install/dolly_gazebo:/home/jaden/ROS2_TWO_WHEELED_ROBOT/install/dolly_follow:/home/jaden/ROS2_TWO_WHEELED_ROBOT/install/dolly_drive:/opt/ros/humble /usr/bin/cmake --install /home/jaden/autobot/autobot/build/autobot_gazebo
[0.675s] Level 1:colcon.colcon_core.environment:create_environment_scripts_only(autobot_gazebo)
[0.677s] Level 1:colcon.colcon_core.environment:checking '/home/jaden/autobot/autobot/install/autobot_gazebo' for CMake module files
[0.678s] DEBUG:colcon.colcon_core.event_handler.log_command:Invoked command in '/home/jaden/autobot/autobot/build/autobot_gazebo' returned '0': CMAKE_PREFIX_PATH=/home/jaden/autobot/autobot/install/autobot_description:/home/jaden/autobot/autobot/install/autobot_gazebo:/home/jaden/autobot/install/autobot_gazebo:/home/jaden/autobot/install/autobot_description:/home/jaden/ROS2_TWO_WHEELED_ROBOT/install/dolly:/home/jaden/ROS2_TWO_WHEELED_ROBOT/install/dolly_gazebo:/home/jaden/ROS2_TWO_WHEELED_ROBOT/install/dolly_follow:/home/jaden/ROS2_TWO_WHEELED_ROBOT/install/dolly_drive:/opt/ros/humble /usr/bin/cmake --install /home/jaden/autobot/autobot/build/autobot_gazebo
[0.678s] Level 1:colcon.colcon_core.environment:checking '/home/jaden/autobot/autobot/install/autobot_gazebo' for CMake config files
[0.678s] Level 1:colcon.colcon_core.shell:create_environment_hook('autobot_gazebo', 'cmake_prefix_path')
[0.679s] INFO:colcon.colcon_core.shell:Creating environment hook '/home/jaden/autobot/autobot/install/autobot_gazebo/share/autobot_gazebo/hook/cmake_prefix_path.ps1'
[0.680s] INFO:colcon.colcon_core.shell:Creating environment descriptor '/home/jaden/autobot/autobot/install/autobot_gazebo/share/autobot_gazebo/hook/cmake_prefix_path.dsv'
[0.680s] INFO:colcon.colcon_core.shell:Creating environment hook '/home/jaden/autobot/autobot/install/autobot_gazebo/share/autobot_gazebo/hook/cmake_prefix_path.sh'
[0.681s] Level 1:colcon.colcon_core.environment:checking '/home/jaden/autobot/autobot/install/autobot_gazebo/lib'
[0.681s] Level 1:colcon.colcon_core.environment:checking '/home/jaden/autobot/autobot/install/autobot_gazebo/bin'
[0.681s] Level 1:colcon.colcon_core.environment:checking '/home/jaden/autobot/autobot/install/autobot_gazebo/lib/pkgconfig/autobot_gazebo.pc'
[0.681s] Level 1:colcon.colcon_core.environment:checking '/home/jaden/autobot/autobot/install/autobot_gazebo/lib/python3.10/site-packages'
[0.681s] Level 1:colcon.colcon_core.environment:checking '/home/jaden/autobot/autobot/install/autobot_gazebo/bin'
[0.682s] INFO:colcon.colcon_core.shell:Creating package script '/home/jaden/autobot/autobot/install/autobot_gazebo/share/autobot_gazebo/package.ps1'
[0.683s] INFO:colcon.colcon_core.shell:Creating package descriptor '/home/jaden/autobot/autobot/install/autobot_gazebo/share/autobot_gazebo/package.dsv'
[0.683s] INFO:colcon.colcon_core.shell:Creating package script '/home/jaden/autobot/autobot/install/autobot_gazebo/share/autobot_gazebo/package.sh'
[0.683s] INFO:colcon.colcon_core.shell:Creating package script '/home/jaden/autobot/autobot/install/autobot_gazebo/share/autobot_gazebo/package.bash'
[0.683s] INFO:colcon.colcon_core.shell:Creating package script '/home/jaden/autobot/autobot/install/autobot_gazebo/share/autobot_gazebo/package.zsh'
[0.684s] Level 1:colcon.colcon_core.environment:create_file_with_runtime_dependencies(/home/jaden/autobot/autobot/install/autobot_gazebo/share/colcon-core/packages/autobot_gazebo)
[0.704s] Level 1:colcon.colcon_core.environment:create_environment_scripts_only(autobot_gazebo)
[0.706s] Level 1:colcon.colcon_core.environment:checking '/home/jaden/autobot/autobot/install/autobot_gazebo' for CMake module files
[0.706s] Level 1:colcon.colcon_core.environment:checking '/home/jaden/autobot/autobot/install/autobot_gazebo' for CMake config files
[0.707s] Level 1:colcon.colcon_core.shell:create_environment_hook('autobot_gazebo', 'cmake_prefix_path')
[0.708s] INFO:colcon.colcon_core.shell:Creating environment hook '/home/jaden/autobot/autobot/install/autobot_gazebo/share/autobot_gazebo/hook/cmake_prefix_path.ps1'
[0.708s] INFO:colcon.colcon_core.shell:Creating environment descriptor '/home/jaden/autobot/autobot/install/autobot_gazebo/share/autobot_gazebo/hook/cmake_prefix_path.dsv'
[0.708s] INFO:colcon.colcon_core.shell:Creating environment hook '/home/jaden/autobot/autobot/install/autobot_gazebo/share/autobot_gazebo/hook/cmake_prefix_path.sh'
[0.709s] Level 1:colcon.colcon_core.environment:checking '/home/jaden/autobot/autobot/install/autobot_gazebo/lib'
[0.709s] Level 1:colcon.colcon_core.environment:checking '/home/jaden/autobot/autobot/install/autobot_gazebo/bin'
[0.709s] Level 1:colcon.colcon_core.environment:checking '/home/jaden/autobot/autobot/install/autobot_gazebo/lib/pkgconfig/autobot_gazebo.pc'
[0.709s] Level 1:colcon.colcon_core.environment:checking '/home/jaden/autobot/autobot/install/autobot_gazebo/lib/python3.10/site-packages'
[0.709s] Level 1:colcon.colcon_core.environment:checking '/home/jaden/autobot/autobot/install/autobot_gazebo/bin'
[0.711s] INFO:colcon.colcon_core.shell:Creating package script '/home/jaden/autobot/autobot/install/autobot_gazebo/share/autobot_gazebo/package.ps1'
[0.711s] INFO:colcon.colcon_core.shell:Creating package descriptor '/home/jaden/autobot/autobot/install/autobot_gazebo/share/autobot_gazebo/package.dsv'
[0.712s] INFO:colcon.colcon_core.shell:Creating package script '/home/jaden/autobot/autobot/install/autobot_gazebo/share/autobot_gazebo/package.sh'
[0.712s] INFO:colcon.colcon_core.shell:Creating package script '/home/jaden/autobot/autobot/install/autobot_gazebo/share/autobot_gazebo/package.bash'
[0.713s] INFO:colcon.colcon_core.shell:Creating package script '/home/jaden/autobot/autobot/install/autobot_gazebo/share/autobot_gazebo/package.zsh'
[0.713s] Level 1:colcon.colcon_core.environment:create_file_with_runtime_dependencies(/home/jaden/autobot/autobot/install/autobot_gazebo/share/colcon-core/packages/autobot_gazebo)
[0.713s] DEBUG:colcon.colcon_parallel_executor.executor.parallel:closing loop
[0.714s] DEBUG:colcon.colcon_parallel_executor.executor.parallel:loop closed
[0.714s] DEBUG:colcon.colcon_parallel_executor.executor.parallel:run_until_complete finished with '0'
[0.714s] DEBUG:colcon.colcon_core.event_reactor:joining thread
[0.721s] INFO:colcon.colcon_core.plugin_system:Skipping extension 'colcon_notification.desktop_notification.terminal_notifier': Not used on non-Darwin systems
[0.721s] INFO:colcon.colcon_core.plugin_system:Skipping extension 'colcon_notification.desktop_notification.win32': Not used on non-Windows systems
[0.721s] INFO:colcon.colcon_notification.desktop_notification:Sending desktop notification using 'notify2'
[0.733s] DEBUG:colcon.colcon_core.event_reactor:joined thread
[0.735s] INFO:colcon.colcon_core.shell:Creating prefix script '/home/jaden/autobot/autobot/install/local_setup.ps1'
[0.736s] INFO:colcon.colcon_core.shell:Creating prefix util module '/home/jaden/autobot/autobot/install/_local_setup_util_ps1.py'
[0.738s] INFO:colcon.colcon_core.shell:Creating prefix chain script '/home/jaden/autobot/autobot/install/setup.ps1'
[0.740s] INFO:colcon.colcon_core.shell:Creating prefix script '/home/jaden/autobot/autobot/install/local_setup.sh'
[0.740s] INFO:colcon.colcon_core.shell:Creating prefix util module '/home/jaden/autobot/autobot/install/_local_setup_util_sh.py'
[0.741s] INFO:colcon.colcon_core.shell:Creating prefix chain script '/home/jaden/autobot/autobot/install/setup.sh'
[0.743s] INFO:colcon.colcon_core.shell:Creating prefix script '/home/jaden/autobot/autobot/install/local_setup.bash'
[0.743s] INFO:colcon.colcon_core.shell:Creating prefix chain script '/home/jaden/autobot/autobot/install/setup.bash'
[0.746s] INFO:colcon.colcon_core.shell:Creating prefix script '/home/jaden/autobot/autobot/install/local_setup.zsh'
[0.746s] INFO:colcon.colcon_core.shell:Creating prefix chain script '/home/jaden/autobot/autobot/install/setup.zsh'
